Defoe Dziennik roku dzumy
Defoe Robinson Crusoe
Lewis Opowiesci z Narni
Rowling Harry Potter
Rowling Harry Potter Kamien
Rowling Harry Potter Komnata
Sienkiewcz Quo vadis
Sienkiewcz W pustyni i w puszczy
Tolkien Hobbit
Tolkien Wladca Pierscieni
Twain Ksiaze i zebrak
Twain Przygody Tomka Sawyera
Twain Przygody TomkaaSawyera
3 Hobbit
Twain Ksiaze i zebrak
Twain Przygody Tomka Sawyera
Twain Przygody TomkaaSawyera
Tolkien Wladca Pierscieni
Tolkien Hobbit
Defoe Dziennik roku dzumy
Defoe Robinson Crusoe
Rowling Harry Potter
Rowling Harry Potter Komnata
Rowling Harry Potter Kamien
Sienkiewcz W pustyni i w puszczy
Sienkiewcz Quo vadis
Lewis Opowiesci z Narni
3 Dziennik roku dzumy
Twain Przygody Tomka Sawyera
Twain Przygody TomkaaSawyera
Twain Ksiaze i zebrak
Tolkien Wladca Pierscieni
Tolkien Hobbit
Sienkiewcz W pustyni i w puszczy
Sienkiewcz Quo vadis
Rowling Harry Potter
Rowling Harry Potter Komnata
Rowling Harry Potter Kamien
Lewis Opowiesci z Narni
Defoe Robinson Crusoe
Defoe Dziennik roku dzumy
1 BRAK
