ERROR
ERROR
ERROR
ERROR
ERROR
ERROR
ERROR
ERROR
ERROR
ERROR
ERROR
ERROR
ERROR
ERROR
ERROR
ERROR
ERROR
ERROR
ERROR
ERROR
ERROR
ERROR
ERROR
ERROR
QVUXX 1 111
WBQAL 12 35
ITOEW 5 665
GCPBA 13 945
IXVMW 12 534
QQEGI 3 834
VRTPM 5 326
WCMPW 13 863
UQMAK 8 44
BDKAL 9 808
XJDKV 16 715
NWFQJ 13 771
QXACH 2 669
HMSEW 5 441
BDGEP 2 70
CESLR 6 999
KICOD 17 781
RYEJG 2 367
ILRMA 17 208
JCDTW 5 642
WRBUR 11 985
ITFOE 2 808
LNVWH 8 339
IYOSE 17 135
NXVDV 5 123
NMICF 11 46
JMIDY 2 68
YIQYJ 10 199
QMWBG 14 426
DDIKT 17 727
STLHC 13 301
LPYUN 5 552
BHUJF 11 876
BRRSW 11 524
HAMDX 13 859
NAMMG 11 316
RSQSW 8 29
ONCCO 7 809
OKIAU 15 706
OQBDW 16 75
BAKXC 15 849
BCCFW 6 110
UWMFD 23 386
FKVDD 19 68
SIEUM 18 523
QNLCB 19 884
KPSQX 18 321
NLXUA 18 821
FKNWI 19 703
VNSLS 18 544
FDQLL 19 504
JKXXQ 19 507
KXSRY 18 474
NLIDC 19 853
QGSUT 19 569
DRFHB 19 101
CNYXV 24 17
ENBBI 21 130
CYRQP 22 501
YNNEO 26 677
BVYTW 27 293
XQGNT 25 85
LWPOQ 21 923
NMXYJ 22 771
MSCLW 24 827
GPMAU 23 386
UKLEO 22 478
VLNPA 21 6
OFDLM 23 634
PWSCX 25 946
UDDXT 23 802
UMFSA 21 498
JDQCV 22 723
LRETM 24 798
ONJDK 27 869
CJUAT 26 305
NYQOR 23 723
MEPYN 26 371
HRTPA 23 85
SYNXJ 24 641
RXEKS 22 449
JVETI 21 941
VNNPK 27 688
IDHCW 24 996
UDUYX 26 798
GGCAN 26 942
FJXCL 22 855
TLDST 26 266
IXVOB 21 657
UESNM 20 414
HQOCY 20 734
FPDVT 20 389
ELYDN 20 94
WKHIC 20 117
XHXGS 84 295
VADWK 41 314
KODNI 42 40
QSJWI 43 944
CTEMX 41 75
CQEKQ 43 819
JQACM 40 61
NWCIG 42 546
SYPDI 43 296
PEARL 42 945
PAVEC 41 846
BBFYT 40 939
BTXFR 32 320
XLLOP 31 393
LHLMW 34 65
FUQWQ 36 108
NUPMH 34 325
VENGA 39 1000
LQKGO 36 848
DEVDK 31 909
UDLHW 30 211
OXJTK 38 427
GYSBQ 34 672
LBLDC 38 739
IHXNO 36 637
AQTEG 32 260
UQFAB 28 331
CFHBH 35 806
QQVTW 38 131
GSCBR 29 597
WHHUR 32 419
CLCBN 32 628
DKBIT 32 356
GGCLQ 28 278
KRALC 39 625
WOSQW 36 764
FVBBM 37 788
QTIFE 39 491
INJVJ 36 187
UIPRB 29 865
NDBQV 29 713
QEHJV 31 557
FDXYQ 30 528
JJLYF 33 278
UYJLC 33 326
PJSCH 39 69
OPWYG 31 403
WDKWF 36 26
FNRGA 34 727
NQAEL 28 12
FSVPQ 30 643
GORGR 36 601
IIDEN 31 65
SMBBY 32 296
QRTLR 38 612
WLLOM 38 223
EXHIP 30 693
FUBIC 35 477
UHCKE 49 892
QRFUU 45 373
AXLJK 48 715
JYBBB 45 160
KAYHK 49 53
HPIAJ 46 795
VAQYE 47 874
QTGML 50 937
ETKQP 50 593
FKRDQ 51 956
HQJBQ 45 320
EYLEM 49 375
DRQUI 45 410
MQEFU 46 160
DWPIA 47 516
VRJFK 48 625
KYFWJ 48 732
RBYVH 46 228
NBGEA 47 719
JXMUP 50 955
TGBOO 48 976
RFGME 44 368
OGJJN 48 759
HCGDS 44 795
VOEMO 46 722
VJBYJ 45 12
LFAXN 48 421
FYFLX 76 775
EHCBB 64 777
HNUER 80 489
RRFHP 91 234
JHTIM 95 205
UIFLE 72 755
JWHPL 69 698
MOQGB 60 339
MLBGK 83 7
JQNAI 75 307
FXSGF 62 72
YSLGN 85 578
OXFKB 102 688
VCECY 82 410
CBEQX 86 372
BTATL 69 846
MQYWN 87 459
CPAGH 60 306
PXLFP 66 973
XMFXC 61 737
SAPRR 81 530
DOYPG 62 293
GGNWH 53 551
FWWUD 90 334
NGLCB 91 194
IWJAF 82 949
HBUPA 104 174
GTWYJ 76 284
HMOHG 82 735
NUNAR 64 528
FIDRE 69 150
LVIJN 99 82
VSDNU 58 296
WLBSY 69 668
KLEWS 53 108
YPHDO 101 881
TMHAE 73 900
HYJKJ 77 266
XRNPR 98 664
YXTTP 53 357
NRJXM 60 399
HXIXF 66 675
CDEPM 82 264
ULIMY 75 51
HENMH 100 568
UDDOW 62 923
WCMVN 78 225
AAJGM 82 593
OMQBN 57 12
YULUE 98 924
SOHCC 88 779
BPUCR 96 858
EULLX 83 508
WLVXT 92 900
VFJEX 83 910
GYMTG 91 297
UDBHQ 94 966
OFSOH 102 320
WVUWP 69 790
FDEMV 62 881
FFWRQ 94 864
XIESO 80 199
PLMAM 58 360
BKXUA 91 921
TPHRK 63 406
HBHAQ 67 173
XCAMY 98 580
HOAFN 56 636
PGURT 99 356
JFKKR 65 233
KGPMY 97 188
IEVIA 102 141
MOAOU 77 134
TWVYR 74 664
HXYQN 58 293
NGSNT 77 66
VFFPH 80 101
QQIPQ 88 324
SHVBC 72 167
TUJQR 71 281
TRYVG 99 795
GYCIQ 75 236
WCTWM 77 690
BWHEM 80 969
WUIAD 86 293
YAGBH 90 886
VGRUG 61 943
TEXNT 68 666
AHODY 82 231
NTPXK 75 353
EPNRX 97 522
IJOGX 59 496
FVOWS 89 672
USYHG 53 586
XTIXI 78 42
YYETU 96 992
JRHKT 72 919
EFHAB 53 147
UGCQO 81 919
USFUV 90 718
KELBG 94 741
URKYX 103 497
TBHOG 99 636
XTNUP 91 84
KVXAT 71 175
CMSEU 63 644
UYQOC 69 62
ULFSD 88 240
WJCQA 58 463
NPODH 52 395
TTEQR 58 503
JNAUI 57 621
AVLCB 70 17
ICHTN 55 133
IEDFO 58 568
SUFYO 87 34
THDEK 95 940
TKGIE 98 990
PISKP 103 465
WGUQV 92 46
EDFPY 94 384
BSYIG 93 183
JLHUB 61 65
ODNOV 81 833
LCOOP 95 498
ECYCJ 92 639
VDDAV 94 630
TIMVO 62 22
QOXTT 98 730
YGLDS 67 502
VGEHN 69 740
QMQNB 99 113
EAUHP 52 556
ESASL 94 758
RSAPR 70 775
OLJWD 103 28
RSMRE 101 21
LQRSB 97 137
PPARG 74 837
LGFFN 54 987
DEUVT 100 221
KPWSO 98 594
RTRTT 92 729
NVHHD 55 585
PVTBL 78 218
USXCR 98 370
YLKDB 65 179
TANRX 73 767
IWUEJ 70 701
DPFBN 91 924
XMDXK 59 931
HTHEU 97 445
QNJGF 79 188
YUHHM 54 540
MFXBW 65 696
PCHDI 68 302
WPUIL 87 161
DUUVI 83 966
IPJGL 74 263
TMPRD 73 892
ANKNA 54 1000
UVWWA 100 401
CIJXG 88 787
UQPBT 55 324
TCFBT 92 57
AYTUJ 52 214
ARQJI 70 361
BBEQU 99 597
GOWCK 60 882
KFONK 60 764
FPVPH 100 211
JUWJW 68 184
DYSNS 96 891
GQECF 52 721
AKWCF 104 409
RUEQO 53 466
AEHUT 103 956
QLKAY 100 300
PCEUM 102 418
ULJWE 86 538
PMBDI 60 826
XRSGF 59 240
EGRXT 87 777
BGDSM 95 486
BATJR 100 537
WNKWT 75 384
CRNRW 55 256
BIGIR 56 178
MLEXL 100 629
XKYVE 67 54
MRSVU 86 666
APOSH 66 81
EMQPP 91 138
HRDSY 69 204
LSYTD 57 554
GRFIV 58 74
USGIT 79 437
HLJQH 78 230
CDSQQ 75 821
TIJUW 102 503
CDXOS 71 729
CSEJV 107 592
LAVNO 116 828
BJPCW 118 303
EEWDN 120 803
NSWNL 120 804
CRFAP 108 637
RRGSJ 109 836
EVRJS 105 547
PTGOG 115 6
GXXKY 110 836
GPYRJ 112 220
NAMIW 117 713
URQRN 114 217
VNMVC 118 968
RPSES 115 949
KBLTV 105 851
GWEBT 105 475
UHTGY 120 344
SIORJ 108 379
HVYCB 108 472
XWXKC 106 911
MYJUQ 113 306
TERML 112 892
CYRAA 118 786
MHSST 114 351
BHPVO 108 661
EWRIL 105 31
PJFAC 110 485
PPHEV 112 244
KASYI 117 127
FITHG 120 568
ETGWD 109 360
QEVLR 118 282
IWVIS 112 217
RGMBQ 116 711
BHJIL 109 673
NKPQH 119 642
YJHNN 113 196
QSUYA 110 87
BHFIF 118 78
BHGAT 112 347
PLOPU 111 467
RGUWS 112 623
GNREK 107 633
EXTIO 112 284
BLCRT 119 542
KSFKQ 117 240
CBYMU 117 171
NCMOV 114 7
EHWMY 111 303
IXFSR 106 867
MBDMO 108 398
UUUFN 115 878
LNYOQ 115 571
USCQU 111 818
GTMEV 114 306
NVHOQ 107 369
BIRYD 108 925
GTIGO 117 613
BRFDX 116 110
LUKHV 110 601
PWSDH 110 58
QGYQL 118 144
MANRU 120 413
GXIXY 109 772
GYASR 118 306
ERROR
ERROR
ERROR
ERROR
ERROR
ERROR
FUBIC 35 477
EXHIP 30 693
WLLOM 38 223
QRTLR 38 612
SMBBY 32 296
IIDEN 31 65
GORGR 36 601
FSVPQ 30 643
NQAEL 28 12
FNRGA 34 727
WDKWF 36 26
OPWYG 31 403
PJSCH 39 69
UYJLC 33 326
JJLYF 33 278
FDXYQ 30 528
QEHJV 31 557
NDBQV 29 713
UIPRB 29 865
QTIFE 39 491
FVBBM 37 788
WOSQW 36 764
KRALC 39 625
GGCLQ 28 278
DKBIT 32 356
CLCBN 32 628
WHHUR 32 419
GSCBR 29 597
QQVTW 38 131
CFHBH 35 806
UQFAB 28 331
AQTEG 32 260
IHXNO 36 637
LBLDC 38 739
GYSBQ 34 672
OXJTK 38 427
UDLHW 30 211
DEVDK 31 909
LQKGO 36 848
VENGA 39 1000
NUPMH 34 325
FUQWQ 36 108
LHLMW 34 65
XLLOP 31 393
BTXFR 32 320
BBFYT 40 939
PAVEC 41 846
PEARL 42 945
SYPDI 43 296
NWCIG 42 546
JQACM 40 61
CQEKQ 43 819
CTEMX 41 75
QSJWI 43 944
KODNI 42 40
VADWK 41 314
WKHIC 20 117
ELYDN 20 94
HQOCY 20 734
UESNM 20 414
IXVOB 21 657
TLDST 26 266
FJXCL 22 855
GGCAN 26 942
UDUYX 26 798
IDHCW 24 996
VNNPK 27 688
JVETI 21 941
RXEKS 22 449
SYNXJ 24 641
HRTPA 23 85
MEPYN 26 371
NYQOR 23 723
CJUAT 26 305
ONJDK 27 869
LRETM 24 798
JDQCV 22 723
UMFSA 21 498
UDDXT 23 802
PWSCX 25 946
OFDLM 23 634
VLNPA 21 6
UKLEO 22 478
GPMAU 23 386
MSCLW 24 827
LWPOQ 21 923
XQGNT 25 85
BVYTW 27 293
YNNEO 26 677
CYRQP 22 501
ENBBI 21 130
CNYXV 24 17
DRFHB 19 101
QGSUT 19 569
NLIDC 19 853
KXSRY 18 474
JKXXQ 19 507
FDQLL 19 504
VNSLS 18 544
FKNWI 19 703
NLXUA 18 821
KPSQX 18 321
QNLCB 19 884
SIEUM 18 523
FKVDD 19 68
UWMFD 23 386
BAKXC 15 849
OQBDW 16 75
OKIAU 15 706
EQGCV 30 262
DDIKT 17 727
JLPAB 19 316
IYOSE 17 135
ILRMA 17 208
KICOD 17 781
XJDKV 16 715
OYAET 41 149
IDRMF 14 192
NAMMG 11 316
BRRSW 11 524
BHUJF 11 876
STLHC 13 301
QMWBG 14 426
YIQYJ 10 199
NMICF 11 46
WRBUR 11 985
BDKAL 9 808
WCMPW 13 863
RUEQO 53 466
GQECF 52 721
AYTUJ 52 214
IMFWM 36 676
UQPBT 55 324
ANKNA 54 1000
YUHHM 54 540
XMDXK 59 931
NVHHD 55 585
LGFFN 54 987
EAUHP 52 556
IEDFO 58 568
ICHTN 55 133
JNAUI 57 621
TTEQR 58 503
NPODH 52 395
WJCQA 58 463
EFHAB 53 147
USYHG 53 586
IJOGX 59 496
HXYQN 58 293
HOAFN 56 636
PLMAM 58 360
OMQBN 57 12
YXTTP 53 357
KLEWS 53 108
VSDNU 58 296
GGNWH 53 551
VJBYJ 45 12
OGJJN 48 759
TGBOO 48 976
JXMUP 50 955
NBGEA 47 719
RBYVH 46 228
KYFWJ 48 732
VRJFK 48 625
DWPIA 47 516
MQEFU 46 160
DRQUI 45 410
EYLEM 49 375
HQJBQ 45 320
FKRDQ 51 956
ETKQP 50 593
VAQYE 47 874
HPIAJ 46 795
KAYHK 49 53
JYBBB 45 160
AXLJK 48 715
QRFUU 45 373
UHCKE 49 892
APOSH 66 81
PMBDI 60 826
KFONK 60 764
GOWCK 60 882
MFXBW 65 696
YLKDB 65 179
TIMVO 62 22
JLHUB 61 65
CMSEU 63 644
VGRUG 61 943
TPHRK 63 406
FDEMV 62 881
UDDOW 62 923
HXIXF 66 675
NRJXM 60 399
NUNAR 64 528
DOYPG 62 293
XMFXC 61 737
PXLFP 66 973
CPAGH 60 306
FXSGF 62 72
MOQGB 60 339
FRJQK 101 627
NNLDX 108 689
PWSDH 110 58
LUKHV 110 601
BRFDX 116 110
GTIGO 117 613
BIRYD 108 925
NVHOQ 107 369
GTMEV 114 306
USCQU 111 818
LNYOQ 115 571
UUUFN 115 878
MBDMO 108 398
IXFSR 106 867
EHWMY 111 303
NCMOV 114 7
ILGVD 78 990
CBYMU 117 171
KSFKQ 117 240
BLCRT 119 542
EXTIO 112 284
GNREK 107 633
RGUWS 112 623
PLOPU 111 467
BHGAT 112 347
BHFIF 118 78
QSUYA 110 87
YJHNN 113 196
NKPQH 119 642
BHJIL 109 673
RGMBQ 116 711
IWVIS 112 217
QEVLR 118 282
ETGWD 109 360
FITHG 120 568
KASYI 117 127
PPHEV 112 244
PJFAC 110 485
EWRIL 105 31
BHPVO 108 661
MHSST 114 351
CYRAA 118 786
TERML 112 892
MYJUQ 113 306
XWXKC 106 911
HVYCB 108 472
SIORJ 108 379
UHTGY 120 344
GWEBT 105 475
KBLTV 105 851
RPSES 115 949
VNMVC 118 968
URQRN 114 217
NAMIW 117 713
GPYRJ 112 220
GXXKY 110 836
PTGOG 115 6
EVRJS 105 547
RRGSJ 109 836
CRFAP 108 637
NSWNL 120 804
EEWDN 120 803
BJPCW 118 303
LAVNO 116 828
CSEJV 107 592
CDXOS 71 729
TIJUW 102 503
CDSQQ 75 821
HLJQH 78 230
USGIT 79 437
HRDSY 69 204
EMQPP 91 138
MRSVU 86 666
XKYVE 67 54
MLEXL 100 629
WNKWT 75 384
BATJR 100 537
BGDSM 95 486
EGRXT 87 777
ULJWE 86 538
PCEUM 102 418
QLKAY 100 300
AEHUT 103 956
AKWCF 104 409
DYSNS 96 891
JUWJW 68 184
FPVPH 100 211
BBEQU 99 597
ARQJI 70 361
TCFBT 92 57
CIJXG 88 787
UVWWA 100 401
TMPRD 73 892
UWMUM 31 15
IPJGL 74 263
DUUVI 83 966
WPUIL 87 161
PCHDI 68 302
QNJGF 79 188
HTHEU 97 445
DPFBN 91 924
IWUEJ 70 701
TANRX 73 767
USXCR 98 370
PVTBL 78 218
RTRTT 92 729
KPWSO 98 594
DEUVT 100 221
PPARG 74 837
LQRSB 97 137
RSMRE 101 21
OLJWD 103 28
RSAPR 70 775
ESASL 94 758
QMQNB 99 113
VGEHN 69 740
YGLDS 67 502
QOXTT 98 730
OXEOM 60 896
VDDAV 94 630
ECYCJ 92 639
LCOOP 95 498
ODNOV 81 833
BSYIG 93 183
EDFPY 94 384
WGUQV 92 46
PISKP 103 465
TKGIE 98 990
SUFYO 87 34
AVLCB 70 17
ULFSD 88 240
UYQOC 69 62
KVXAT 71 175
XTNUP 91 84
TBHOG 99 636
URKYX 103 497
KELBG 94 741
USFUV 90 718
UGCQO 81 919
JRHKT 72 919
YYETU 96 992
XTIXI 78 42
FVOWS 89 672
EPNRX 97 522
NTPXK 75 353
AHODY 82 231
TEXNT 68 666
YAGBH 90 886
WUIAD 86 293
BWHEM 80 969
WCTWM 77 690
GYCIQ 75 236
TRYVG 99 795
TUJQR 71 281
SHVBC 72 167
QQIPQ 88 324
NGSNT 77 66
TWVYR 74 664
MOAOU 77 134
IEVIA 102 141
KGPMY 97 188
PGURT 99 356
XCAMY 98 580
HBHAQ 67 173
BKXUA 91 921
XIESO 80 199
FFWRQ 94 864
OFSOH 102 320
UDBHQ 94 966
GYMTG 91 297
VFJEX 83 910
WLVXT 92 900
EULLX 83 508
BPUCR 96 858
SOHCC 88 779
YULUE 98 924
AAJGM 82 593
WCMVN 78 225
HENMH 100 568
ULIMY 75 51
CDEPM 82 264
XRNPR 98 664
HYJKJ 77 266
TMHAE 73 900
YPHDO 101 881
WLBSY 69 668
LVIJN 99 82
FIDRE 69 150
HMOHG 82 735
GTWYJ 76 284
HBUPA 104 174
IWJAF 82 949
NGLCB 91 194
FWWUD 90 334
SAPRR 81 530
MQYWN 87 459
BTATL 69 846
CBEQX 86 372
VCECY 82 410
OXFKB 102 688
YSLGN 85 578
BCCFW 6 110
ONCCO 7 809
RSQSW 8 29
LPYUN 5 552
JMIDY 2 68
NXVDV 5 123
LNVWH 8 339
ITFOE 2 808
JCDTW 5 642
RYEJG 2 367
CESLR 6 999
BDGEP 2 70
HMSEW 5 441
QXACH 2 669
UQMAK 8 44
VRTPM 5 326
QQEGI 3 834
XDXCX 8 888
ERROR
ERROR
ERROR
ETKQP 50 593
FKRDQ 51 956
EYLEM 49 375
DWPIA 47 516
VRJFK 48 625
KYFWJ 48 732
WKYGP 30 844
NBGEA 47 719
JXMUP 50 955
TGBOO 48 976
OGJJN 48 759
GGNWH 53 551
KLEWS 53 108
YXTTP 53 357
USYHG 53 586
EFHAB 53 147
NPODH 52 395
EAUHP 52 556
LGFFN 54 987
YUHHM 54 540
ANKNA 54 1000
GQECF 52 721
RUEQO 53 466
YUBEV 64 84
YSLGN 85 578
OXFKB 102 688
VCECY 82 410
CBEQX 86 372
BTATL 69 846
MQYWN 87 459
SAPRR 81 530
FWWUD 90 334
NGLCB 91 194
IWJAF 82 949
HBUPA 104 174
GTWYJ 76 284
HMOHG 82 735
FIDRE 69 150
LVIJN 99 82
WLBSY 69 668
YPHDO 101 881
TMHAE 73 900
HYJKJ 77 266
XRNPR 98 664
CDEPM 82 264
ULIMY 75 51
HENMH 100 568
WCMVN 78 225
AAJGM 82 593
YULUE 98 924
SOHCC 88 779
BPUCR 96 858
EULLX 83 508
WLVXT 92 900
VFJEX 83 910
GYMTG 91 297
UDBHQ 94 966
LVSMT 68 287
OFSOH 102 320
FFWRQ 94 864
XIESO 80 199
BKXUA 91 921
HBHAQ 67 173
XCAMY 98 580
PGURT 99 356
KGPMY 97 188
IEVIA 102 141
MOAOU 77 134
TWVYR 74 664
NGSNT 77 66
QQIPQ 88 324
SHVBC 72 167
TUJQR 71 281
TRYVG 99 795
GYCIQ 75 236
WCTWM 77 690
BWHEM 80 969
WUIAD 86 293
YAGBH 90 886
TEXNT 68 666
AHODY 82 231
NTPXK 75 353
EPNRX 97 522
FVOWS 89 672
XTIXI 78 42
YYETU 96 992
JRHKT 72 919
UGCQO 81 919
USFUV 90 718
KELBG 94 741
URKYX 103 497
TBHOG 99 636
XTNUP 91 84
UYQOC 69 62
ULFSD 88 240
AVLCB 70 17
SUFYO 87 34
TKGIE 98 990
PISKP 103 465
WGUQV 92 46
EDFPY 94 384
BSYIG 93 183
ODNOV 81 833
LCOOP 95 498
ECYCJ 92 639
VDDAV 94 630
OXEOM 60 896
QOXTT 98 730
YGLDS 67 502
VGEHN 69 740
QMQNB 99 113
ESASL 94 758
RSAPR 70 775
OLJWD 103 28
RSMRE 101 21
LQRSB 97 137
PPARG 74 837
DEUVT 100 221
KPWSO 98 594
RTRTT 92 729
PVTBL 78 218
USXCR 98 370
DAMJU 31 939
TANRX 73 767
IWUEJ 70 701
DPFBN 91 924
HTHEU 97 445
QNJGF 79 188
PCHDI 68 302
WPUIL 87 161
DUUVI 83 966
IPJGL 74 263
TMPRD 73 892
UVWWA 100 401
CIJXG 88 787
TCFBT 92 57
ARQJI 70 361
BBEQU 99 597
FPVPH 100 211
JUWJW 68 184
DYSNS 96 891
AKWCF 104 409
AEHUT 103 956
QLKAY 100 300
PCEUM 102 418
ULJWE 86 538
EGRXT 87 777
BGDSM 95 486
BATJR 100 537
WNKWT 75 384
MLEXL 100 629
XKYVE 67 54
MRSVU 86 666
EMQPP 91 138
HRDSY 69 204
USGIT 79 437
HLJQH 78 230
CDSQQ 75 821
TIJUW 102 503
CDXOS 71 729
CSEJV 107 592
LAVNO 116 828
BJPCW 118 303
EEWDN 120 803
NSWNL 120 804
CRFAP 108 637
RRGSJ 109 836
EVRJS 105 547
PTGOG 115 6
GXXKY 110 836
GPYRJ 112 220
NAMIW 117 713
URQRN 114 217
VNMVC 118 968
RPSES 115 949
KBLTV 105 851
GWEBT 105 475
UHTGY 120 344
SIORJ 108 379
HVYCB 108 472
XWXKC 106 911
MYJUQ 113 306
TERML 112 892
CYRAA 118 786
MHSST 114 351
BHPVO 108 661
EWRIL 105 31
PJFAC 110 485
PPHEV 112 244
KASYI 117 127
FITHG 120 568
ETGWD 109 360
QEVLR 118 282
IWVIS 112 217
RGMBQ 116 711
BHJIL 109 673
NKPQH 119 642
YJHNN 113 196
QSUYA 110 87
BHFIF 118 78
BHGAT 112 347
PLOPU 111 467
RGUWS 112 623
GNREK 107 633
EXTIO 112 284
BLCRT 119 542
KSFKQ 117 240
CBYMU 117 171
ILGVD 78 990
NCMOV 114 7
EHWMY 111 303
IXFSR 106 867
MBDMO 108 398
UUUFN 115 878
LNYOQ 115 571
USCQU 111 818
GTMEV 114 306
NVHOQ 107 369
BIRYD 108 925
GTIGO 117 613
BRFDX 116 110
LUKHV 110 601
PWSDH 110 58
NNLDX 108 689
FRJQK 101 627
MOQGB 60 339
FXSGF 62 72
CPAGH 60 306
PXLFP 66 973
XMFXC 61 737
DOYPG 62 293
NUNAR 64 528
NRJXM 60 399
HXIXF 66 675
UDDOW 62 923
FDEMV 62 881
TPHRK 63 406
VGRUG 61 943
CMSEU 63 644
JLHUB 61 65
TIMVO 62 22
YLKDB 65 179
MFXBW 65 696
GOWCK 60 882
KFONK 60 764
PMBDI 60 826
APOSH 66 81
VSDNU 58 296
OMQBN 57 12
PLMAM 58 360
HOAFN 56 636
HXYQN 58 293
IJOGX 59 496
TTEQR 58 503
JNAUI 57 621
UWMUM 31 15
QRFUU 45 373
JYBBB 45 160
HPIAJ 46 795
HQJBQ 45 320
DRQUI 45 410
MQEFU 46 160
RBYVH 46 228
VJBYJ 45 12
IMFWM 36 676
OYAET 41 149
EQGCV 30 262
UWMFD 23 386
CNYXV 24 17
YNNEO 26 677
BVYTW 27 293
XQGNT 25 85
MSCLW 24 827
GPMAU 23 386
OFDLM 23 634
PWSCX 25 946
UDDXT 23 802
LRETM 24 798
ONJDK 27 869
CJUAT 26 305
NYQOR 23 723
MEPYN 26 371
HRTPA 23 85
SYNXJ 24 641
VNNPK 27 688
IDHCW 24 996
UDUYX 26 798
GGCAN 26 942
TLDST 26 266
VADWK 41 314
KODNI 42 40
QSJWI 43 944
CTEMX 41 75
CQEKQ 43 819
JQACM 40 61
NWCIG 42 546
SYPDI 43 296
PEARL 42 945
PAVEC 41 846
BBFYT 40 939
BTXFR 32 320
XLLOP 31 393
LHLMW 34 65
FUQWQ 36 108
NUPMH 34 325
VENGA 39 1000
LQKGO 36 848
DEVDK 31 909
UDLHW 30 211
OXJTK 38 427
GYSBQ 34 672
LBLDC 38 739
IHXNO 36 637
AQTEG 32 260
UQFAB 28 331
CFHBH 35 806
QQVTW 38 131
GSCBR 29 597
WHHUR 32 419
CLCBN 32 628
DKBIT 32 356
GGCLQ 28 278
KRALC 39 625
WOSQW 36 764
FVBBM 37 788
QTIFE 39 491
UIPRB 29 865
NDBQV 29 713
QEHJV 31 557
FDXYQ 30 528
JJLYF 33 278
UYJLC 33 326
PJSCH 39 69
OPWYG 31 403
WDKWF 36 26
FNRGA 34 727
NQAEL 28 12
GORGR 36 601
BKRGM 62 627
IIDEN 31 65
SMBBY 32 296
QRTLR 38 612
WLLOM 38 223
EXHIP 30 693
DOAMT 41 497
CESLR 6 999
RYEJG 2 367
JCDTW 5 642
ITFOE 2 808
LNVWH 8 339
NXVDV 5 123
JMIDY 2 68
LPYUN 5 552
RSQSW 8 29
ONCCO 7 809
BCCFW 6 110
WCMPW 13 863
BDKAL 9 808
WRBUR 11 985
NMICF 11 46
YIQYJ 10 199
QMWBG 14 426
STLHC 13 301
BHUJF 11 876
BRRSW 11 524
NAMMG 11 316
IDRMF 14 192
XJDKV 16 715
UCCTD 81 477
KICOD 17 781
ILRMA 17 208
IYOSE 17 135
JLPAB 19 316
DDIKT 17 727
OKIAU 15 706
OQBDW 16 75
BAKXC 15 849
FKVDD 19 68
SIEUM 18 523
QNLCB 19 884
KPSQX 18 321
NLXUA 18 821
FKNWI 19 703
VNSLS 18 544
FDQLL 19 504
JKXXQ 19 507
KXSRY 18 474
NLIDC 19 853
QGSUT 19 569
DRFHB 19 101
ENBBI 21 130
CYRQP 22 501
LWPOQ 21 923
UKLEO 22 478
VLNPA 21 6
UMFSA 21 498
JDQCV 22 723
RXEKS 22 449
JVETI 21 941
FJXCL 22 855
IXVOB 21 657
UESNM 20 414
HQOCY 20 734
ELYDN 20 94
WKHIC 20 117
ERROR
ERROR
ERROR
ERROR
ERROR
ERROR
IMFWM 36 676
LHLMW 34 65
FUQWQ 36 108
NUPMH 34 325
LQKGO 36 848
GYSBQ 34 672
IHXNO 36 637
CFHBH 35 806
WOSQW 36 764
WDKWF 36 26
FNRGA 34 727
GORGR 36 601
EYLEM 49 375
DWPIA 47 516
VRJFK 48 625
KYFWJ 48 732
NBGEA 47 719
TGBOO 48 976
OGJJN 48 759
QRFUU 45 373
JYBBB 45 160
HPIAJ 46 795
HQJBQ 45 320
DRQUI 45 410
MQEFU 46 160
RBYVH 46 228
VJBYJ 45 12
OYAET 41 149
VADWK 41 314
KODNI 42 40
QSJWI 43 944
CTEMX 41 75
CQEKQ 43 819
JQACM 40 61
NWCIG 42 546
SYPDI 43 296
PEARL 42 945
PAVEC 41 846
BBFYT 40 939
VENGA 39 1000
OXJTK 38 427
LBLDC 38 739
QQVTW 38 131
KRALC 39 625
FVBBM 37 788
QTIFE 39 491
QRTLR 38 612
WLLOM 38 223
DOAMT 41 497
JXMUP 50 955
GGNWH 53 551
KLEWS 53 108
YXTTP 53 357
USYHG 53 586
EFHAB 53 147
NPODH 52 395
EAUHP 52 556
LGFFN 54 987
YUHHM 54 540
ANKNA 54 1000
GQECF 52 721
RUEQO 53 466
YUBEV 64 84
YSLGN 85 578
OXFKB 102 688
VCECY 82 410
CBEQX 86 372
BTATL 69 846
MQYWN 87 459
SAPRR 81 530
FWWUD 90 334
IWJAF 82 949
HBUPA 104 174
GTWYJ 76 284
HMOHG 82 735
FIDRE 69 150
LVIJN 99 82
WLBSY 69 668
YPHDO 101 881
TMHAE 73 900
HYJKJ 77 266
XRNPR 98 664
CDEPM 82 264
ULIMY 75 51
HENMH 100 568
WCMVN 78 225
AAJGM 82 593
YULUE 98 924
SOHCC 88 779
BPUCR 96 858
EULLX 83 508
WLVXT 92 900
VFJEX 83 910
GYMTG 91 297
UDBHQ 94 966
LVSMT 68 287
OFSOH 102 320
FFWRQ 94 864
XIESO 80 199
BKXUA 91 921
HBHAQ 67 173
XCAMY 98 580
FREKC 90 433
PGURT 99 356
KGPMY 97 188
IEVIA 102 141
MOAOU 77 134
TWVYR 74 664
NGSNT 77 66
QQIPQ 88 324
SHVBC 72 167
TUJQR 71 281
TRYVG 99 795
GYCIQ 75 236
WCTWM 77 690
BWHEM 80 969
WUIAD 86 293
YAGBH 90 886
TEXNT 68 666
AHODY 82 231
NTPXK 75 353
EPNRX 97 522
FVOWS 89 672
XTIXI 78 42
YYETU 96 992
JRHKT 72 919
UGCQO 81 919
USFUV 90 718
KELBG 94 741
URKYX 103 497
TBHOG 99 636
XTNUP 91 84
UYQOC 69 62
ULFSD 88 240
AVLCB 70 17
SUFYO 87 34
TKGIE 98 990
PISKP 103 465
WGUQV 92 46
EDFPY 94 384
BSYIG 93 183
ODNOV 81 833
LCOOP 95 498
ECYCJ 92 639
VDDAV 94 630
OXEOM 60 896
QOXTT 98 730
YGLDS 67 502
VGEHN 69 740
QMQNB 99 113
ESASL 94 758
RSAPR 70 775
OLJWD 103 28
LQRSB 97 137
PPARG 74 837
DEUVT 100 221
KPWSO 98 594
RTRTT 92 729
PVTBL 78 218
USXCR 98 370
TANRX 73 767
IWUEJ 70 701
DPFBN 91 924
HTHEU 97 445
QNJGF 79 188
PCHDI 68 302
WPUIL 87 161
DUUVI 83 966
IPJGL 74 263
TMPRD 73 892
UVWWA 100 401
CIJXG 88 787
TCFBT 92 57
ARQJI 70 361
BBEQU 99 597
FPVPH 100 211
JUWJW 68 184
DYSNS 96 891
AKWCF 104 409
AEHUT 103 956
QLKAY 100 300
PCEUM 102 418
ULJWE 86 538
EGRXT 87 777
BGDSM 95 486
BATJR 100 537
WNKWT 75 384
MLEXL 100 629
XKYVE 67 54
MRSVU 86 666
EMQPP 91 138
QWFVL 96 346
HRDSY 69 204
USGIT 79 437
HLJQH 78 230
CDSQQ 75 821
CDXOS 71 729
CSEJV 107 592
LAVNO 116 828
BJPCW 118 303
EEWDN 120 803
NSWNL 120 804
CRFAP 108 637
RRGSJ 109 836
EVRJS 105 547
PTGOG 115 6
GXXKY 110 836
GPYRJ 112 220
NAMIW 117 713
URQRN 114 217
VNMVC 118 968
RPSES 115 949
KBLTV 105 851
GWEBT 105 475
UHTGY 120 344
SIORJ 108 379
HVYCB 108 472
XWXKC 106 911
MYJUQ 113 306
CYRAA 118 786
MHSST 114 351
BHPVO 108 661
PJFAC 110 485
PPHEV 112 244
KASYI 117 127
HTLEJ 58 683
FITHG 120 568
ETGWD 109 360
QEVLR 118 282
IWVIS 112 217
RGMBQ 116 711
BHJIL 109 673
NKPQH 119 642
YJHNN 113 196
QSUYA 110 87
BHFIF 118 78
BHGAT 112 347
PLOPU 111 467
RGUWS 112 623
GNREK 107 633
EXTIO 112 284
BLCRT 119 542
KSFKQ 117 240
CBYMU 117 171
ILGVD 78 990
NCMOV 114 7
EHWMY 111 303
IXFSR 106 867
MBDMO 108 398
UUUFN 115 878
LNYOQ 115 571
USCQU 111 818
GTMEV 114 306
NVHOQ 107 369
BIRYD 108 925
GTIGO 117 613
BRFDX 116 110
LUKHV 110 601
PWSDH 110 58
NNLDX 108 689
FRJQK 101 627
MOQGB 60 339
CPAGH 60 306
PXLFP 66 973
XMFXC 61 737
DOYPG 62 293
NUNAR 64 528
NRJXM 60 399
HXIXF 66 675
UDDOW 62 923
FDEMV 62 881
TPHRK 63 406
VGRUG 61 943
CMSEU 63 644
JLHUB 61 65
TIMVO 62 22
YLKDB 65 179
MFXBW 65 696
GOWCK 60 882
KFONK 60 764
PMBDI 60 826
APOSH 66 81
VSDNU 58 296
OMQBN 57 12
PLMAM 58 360
HOAFN 56 636
HXYQN 58 293
IJOGX 59 496
JNAUI 57 621
DAMJU 31 939
UWMUM 31 15
BTXFR 32 320
XLLOP 31 393
DEVDK 31 909
AQTEG 32 260
WHHUR 32 419
CLCBN 32 628
DKBIT 32 356
QEHJV 31 557
JJLYF 33 278
UYJLC 33 326
OPWYG 31 403
IIDEN 31 65
SMBBY 32 296
OMMWR 23 516
AQQEB 30 852
EQGCV 30 262
UWMFD 23 386
CNYXV 24 17
YNNEO 26 677
BVYTW 27 293
XQGNT 25 85
MSCLW 24 827
GPMAU 23 386
OFDLM 23 634
PWSCX 25 946
RBPGI 10 244
UDDXT 23 802
LRETM 24 798
ONJDK 27 869
CJUAT 26 305
NYQOR 23 723
MEPYN 26 371
HRTPA 23 85
SYNXJ 24 641
VNNPK 27 688
IDHCW 24 996
UDUYX 26 798
GGCAN 26 942
TLDST 26 266
UDLHW 30 211
UQFAB 28 331
GSCBR 29 597
GGCLQ 28 278
UIPRB 29 865
NDBQV 29 713
FDXYQ 30 528
NQAEL 28 12
EXHIP 30 693
CESLR 6 999
RYEJG 2 367
ITFOE 2 808
LNVWH 8 339
NXVDV 5 123
JMIDY 2 68
LPYUN 5 552
RSQSW 8 29
ONCCO 7 809
BCCFW 6 110
WCMPW 13 863
BDKAL 9 808
WRBUR 11 985
NMICF 11 46
YIQYJ 10 199
QMWBG 14 426
STLHC 13 301
BHUJF 11 876
BRRSW 11 524
NAMMG 11 316
IDRMF 14 192
XJDKV 16 715
KICOD 17 781
ILRMA 17 208
IYOSE 17 135
JLPAB 19 316
DDIKT 17 727
OKIAU 15 706
OQBDW 16 75
BAKXC 15 849
FKVDD 19 68
SIEUM 18 523
QNLCB 19 884
KPSQX 18 321
NLXUA 18 821
FKNWI 19 703
VNSLS 18 544
FDQLL 19 504
JKXXQ 19 507
KXSRY 18 474
NLIDC 19 853
QGSUT 19 569
DRFHB 19 101
ENBBI 21 130
LWPOQ 21 923
UKLEO 22 478
VLNPA 21 6
UMFSA 21 498
JDQCV 22 723
RXEKS 22 449
JVETI 21 941
FJXCL 22 855
IXVOB 21 657
UESNM 20 414
ERROR
ERROR
ERROR
ERROR
ERROR
ERROR
ERROR
ERROR
ERROR
ERROR
DEMTI 86 402
OXFKB 102 688
VCECY 82 410
CBEQX 86 372
BTATL 69 846
MQYWN 87 459
SAPRR 81 530
FWWUD 90 334
IWJAF 82 949
HBUPA 104 174
GTWYJ 76 284
HMOHG 82 735
FIDRE 69 150
LVIJN 99 82
WLBSY 69 668
YPHDO 101 881
TMHAE 73 900
HYJKJ 77 266
XRNPR 98 664
CDEPM 82 264
ULIMY 75 51
HENMH 100 568
WCMVN 78 225
AAJGM 82 593
YULUE 98 924
SOHCC 88 779
BPUCR 96 858
EULLX 83 508
WLVXT 92 900
VFJEX 83 910
GYMTG 91 297
UDBHQ 94 966
OFSOH 102 320
XIESO 80 199
BKXUA 91 921
XCAMY 98 580
FREKC 90 433
PGURT 99 356
KGPMY 97 188
IEVIA 102 141
MOAOU 77 134
TWVYR 74 664
NGSNT 77 66
QQIPQ 88 324
SHVBC 72 167
ETOEP 80 169
TUJQR 71 281
TRYVG 99 795
GYCIQ 75 236
BWHEM 80 969
WUIAD 86 293
YAGBH 90 886
AHODY 82 231
NTPXK 75 353
EPNRX 97 522
FVOWS 89 672
XTIXI 78 42
YYETU 96 992
JRHKT 72 919
UGCQO 81 919
USFUV 90 718
KELBG 94 741
URKYX 103 497
TBHOG 99 636
XTNUP 91 84
UYQOC 69 62
ULFSD 88 240
AVLCB 70 17
GKLEA 92 617
SUFYO 87 34
TKGIE 98 990
PISKP 103 465
WGUQV 92 46
EDFPY 94 384
BSYIG 93 183
ODNOV 81 833
LCOOP 95 498
ECYCJ 92 639
VDDAV 94 630
QOXTT 98 730
VGEHN 69 740
ESASL 94 758
RSAPR 70 775
OLJWD 103 28
LQRSB 97 137
PPARG 74 837
DEUVT 100 221
KPWSO 98 594
RTRTT 92 729
PVTBL 78 218
USXCR 98 370
TANRX 73 767
IWUEJ 70 701
DPFBN 91 924
HTHEU 97 445
QNJGF 79 188
DUUVI 83 966
TMPRD 73 892
UVWWA 100 401
CIJXG 88 787
TCFBT 92 57
ARQJI 70 361
BBEQU 99 597
FPVPH 100 211
DYSNS 96 891
AKWCF 104 409
AEHUT 103 956
QLKAY 100 300
PCEUM 102 418
ULJWE 86 538
EGRXT 87 777
BATJR 100 537
WNKWT 75 384
MLEXL 100 629
MRSVU 86 666
EMQPP 91 138
QWFVL 96 346
HRDSY 69 204
USGIT 79 437
HLJQH 78 230
CDSQQ 75 821
CDXOS 71 729
CSEJV 107 592
LAVNO 116 828
BJPCW 118 303
EEWDN 120 803
NSWNL 120 804
CRFAP 108 637
RRGSJ 109 836
EVRJS 105 547
PTGOG 115 6
GXXKY 110 836
GPYRJ 112 220
NAMIW 117 713
URQRN 114 217
VNMVC 118 968
ILJCV 104 842
RPSES 115 949
KBLTV 105 851
GWEBT 105 475
UHTGY 120 344
SIORJ 108 379
HVYCB 108 472
XWXKC 106 911
MYJUQ 113 306
CYRAA 118 786
MHSST 114 351
BHPVO 108 661
PJFAC 110 485
PPHEV 112 244
KASYI 117 127
FITHG 120 568
ETGWD 109 360
QEVLR 118 282
IWVIS 112 217
RGMBQ 116 711
BHJIL 109 673
NKPQH 119 642
YJHNN 113 196
QSUYA 110 87
BHFIF 118 78
BHGAT 112 347
PLOPU 111 467
RGUWS 112 623
GNREK 107 633
EXTIO 112 284
BLCRT 119 542
KSFKQ 117 240
CBYMU 117 171
ILGVD 78 990
NCMOV 114 7
EHWMY 111 303
IXFSR 106 867
MBDMO 108 398
UUUFN 115 878
FEWGR 16 532
LNYOQ 115 571
USCQU 111 818
GTMEV 114 306
NVHOQ 107 369
BIRYD 108 925
GTIGO 117 613
BRFDX 116 110
LUKHV 110 601
PWSDH 110 58
NNLDX 108 689
FRJQK 101 627
GYSBQ 34 672
IHXNO 36 637
CFHBH 35 806
WOSQW 36 764
WDKWF 36 26
FNRGA 34 727
GORGR 36 601
DAMJU 31 939
UWMUM 31 15
BTXFR 32 320
XLLOP 31 393
DEVDK 31 909
AQTEG 32 260
WHHUR 32 419
CLCBN 32 628
DKBIT 32 356
QEHJV 31 557
JJLYF 33 278
UYJLC 33 326
OPWYG 31 403
IIDEN 31 65
SMBBY 32 296
OMMWR 23 516
AQQEB 30 852
EQGCV 30 262
CNYXV 24 17
YNNEO 26 677
BVYTW 27 293
XQGNT 25 85
MSCLW 24 827
GPMAU 23 386
OFDLM 23 634
PWSCX 25 946
UDDXT 23 802
LRETM 24 798
ONJDK 27 869
CJUAT 26 305
NYQOR 23 723
MEPYN 26 371
HRTPA 23 85
SYNXJ 24 641
VNNPK 27 688
IDHCW 24 996
UDUYX 26 798
GGCAN 26 942
TLDST 26 266
UDLHW 30 211
UQFAB 28 331
GSCBR 29 597
GGCLQ 28 278
UIPRB 29 865
NDBQV 29 713
FDXYQ 30 528
EXHIP 30 693
JLPAB 19 316
FKVDD 19 68
SIEUM 18 523
QNLCB 19 884
KPSQX 18 321
NLXUA 18 821
FKNWI 19 703
VNSLS 18 544
FDQLL 19 504
JKXXQ 19 507
KXSRY 18 474
NLIDC 19 853
QGSUT 19 569
DRFHB 19 101
LWPOQ 21 923
UKLEO 22 478
VLNPA 21 6
UMFSA 21 498
JDQCV 22 723
RXEKS 22 449
JVETI 21 941
FJXCL 22 855
IXVOB 21 657
UESNM 20 414
RBPGI 10 244
WCMPW 13 863
WRBUR 11 985
NMICF 11 46
YIQYJ 10 199
QMWBG 14 426
STLHC 13 301
BHUJF 11 876
BRRSW 11 524
NAMMG 11 316
IDRMF 14 192
XJDKV 16 715
KICOD 17 781
ILRMA 17 208
IYOSE 17 135
DDIKT 17 727
EYLEM 49 375
BEQPM 98 337
DWPIA 47 516
VRJFK 48 625
KYFWJ 48 732
NBGEA 47 719
TGBOO 48 976
OGJJN 48 759
QRFUU 45 373
JYBBB 45 160
HPIAJ 46 795
HQJBQ 45 320
DRQUI 45 410
MQEFU 46 160
RBYVH 46 228
OYAET 41 149
VADWK 41 314
KODNI 42 40
QSJWI 43 944
CTEMX 41 75
CQEKQ 43 819
JQACM 40 61
NWCIG 42 546
SYPDI 43 296
PEARL 42 945
PAVEC 41 846
BBFYT 40 939
VENGA 39 1000
OXJTK 38 427
LBLDC 38 739
QQVTW 38 131
KRALC 39 625
FVBBM 37 788
QTIFE 39 491
QRTLR 38 612
WLLOM 38 223
DOAMT 41 497
JXMUP 50 955
GGNWH 53 551
KLEWS 53 108
YXTTP 53 357
USYHG 53 586
EFHAB 53 147
NPODH 52 395
EAUHP 52 556
LGFFN 54 987
YUHHM 54 540
ANKNA 54 1000
GQECF 52 721
RUEQO 53 466
YUBEV 64 84
LVSMT 68 287
HBHAQ 67 173
TEXNT 68 666
OXEOM 60 896
YGLDS 67 502
PCHDI 68 302
JUWJW 68 184
TLPOY 53 177
XKYVE 67 54
HTLEJ 58 683
MOQGB 60 339
CPAGH 60 306
PXLFP 66 973
XMFXC 61 737
DOYPG 62 293
NUNAR 64 528
NRJXM 60 399
HXIXF 66 675
UDDOW 62 923
FDEMV 62 881
TPHRK 63 406
VGRUG 61 943
CMSEU 63 644
JLHUB 61 65
TIMVO 62 22
YLKDB 65 179
MFXBW 65 696
GOWCK 60 882
KFONK 60 764
PMBDI 60 826
APOSH 66 81
VSDNU 58 296
PLMAM 58 360
HOAFN 56 636
HXYQN 58 293
IJOGX 59 496
JNAUI 57 621
ORSFM 45 394
CESLR 6 999
RYEJG 2 367
ITFOE 2 808
LNVWH 8 339
NXVDV 5 123
JMIDY 2 68
LPYUN 5 552
ONCCO 7 809
BCCFW 6 110
BDKAL 9 808
ERROR
ERROR
DEMTI 86 402
OXFKB 102 688
CBEQX 86 372
MQYWN 87 459
FWWUD 90 334
HBUPA 104 174
LVIJN 99 82
YPHDO 101 881
XRNPR 98 664
HENMH 100 568
YULUE 98 924
SOHCC 88 779
BPUCR 96 858
WLVXT 92 900
GYMTG 91 297
UDBHQ 94 966
OFSOH 102 320
BKXUA 91 921
XCAMY 98 580
FREKC 90 433
PGURT 99 356
KGPMY 97 188
IEVIA 102 141
QQIPQ 88 324
TRYVG 99 795
WUIAD 86 293
YAGBH 90 886
EPNRX 97 522
FVOWS 89 672
YYETU 96 992
USFUV 90 718
KELBG 94 741
URKYX 103 497
TBHOG 99 636
XTNUP 91 84
ULFSD 88 240
GKLEA 92 617
SUFYO 87 34
TKGIE 98 990
PISKP 103 465
WGUQV 92 46
EDFPY 94 384
BSYIG 93 183
LCOOP 95 498
ECYCJ 92 639
VDDAV 94 630
QOXTT 98 730
ESASL 94 758
OLJWD 103 28
LQRSB 97 137
DEUVT 100 221
KPWSO 98 594
RTRTT 92 729
USXCR 98 370
DPFBN 91 924
HTHEU 97 445
UVWWA 100 401
CIJXG 88 787
TCFBT 92 57
BBEQU 99 597
FPVPH 100 211
DYSNS 96 891
AKWCF 104 409
AEHUT 103 956
QLKAY 100 300
PCEUM 102 418
ULJWE 86 538
EGRXT 87 777
BATJR 100 537
MLEXL 100 629
MRSVU 86 666
EMQPP 91 138
QWFVL 96 346
CSEJV 107 592
LAVNO 116 828
BJPCW 118 303
EEWDN 120 803
NSWNL 120 804
CRFAP 108 637
RRGSJ 109 836
EVRJS 105 547
PTGOG 115 6
GXXKY 110 836
GPYRJ 112 220
NAMIW 117 713
URQRN 114 217
VNMVC 118 968
ILJCV 104 842
RPSES 115 949
KBLTV 105 851
GWEBT 105 475
UHTGY 120 344
SIORJ 108 379
HVYCB 108 472
XWXKC 106 911
MYJUQ 113 306
CYRAA 118 786
MHSST 114 351
BHPVO 108 661
PJFAC 110 485
PPHEV 112 244
KASYI 117 127
FITHG 120 568
ETGWD 109 360
QEVLR 118 282
IWVIS 112 217
RGMBQ 116 711
BHJIL 109 673
NKPQH 119 642
YJHNN 113 196
QSUYA 110 87
BHFIF 118 78
BHGAT 112 347
PLOPU 111 467
RGUWS 112 623
GNREK 107 633
EXTIO 112 284
BLCRT 119 542
KSFKQ 117 240
CBYMU 117 171
NCMOV 114 7
EHWMY 111 303
IXFSR 106 867
MBDMO 108 398
UUUFN 115 878
LNYOQ 115 571
USCQU 111 818
GTMEV 114 306
NVHOQ 107 369
BIRYD 108 925
GTIGO 117 613
BRFDX 116 110
LUKHV 110 601
PWSDH 110 58
NNLDX 108 689
FRJQK 101 627
BEQPM 98 337
VCECY 82 410
BTATL 69 846
SAPRR 81 530
IWJAF 82 949
GTWYJ 76 284
HMOHG 82 735
FIDRE 69 150
WLBSY 69 668
TMHAE 73 900
HYJKJ 77 266
CDEPM 82 264
ULIMY 75 51
WCMVN 78 225
AAJGM 82 593
EULLX 83 508
VFJEX 83 910
XIESO 80 199
MOAOU 77 134
TWVYR 74 664
NGSNT 77 66
SHVBC 72 167
ETOEP 80 169
TUJQR 71 281
GYCIQ 75 236
BWHEM 80 969
AHODY 82 231
NTPXK 75 353
XTIXI 78 42
JRHKT 72 919
UGCQO 81 919
UYQOC 69 62
AVLCB 70 17
ODNOV 81 833
VGEHN 69 740
RSAPR 70 775
PPARG 74 837
PVTBL 78 218
TANRX 73 767
IWUEJ 70 701
QNJGF 79 188
DUUVI 83 966
TMPRD 73 892
ARQJI 70 361
WNKWT 75 384
HRDSY 69 204
USGIT 79 437
HLJQH 78 230
CDSQQ 75 821
CDXOS 71 729
ILGVD 78 990
FEWGR 16 532
GYSBQ 34 672
IHXNO 36 637
CFHBH 35 806
WOSQW 36 764
WDKWF 36 26
FNRGA 34 727
GORGR 36 601
DAMJU 31 939
UWMUM 31 15
BTXFR 32 320
XLLOP 31 393
DEVDK 31 909
AQTEG 32 260
WHHUR 32 419
CLCBN 32 628
DKBIT 32 356
QEHJV 31 557
JJLYF 33 278
UYJLC 33 326
OPWYG 31 403
IIDEN 31 65
SMBBY 32 296
OMMWR 23 516
AQQEB 30 852
EQGCV 30 262
CNYXV 24 17
YNNEO 26 677
BVYTW 27 293
XQGNT 25 85
MSCLW 24 827
GPMAU 23 386
OFDLM 23 634
PWSCX 25 946
UDDXT 23 802
LRETM 24 798
ONJDK 27 869
CJUAT 26 305
NYQOR 23 723
MEPYN 26 371
HRTPA 23 85
SYNXJ 24 641
VNNPK 27 688
IDHCW 24 996
UDUYX 26 798
GGCAN 26 942
TLDST 26 266
UDLHW 30 211
UQFAB 28 331
GSCBR 29 597
GGCLQ 28 278
UIPRB 29 865
NDBQV 29 713
FDXYQ 30 528
EXHIP 30 693
JLPAB 19 316
FKVDD 19 68
SIEUM 18 523
QNLCB 19 884
KPSQX 18 321
NLXUA 18 821
FKNWI 19 703
VNSLS 18 544
FDQLL 19 504
JKXXQ 19 507
KXSRY 18 474
NLIDC 19 853
QGSUT 19 569
DRFHB 19 101
LWPOQ 21 923
UKLEO 22 478
VLNPA 21 6
UMFSA 21 498
JDQCV 22 723
RXEKS 22 449
JVETI 21 941
FJXCL 22 855
IXVOB 21 657
UESNM 20 414
RBPGI 10 244
WCMPW 13 863
WRBUR 11 985
NMICF 11 46
YIQYJ 10 199
QMWBG 14 426
STLHC 13 301
BHUJF 11 876
BRRSW 11 524
NAMMG 11 316
IDRMF 14 192
XJDKV 16 715
KICOD 17 781
ILRMA 17 208
IYOSE 17 135
DDIKT 17 727
EYLEM 49 375
DWPIA 47 516
VRJFK 48 625
KYFWJ 48 732
NBGEA 47 719
TGBOO 48 976
OGJJN 48 759
QRFUU 45 373
JYBBB 45 160
HPIAJ 46 795
HQJBQ 45 320
DRQUI 45 410
MQEFU 46 160
RBYVH 46 228
OYAET 41 149
VADWK 41 314
KODNI 42 40
QSJWI 43 944
CTEMX 41 75
CQEKQ 43 819
JQACM 40 61
NWCIG 42 546
SYPDI 43 296
PEARL 42 945
PAVEC 41 846
BBFYT 40 939
VENGA 39 1000
OXJTK 38 427
LBLDC 38 739
QQVTW 38 131
KRALC 39 625
FVBBM 37 788
QTIFE 39 491
QRTLR 38 612
WLLOM 38 223
DOAMT 41 497
JXMUP 50 955
GGNWH 53 551
KLEWS 53 108
YXTTP 53 357
USYHG 53 586
EFHAB 53 147
NPODH 52 395
EAUHP 52 556
LGFFN 54 987
YUHHM 54 540
ANKNA 54 1000
GQECF 52 721
RUEQO 53 466
YUBEV 64 84
LVSMT 68 287
HBHAQ 67 173
TEXNT 68 666
OXEOM 60 896
YGLDS 67 502
PCHDI 68 302
JUWJW 68 184
TLPOY 53 177
XKYVE 67 54
HTLEJ 58 683
MOQGB 60 339
CPAGH 60 306
PXLFP 66 973
ECIOH 61 122
XMFXC 61 737
DOYPG 62 293
NUNAR 64 528
NRJXM 60 399
HXIXF 66 675
UDDOW 62 923
FDEMV 62 881
TPHRK 63 406
VGRUG 61 943
CMSEU 63 644
JLHUB 61 65
TIMVO 62 22
YLKDB 65 179
MFXBW 65 696
GOWCK 60 882
KFONK 60 764
PMBDI 60 826
APOSH 66 81
VSDNU 58 296
PLMAM 58 360
HOAFN 56 636
HXYQN 58 293
IJOGX 59 496
JNAUI 57 621
ORSFM 45 394
CESLR 6 999
RYEJG 2 367
ITFOE 2 808
LNVWH 8 339
NXVDV 5 123
JMIDY 2 68
LPYUN 5 552
ONCCO 7 809
BCCFW 6 110
BDKAL 9 808
