ERROR
ERROR
ERROR
ERROR
ERROR
ERROR
ERROR
ERROR
ERROR
ERROR
ERROR
ERROR
ERROR
ERROR
ERROR
ERROR
ERROR
ERROR
ERROR
ERROR
ERROR
ERROR
ERROR
ERROR
QVUXX 1 111
ITOEW 5 665
WBQAL 12 35
GCPBA 13 945
IXVMW 12 534
QQEGI 3 834
VRTPM 5 326
WCMPW 13 863
UQMAK 8 44
BDKAL 9 808
XJDKV 16 715
NWFQJ 13 771
QXACH 2 669
HMSEW 5 441
BDGEP 2 70
CESLR 6 999
KICOD 17 781
RYEJG 2 367
ILRMA 17 208
JCDTW 5 642
WRBUR 11 985
ITFOE 2 808
LNVWH 8 339
IYOSE 17 135
NXVDV 5 123
NMICF 11 46
JMIDY 2 68
YIQYJ 10 199
QMWBG 14 426
DDIKT 17 727
STLHC 13 301
LPYUN 5 552
BHUJF 11 876
BRRSW 11 524
HAMDX 13 859
NAMMG 11 316
RSQSW 8 29
ONCCO 7 809
OKIAU 15 706
OQBDW 16 75
UWMFD 23 386
FKVDD 19 68
SIEUM 18 523
QNLCB 19 884
KPSQX 18 321
XHXGS 84 295
NLXUA 18 821
FKNWI 19 703
BCCFW 6 110
VNSLS 18 544
FDQLL 19 504
JKXXQ 19 507
KXSRY 18 474
NLIDC 19 853
QGSUT 19 569
DRFHB 19 101
QRFUU 45 373
UIFLE 72 755
JWHPL 69 698
MOQGB 60 339
MLBGK 83 7
AXLJK 48 715
CSEJV 107 592
JQNAI 75 307
LAVNO 116 828
FXSGF 62 72
BJPCW 118 303
YSLGN 85 578
EEWDN 120 803
OXFKB 102 688
VCECY 82 410
CBEQX 86 372
NSWNL 120 804
BTATL 69 846
MQYWN 87 459
OCXTG 22 502
CPAGH 60 306
PXLFP 66 973
CRFAP 108 637
RRGSJ 109 836
EVRJS 105 547
XMFXC 61 737
PTGOG 115 6
SAPRR 81 530
DOYPG 62 293
GGNWH 53 551
FWWUD 90 334
NGLCB 91 194
JYBBB 45 160
IWJAF 82 949
HBUPA 104 174
GTWYJ 76 284
HMOHG 82 735
KAYHK 49 53
NUNAR 64 528
LVIJN 99 82
BAWHM 40 284
NPCCW 41 499
VSDNU 58 296
VKKXV 43 734
WLBSY 69 668
GXXKY 110 836
GPYRJ 112 220
KLEWS 53 108
YPHDO 101 881
WUJFW 41 510
TMHAE 73 900
HYJKJ 77 266
XRNPR 98 664
YXTTP 53 357
NRJXM 60 399
HXIXF 66 675
NAMIW 117 713
CDEPM 82 264
ULIMY 75 51
HENMH 100 568
UDDOW 62 923
URQRN 114 217
CNYXV 24 17
WCMVN 78 225
AAJGM 82 593
OMQBN 57 12
VNMVC 118 968
YULUE 98 924
SOHCC 88 779
HPIAJ 46 795
BPUCR 96 858
RPSES 115 949
VADWK 41 314
KBLTV 105 851
EULLX 83 508
WLVXT 92 900
VFJEX 83 910
GYMTG 91 297
UDBHQ 94 966
OFSOH 102 320
GWEBT 105 475
UHTGY 120 344
WVUWP 69 790
SIORJ 108 379
FDEMV 62 881
FFWRQ 94 864
XIESO 80 199
PLMAM 58 360
BKXUA 91 921
IIDEN 31 65
TPHRK 63 406
HVYCB 108 472
XWXKC 106 911
HBHAQ 67 173
XCAMY 98 580
HOAFN 56 636
PGURT 99 356
MYJUQ 113 306
JFKKR 65 233
TERML 112 892
CYRAA 118 786
VAQYE 47 874
KGPMY 97 188
MHSST 114 351
QTGML 50 937
IEVIA 102 141
MOAOU 77 134
TWVYR 74 664
BHPVO 108 661
HXYQN 58 293
ETKQP 50 593
NGSNT 77 66
VFFPH 80 101
FKRDQ 51 956
EWRIL 105 31
HQJBQ 45 320
PJFAC 110 485
QQIPQ 88 324
EYLEM 49 375
SHVBC 72 167
DRQUI 45 410
TUJQR 71 281
MQEFU 46 160
DWPIA 47 516
TRYVG 99 795
PPHEV 112 244
GYCIQ 75 236
KASYI 117 127
WCTWM 77 690
BWHEM 80 969
FITHG 120 568
WUIAD 86 293
VRJFK 48 625
ETGWD 109 360
YAGBH 90 886
QEVLR 118 282
KYFWJ 48 732
VGRUG 61 943
TEXNT 68 666
AHODY 82 231
NTPXK 75 353
EPNRX 97 522
IJOGX 59 496
FVOWS 89 672
IWVIS 112 217
USYHG 53 586
XTIXI 78 42
RGMBQ 116 711
YYETU 96 992
NKPQH 119 642
YJHNN 113 196
JRHKT 72 919
EFHAB 53 147
FIDRE 69 150
KODNI 42 40
UGCQO 81 919
USFUV 90 718
RBYVH 46 228
KELBG 94 741
URKYX 103 497
TBHOG 99 636
XTNUP 91 84
QSUYA 110 87
KVXAT 71 175
CMSEU 63 644
UYQOC 69 62
QSJWI 43 944
ULFSD 88 240
CTEMX 41 75
WJCQA 58 463
NPODH 52 395
NBGEA 47 719
TTEQR 58 503
JNAUI 57 621
AVLCB 70 17
ICHTN 55 133
CQEKQ 43 819
IEDFO 58 568
SUFYO 87 34
THDEK 95 940
TKGIE 98 990
PISKP 103 465
WGUQV 92 46
EDFPY 94 384
JXMUP 50 955
BSYIG 93 183
JLHUB 61 65
ODNOV 81 833
JQACM 40 61
BHFIF 118 78
LCOOP 95 498
ECYCJ 92 639
BHGAT 112 347
VDDAV 94 630
TIMVO 62 22
QOXTT 98 730
YGLDS 67 502
PLOPU 111 467
RGUWS 112 623
VGEHN 69 740
QMQNB 99 113
EAUHP 52 556
ESASL 94 758
GNREK 107 633
RSAPR 70 775
EXTIO 112 284
OLJWD 103 28
RSMRE 101 21
LQRSB 97 137
PPARG 74 837
DEUVT 100 221
TGBOO 48 976
BLCRT 119 542
KSFKQ 117 240
KPWSO 98 594
RTRTT 92 729
NWCIG 42 546
CBYMU 117 171
NVHHD 55 585
PVTBL 78 218
USXCR 98 370
NCMOV 114 7
YLKDB 65 179
TANRX 73 767
IWUEJ 70 701
DPFBN 91 924
XMDXK 59 931
HTHEU 97 445
QNJGF 79 188
EHWMY 111 303
YUHHM 54 540
MFXBW 65 696
PCHDI 68 302
WPUIL 87 161
DUUVI 83 966
IXFSR 106 867
IPJGL 74 263
TMPRD 73 892
ANKNA 54 1000
UVWWA 100 401
CIJXG 88 787
UQPBT 55 324
TCFBT 92 57
MBDMO 108 398
UUUFN 115 878
AYTUJ 52 214
ARQJI 70 361
BBEQU 99 597
GOWCK 60 882
KFONK 60 764
BHJIL 109 673
LNYOQ 115 571
USCQU 111 818
FPVPH 100 211
JUWJW 68 184
DYSNS 96 891
GQECF 52 721
AKWCF 104 409
RUEQO 53 466
AEHUT 103 956
QLKAY 100 300
SYPDI 43 296
GTMEV 114 306
NVHOQ 107 369
PEARL 42 945
BIRYD 108 925
PCEUM 102 418
GTIGO 117 613
BRFDX 116 110
ULJWE 86 538
PMBDI 60 826
XRSGF 59 240
EGRXT 87 777
LUKHV 110 601
TLDST 26 266
BGDSM 95 486
RFGME 44 368
BATJR 100 537
PWSDH 110 58
QGYQL 118 144
WNKWT 75 384
MANRU 120 413
CRNRW 55 256
BIGIR 56 178
MLEXL 100 629
IXVOB 21 657
XKYVE 67 54
GXIXY 109 772
MRSVU 86 666
GYASR 118 306
OGJJN 48 759
APOSH 66 81
GORRB 117 530
EMQPP 91 138
HRDSY 69 204
LSYTD 57 554
PAVEC 41 846
GRFIV 58 74
USGIT 79 437
HLJQH 78 230
CDSQQ 75 821
TIJUW 102 503
HCGDS 44 795
CDXOS 71 729
VOEMO 46 722
OILAY 98 612
LGFFN 54 987
BBFYT 40 939
CXBSO 77 830
MTUUJ 56 503
AERJU 61 626
CTFXF 115 435
OSOHK 97 882
VJBYJ 45 12
DOGQP 60 936
TSYLN 105 184
XVEJQ 75 770
LFAXN 48 421
BTXFR 32 320
XLLOP 31 393
LHLMW 34 65
ENBBI 21 130
CYRQP 22 501
FUQWQ 36 108
YNNEO 26 677
BVYTW 27 293
NUPMH 34 325
VENGA 39 1000
XQGNT 25 85
LQKGO 36 848
DEVDK 31 909
UDLHW 30 211
LWPOQ 21 923
NMXYJ 22 771
OXJTK 38 427
GYSBQ 34 672
LBLDC 38 739
IHXNO 36 637
AQTEG 32 260
UQFAB 28 331
MSCLW 24 827
GPMAU 23 386
CFHBH 35 806
QQVTW 38 131
GSCBR 29 597
WHHUR 32 419
UKLEO 22 478
VLNPA 21 6
OFDLM 23 634
CLCBN 32 628
PWSCX 25 946
DKBIT 32 356
GGCLQ 28 278
KRALC 39 625
UDDXT 23 802
DYHCE 58 618
WOSQW 36 764
UMFSA 21 498
FVBBM 37 788
QTIFE 39 491
INJVJ 36 187
JDQCV 22 723
UIPRB 29 865
NDBQV 29 713
LRETM 24 798
ONJDK 27 869
QEHJV 31 557
FDXYQ 30 528
JJLYF 33 278
UYJLC 33 326
PJSCH 39 69
CJUAT 26 305
OPWYG 31 403
WDKWF 36 26
NYQOR 23 723
FNRGA 34 727
MEPYN 26 371
NQAEL 28 12
HRTPA 23 85
SYNXJ 24 641
FSVPQ 30 643
GORGR 36 601
RXEKS 22 449
SMBBY 32 296
JVETI 21 941
QRTLR 38 612
GOFPD 117 957
VNNPK 27 688
IDHCW 24 996
ERROR
ERROR
ERROR
ERROR
ERROR
ERROR
FSVPQ 30 643
SYNXJ 24 641
HRTPA 23 85
NQAEL 28 12
MEPYN 26 371
FNRGA 34 727
NYQOR 23 723
WDKWF 36 26
OPWYG 31 403
CJUAT 26 305
PJSCH 39 69
UYJLC 33 326
JJLYF 33 278
FDXYQ 30 528
QEHJV 31 557
ONJDK 27 869
LRETM 24 798
NDBQV 29 713
UIPRB 29 865
JDQCV 22 723
QTIFE 39 491
FVBBM 37 788
UMFSA 21 498
WOSQW 36 764
DYHCE 58 618
UDDXT 23 802
KRALC 39 625
GGCLQ 28 278
DKBIT 32 356
PWSCX 25 946
CLCBN 32 628
OFDLM 23 634
VLNPA 21 6
UKLEO 22 478
WHHUR 32 419
GSCBR 29 597
QQVTW 38 131
CFHBH 35 806
GPMAU 23 386
MSCLW 24 827
UQFAB 28 331
AQTEG 32 260
IHXNO 36 637
LBLDC 38 739
GYSBQ 34 672
OXJTK 38 427
LWPOQ 21 923
UDLHW 30 211
DEVDK 31 909
LQKGO 36 848
XQGNT 25 85
VENGA 39 1000
NUPMH 34 325
BVYTW 27 293
YNNEO 26 677
FUQWQ 36 108
CYRQP 22 501
ENBBI 21 130
LHLMW 34 65
XLLOP 31 393
BTXFR 32 320
XVEJQ 75 770
TSYLN 105 184
DOGQP 60 936
VJBYJ 45 12
OSOHK 97 882
CTFXF 115 435
AERJU 61 626
MTUUJ 56 503
CXBSO 77 830
BBFYT 40 939
LGFFN 54 987
OILAY 98 612
CDXOS 71 729
HCGDS 44 795
TIJUW 102 503
CDSQQ 75 821
HLJQH 78 230
USGIT 79 437
GRFIV 58 74
PAVEC 41 846
LSYTD 57 554
HRDSY 69 204
EMQPP 91 138
GORRB 117 530
APOSH 66 81
OGJJN 48 759
GYASR 118 306
MRSVU 86 666
GXIXY 109 772
XKYVE 67 54
IXVOB 21 657
MLEXL 100 629
BIGIR 56 178
CRNRW 55 256
WNKWT 75 384
PWSDH 110 58
BATJR 100 537
RFGME 44 368
BGDSM 95 486
TLDST 26 266
LUKHV 110 601
EGRXT 87 777
XRSGF 59 240
PMBDI 60 826
ULJWE 86 538
BRFDX 116 110
GTIGO 117 613
PCEUM 102 418
BIRYD 108 925
PEARL 42 945
NVHOQ 107 369
GTMEV 114 306
SYPDI 43 296
QLKAY 100 300
AEHUT 103 956
RUEQO 53 466
AKWCF 104 409
GQECF 52 721
DYSNS 96 891
JUWJW 68 184
FPVPH 100 211
USCQU 111 818
LNYOQ 115 571
BHJIL 109 673
KFONK 60 764
GOWCK 60 882
BBEQU 99 597
JLPAB 19 316
ARQJI 70 361
AYTUJ 52 214
UUUFN 115 878
MBDMO 108 398
TCFBT 92 57
UQPBT 55 324
CIJXG 88 787
UVWWA 100 401
ANKNA 54 1000
TMPRD 73 892
IPJGL 74 263
FRJQK 101 627
IXFSR 106 867
DUUVI 83 966
WPUIL 87 161
PCHDI 68 302
MFXBW 65 696
YUHHM 54 540
EHWMY 111 303
QNJGF 79 188
IMFWM 36 676
HTHEU 97 445
XMDXK 59 931
DPFBN 91 924
IWUEJ 70 701
TANRX 73 767
YLKDB 65 179
NCMOV 114 7
USXCR 98 370
PVTBL 78 218
NVHHD 55 585
CBYMU 117 171
NWCIG 42 546
RTRTT 92 729
KPWSO 98 594
EQGCV 30 262
KSFKQ 117 240
BLCRT 119 542
TGBOO 48 976
DEUVT 100 221
PPARG 74 837
LQRSB 97 137
RSMRE 101 21
OLJWD 103 28
EXTIO 112 284
RSAPR 70 775
GNREK 107 633
ESASL 94 758
EAUHP 52 556
QMQNB 99 113
VGEHN 69 740
RGUWS 112 623
PLOPU 111 467
YGLDS 67 502
QOXTT 98 730
OYAET 41 149
TIMVO 62 22
VDDAV 94 630
BHGAT 112 347
ECYCJ 92 639
LCOOP 95 498
BHFIF 118 78
JQACM 40 61
ODNOV 81 833
JLHUB 61 65
BSYIG 93 183
JXMUP 50 955
EDFPY 94 384
WGUQV 92 46
PISKP 103 465
TKGIE 98 990
SUFYO 87 34
IEDFO 58 568
CQEKQ 43 819
ICHTN 55 133
AVLCB 70 17
JNAUI 57 621
TTEQR 58 503
NBGEA 47 719
NPODH 52 395
WJCQA 58 463
CTEMX 41 75
ULFSD 88 240
QSJWI 43 944
UYQOC 69 62
CMSEU 63 644
KVXAT 71 175
QSUYA 110 87
XTNUP 91 84
ILGVD 78 990
TBHOG 99 636
URKYX 103 497
KELBG 94 741
RBYVH 46 228
USFUV 90 718
UGCQO 81 919
KODNI 42 40
FIDRE 69 150
EFHAB 53 147
JRHKT 72 919
YJHNN 113 196
XDXCX 8 888
NKPQH 119 642
YYETU 96 992
RGMBQ 116 711
XTIXI 78 42
USYHG 53 586
IWVIS 112 217
FVOWS 89 672
IJOGX 59 496
EPNRX 97 522
NTPXK 75 353
AHODY 82 231
TEXNT 68 666
VGRUG 61 943
KYFWJ 48 732
QEVLR 118 282
IDRMF 14 192
YAGBH 90 886
ETGWD 109 360
VRJFK 48 625
WUIAD 86 293
FITHG 120 568
BWHEM 80 969
WCTWM 77 690
KASYI 117 127
GYCIQ 75 236
PPHEV 112 244
TRYVG 99 795
DWPIA 47 516
MQEFU 46 160
TUJQR 71 281
DRQUI 45 410
SHVBC 72 167
EYLEM 49 375
QQIPQ 88 324
PJFAC 110 485
HQJBQ 45 320
EWRIL 105 31
FKRDQ 51 956
NGSNT 77 66
ETKQP 50 593
HXYQN 58 293
BHPVO 108 661
TWVYR 74 664
MOAOU 77 134
IEVIA 102 141
MHSST 114 351
KGPMY 97 188
VAQYE 47 874
CYRAA 118 786
TERML 112 892
MYJUQ 113 306
PGURT 99 356
HOAFN 56 636
XCAMY 98 580
HBHAQ 67 173
XWXKC 106 911
HVYCB 108 472
TPHRK 63 406
IIDEN 31 65
BKXUA 91 921
PLMAM 58 360
XIESO 80 199
UWMUM 31 15
FFWRQ 94 864
FDEMV 62 881
SIORJ 108 379
UHTGY 120 344
GWEBT 105 475
OFSOH 102 320
UDBHQ 94 966
GYMTG 91 297
VFJEX 83 910
WLVXT 92 900
EULLX 83 508
KBLTV 105 851
GWWAF 3 254
VADWK 41 314
RPSES 115 949
BPUCR 96 858
UVUID 2 216
HPIAJ 46 795
SOHCC 88 779
YULUE 98 924
VNMVC 118 968
OMQBN 57 12
AAJGM 82 593
WCMVN 78 225
CNYXV 24 17
URQRN 114 217
UDDOW 62 923
HENMH 100 568
ULIMY 75 51
CDEPM 82 264
NAMIW 117 713
HXIXF 66 675
NRJXM 60 399
YXTTP 53 357
XRNPR 98 664
HYJKJ 77 266
TMHAE 73 900
WUJFW 41 510
YPHDO 101 881
KLEWS 53 108
GPYRJ 112 220
GXXKY 110 836
WLBSY 69 668
VKKXV 43 734
OXEOM 60 896
VSDNU 58 296
NPCCW 41 499
BAWHM 40 284
LVIJN 99 82
NUNAR 64 528
KAYHK 49 53
HMOHG 82 735
GTWYJ 76 284
HBUPA 104 174
IWJAF 82 949
JYBBB 45 160
NGLCB 91 194
FWWUD 90 334
GGNWH 53 551
DOYPG 62 293
SAPRR 81 530
PTGOG 115 6
XMFXC 61 737
EVRJS 105 547
RRGSJ 109 836
CRFAP 108 637
PXLFP 66 973
CPAGH 60 306
OCXTG 22 502
MQYWN 87 459
BTATL 69 846
NSWNL 120 804
CBEQX 86 372
VCECY 82 410
OXFKB 102 688
EEWDN 120 803
YSLGN 85 578
BJPCW 118 303
FXSGF 62 72
LAVNO 116 828
JQNAI 75 307
CSEJV 107 592
AXLJK 48 715
MLBGK 83 7
MOQGB 60 339
JWHPL 69 698
QRFUU 45 373
DRFHB 19 101
QGSUT 19 569
NLIDC 19 853
KXSRY 18 474
JKXXQ 19 507
FDQLL 19 504
VNSLS 18 544
BCCFW 6 110
FKNWI 19 703
NLXUA 18 821
XHXGS 84 295
KPSQX 18 321
QNLCB 19 884
SIEUM 18 523
FKVDD 19 68
UWMFD 23 386
OQBDW 16 75
OKIAU 15 706
ONCCO 7 809
RSQSW 8 29
NAMMG 11 316
BRRSW 11 524
BHUJF 11 876
LPYUN 5 552
STLHC 13 301
DDIKT 17 727
QMWBG 14 426
YIQYJ 10 199
JMIDY 2 68
NMICF 11 46
NXVDV 5 123
IYOSE 17 135
LNVWH 8 339
ITFOE 2 808
WRBUR 11 985
JCDTW 5 642
ILRMA 17 208
RYEJG 2 367
KICOD 17 781
CESLR 6 999
ERROR
ERROR
ERROR
ERROR
NMICF 11 46
JMIDY 2 68
YIQYJ 10 199
QMWBG 14 426
DDIKT 17 727
STLHC 13 301
WKYGP 30 844
LPYUN 5 552
BHUJF 11 876
BRRSW 11 524
NAMMG 11 316
RSQSW 8 29
ONCCO 7 809
OKIAU 15 706
OQBDW 16 75
UWMFD 23 386
FKVDD 19 68
SIEUM 18 523
QNLCB 19 884
KPSQX 18 321
XHXGS 84 295
NLXUA 18 821
FKNWI 19 703
BCCFW 6 110
VNSLS 18 544
FDQLL 19 504
JKXXQ 19 507
KXSRY 18 474
NLIDC 19 853
QGSUT 19 569
DRFHB 19 101
QRFUU 45 373
JWHPL 69 698
MOQGB 60 339
MLBGK 83 7
AXLJK 48 715
CSEJV 107 592
JQNAI 75 307
LAVNO 116 828
FXSGF 62 72
BJPCW 118 303
YSLGN 85 578
EEWDN 120 803
OXFKB 102 688
VCECY 82 410
CBEQX 86 372
NSWNL 120 804
BTATL 69 846
MQYWN 87 459
OCXTG 22 502
CPAGH 60 306
PXLFP 66 973
CRFAP 108 637
RRGSJ 109 836
EVRJS 105 547
XMFXC 61 737
PTGOG 115 6
SAPRR 81 530
DOYPG 62 293
GGNWH 53 551
FWWUD 90 334
NGLCB 91 194
JYBBB 45 160
IWJAF 82 949
HBUPA 104 174
GTWYJ 76 284
HMOHG 82 735
KAYHK 49 53
NUNAR 64 528
LVIJN 99 82
BAWHM 40 284
NPCCW 41 499
VSDNU 58 296
OXEOM 60 896
VKKXV 43 734
WLBSY 69 668
GXXKY 110 836
GPYRJ 112 220
KLEWS 53 108
YPHDO 101 881
WUJFW 41 510
TMHAE 73 900
HYJKJ 77 266
XRNPR 98 664
YXTTP 53 357
NRJXM 60 399
HXIXF 66 675
NAMIW 117 713
CDEPM 82 264
ULIMY 75 51
HENMH 100 568
UDDOW 62 923
URQRN 114 217
CNYXV 24 17
WCMVN 78 225
AAJGM 82 593
OMQBN 57 12
VNMVC 118 968
YULUE 98 924
SOHCC 88 779
HPIAJ 46 795
UVUID 2 216
BPUCR 96 858
RPSES 115 949
VADWK 41 314
GWWAF 3 254
KBLTV 105 851
EULLX 83 508
WLVXT 92 900
VFJEX 83 910
GYMTG 91 297
UDBHQ 94 966
OFSOH 102 320
GWEBT 105 475
UHTGY 120 344
SIORJ 108 379
FDEMV 62 881
FFWRQ 94 864
UWMUM 31 15
XIESO 80 199
PLMAM 58 360
BKXUA 91 921
IIDEN 31 65
DAMJU 31 939
TPHRK 63 406
HVYCB 108 472
XWXKC 106 911
HBHAQ 67 173
XCAMY 98 580
HOAFN 56 636
PGURT 99 356
MYJUQ 113 306
TERML 112 892
CYRAA 118 786
VAQYE 47 874
KGPMY 97 188
MHSST 114 351
IEVIA 102 141
MOAOU 77 134
TWVYR 74 664
BHPVO 108 661
HXYQN 58 293
ETKQP 50 593
NGSNT 77 66
FKRDQ 51 956
EWRIL 105 31
HQJBQ 45 320
PJFAC 110 485
QQIPQ 88 324
EYLEM 49 375
SHVBC 72 167
DRQUI 45 410
TUJQR 71 281
MQEFU 46 160
DWPIA 47 516
TRYVG 99 795
PPHEV 112 244
GYCIQ 75 236
KASYI 117 127
WCTWM 77 690
BWHEM 80 969
FITHG 120 568
WUIAD 86 293
VRJFK 48 625
ETGWD 109 360
YAGBH 90 886
IDRMF 14 192
QEVLR 118 282
KYFWJ 48 732
VGRUG 61 943
TEXNT 68 666
AHODY 82 231
NTPXK 75 353
EPNRX 97 522
IJOGX 59 496
FVOWS 89 672
IWVIS 112 217
USYHG 53 586
XTIXI 78 42
RGMBQ 116 711
YYETU 96 992
NKPQH 119 642
XDXCX 8 888
YJHNN 113 196
JRHKT 72 919
EFHAB 53 147
FIDRE 69 150
KODNI 42 40
UGCQO 81 919
USFUV 90 718
RBYVH 46 228
KELBG 94 741
URKYX 103 497
TBHOG 99 636
ILGVD 78 990
XTNUP 91 84
QSUYA 110 87
CMSEU 63 644
UYQOC 69 62
QSJWI 43 944
ULFSD 88 240
CTEMX 41 75
NPODH 52 395
NBGEA 47 719
TTEQR 58 503
JNAUI 57 621
AVLCB 70 17
LVSMT 68 287
ICHTN 55 133
CQEKQ 43 819
IEDFO 58 568
SUFYO 87 34
TKGIE 98 990
PISKP 103 465
WGUQV 92 46
EDFPY 94 384
JXMUP 50 955
BSYIG 93 183
JLHUB 61 65
ODNOV 81 833
JQACM 40 61
BHFIF 118 78
LCOOP 95 498
ECYCJ 92 639
BHGAT 112 347
VDDAV 94 630
TIMVO 62 22
OYAET 41 149
QOXTT 98 730
YGLDS 67 502
PLOPU 111 467
RGUWS 112 623
VGEHN 69 740
QMQNB 99 113
EAUHP 52 556
ESASL 94 758
GNREK 107 633
RSAPR 70 775
EXTIO 112 284
OLJWD 103 28
RSMRE 101 21
LQRSB 97 137
PPARG 74 837
DEUVT 100 221
TGBOO 48 976
BLCRT 119 542
KSFKQ 117 240
EQGCV 30 262
KPWSO 98 594
RTRTT 92 729
NWCIG 42 546
CBYMU 117 171
NVHHD 55 585
PVTBL 78 218
USXCR 98 370
NCMOV 114 7
YLKDB 65 179
TANRX 73 767
IWUEJ 70 701
DPFBN 91 924
XMDXK 59 931
HTHEU 97 445
IMFWM 36 676
QNJGF 79 188
EHWMY 111 303
YUHHM 54 540
MFXBW 65 696
PCHDI 68 302
WPUIL 87 161
DUUVI 83 966
IXFSR 106 867
FRJQK 101 627
IPJGL 74 263
TMPRD 73 892
ANKNA 54 1000
UVWWA 100 401
CIJXG 88 787
UQPBT 55 324
TCFBT 92 57
MBDMO 108 398
UUUFN 115 878
ARQJI 70 361
JLPAB 19 316
BBEQU 99 597
GOWCK 60 882
KFONK 60 764
BHJIL 109 673
LNYOQ 115 571
USCQU 111 818
FPVPH 100 211
JUWJW 68 184
DYSNS 96 891
GQECF 52 721
AKWCF 104 409
RUEQO 53 466
AEHUT 103 956
QLKAY 100 300
SYPDI 43 296
GTMEV 114 306
NVHOQ 107 369
PEARL 42 945
BIRYD 108 925
PCEUM 102 418
GTIGO 117 613
BRFDX 116 110
ULJWE 86 538
PMBDI 60 826
XRSGF 59 240
EGRXT 87 777
LUKHV 110 601
TLDST 26 266
BGDSM 95 486
RFGME 44 368
BATJR 100 537
PWSDH 110 58
WNKWT 75 384
CRNRW 55 256
BIGIR 56 178
MLEXL 100 629
IXVOB 21 657
XKYVE 67 54
GXIXY 109 772
MRSVU 86 666
GYASR 118 306
OGJJN 48 759
APOSH 66 81
GORRB 117 530
EMQPP 91 138
HRDSY 69 204
LSYTD 57 554
PAVEC 41 846
GRFIV 58 74
USGIT 79 437
HLJQH 78 230
CDSQQ 75 821
TIJUW 102 503
HCGDS 44 795
CDXOS 71 729
BKRGM 62 627
OILAY 98 612
LGFFN 54 987
BBFYT 40 939
CXBSO 77 830
MTUUJ 56 503
AERJU 61 626
CTFXF 115 435
OSOHK 97 882
VJBYJ 45 12
DOGQP 60 936
TSYLN 105 184
XVEJQ 75 770
BTXFR 32 320
XLLOP 31 393
LHLMW 34 65
ENBBI 21 130
CYRQP 22 501
FUQWQ 36 108
YNNEO 26 677
BVYTW 27 293
NUPMH 34 325
VENGA 39 1000
XQGNT 25 85
LQKGO 36 848
DEVDK 31 909
UDLHW 30 211
LWPOQ 21 923
OXJTK 38 427
GYSBQ 34 672
LBLDC 38 739
IHXNO 36 637
AQTEG 32 260
UCCTD 81 477
UQFAB 28 331
MSCLW 24 827
GPMAU 23 386
CFHBH 35 806
QQVTW 38 131
GSCBR 29 597
WHHUR 32 419
UKLEO 22 478
VLNPA 21 6
OFDLM 23 634
CLCBN 32 628
PWSCX 25 946
DKBIT 32 356
GGCLQ 28 278
KRALC 39 625
UDDXT 23 802
DYHCE 58 618
WOSQW 36 764
UMFSA 21 498
FVBBM 37 788
QTIFE 39 491
JDQCV 22 723
UIPRB 29 865
NDBQV 29 713
LRETM 24 798
ONJDK 27 869
QEHJV 31 557
FDXYQ 30 528
JJLYF 33 278
UYJLC 33 326
PJSCH 39 69
CJUAT 26 305
OPWYG 31 403
WDKWF 36 26
NYQOR 23 723
FNRGA 34 727
ERROR
ERROR
ERROR
ERROR
ERROR
ERROR
ERROR
DDIKT 17 727
STLHC 13 301
WKYGP 30 844
LPYUN 5 552
BHUJF 11 876
BRRSW 11 524
NAMMG 11 316
RSQSW 8 29
ONCCO 7 809
OKIAU 15 706
OQBDW 16 75
UWMFD 23 386
FKVDD 19 68
SIEUM 18 523
QNLCB 19 884
KPSQX 18 321
XHXGS 84 295
NLXUA 18 821
FKNWI 19 703
BCCFW 6 110
VNSLS 18 544
FDQLL 19 504
JKXXQ 19 507
KXSRY 18 474
NLIDC 19 853
QGSUT 19 569
DRFHB 19 101
QRFUU 45 373
JWHPL 69 698
MOQGB 60 339
MLBGK 83 7
AXLJK 48 715
CSEJV 107 592
JQNAI 75 307
LAVNO 116 828
BJPCW 118 303
YSLGN 85 578
EEWDN 120 803
OXFKB 102 688
VCECY 82 410
CBEQX 86 372
NSWNL 120 804
BTATL 69 846
MQYWN 87 459
OCXTG 22 502
CPAGH 60 306
PXLFP 66 973
CRFAP 108 637
RRGSJ 109 836
EVRJS 105 547
XMFXC 61 737
PTGOG 115 6
SAPRR 81 530
DOYPG 62 293
GGNWH 53 551
FWWUD 90 334
JYBBB 45 160
IWJAF 82 949
HBUPA 104 174
GTWYJ 76 284
HMOHG 82 735
KAYHK 49 53
NUNAR 64 528
LVIJN 99 82
BAWHM 40 284
NPCCW 41 499
VSDNU 58 296
OXEOM 60 896
VKKXV 43 734
WLBSY 69 668
GXXKY 110 836
GPYRJ 112 220
KLEWS 53 108
YPHDO 101 881
WUJFW 41 510
TMHAE 73 900
HYJKJ 77 266
XRNPR 98 664
YXTTP 53 357
NRJXM 60 399
HXIXF 66 675
NAMIW 117 713
CDEPM 82 264
ULIMY 75 51
HENMH 100 568
UDDOW 62 923
URQRN 114 217
CNYXV 24 17
WCMVN 78 225
AAJGM 82 593
OMQBN 57 12
VNMVC 118 968
YULUE 98 924
SOHCC 88 779
HPIAJ 46 795
UVUID 2 216
BPUCR 96 858
RPSES 115 949
VADWK 41 314
GWWAF 3 254
KBLTV 105 851
EULLX 83 508
FREKC 90 433
WLVXT 92 900
VFJEX 83 910
GYMTG 91 297
UDBHQ 94 966
OFSOH 102 320
GWEBT 105 475
UHTGY 120 344
SIORJ 108 379
FDEMV 62 881
FFWRQ 94 864
UWMUM 31 15
XIESO 80 199
PLMAM 58 360
BKXUA 91 921
IIDEN 31 65
DAMJU 31 939
TPHRK 63 406
HVYCB 108 472
XWXKC 106 911
HBHAQ 67 173
XCAMY 98 580
HOAFN 56 636
PGURT 99 356
MYJUQ 113 306
CYRAA 118 786
VAQYE 47 874
KGPMY 97 188
MHSST 114 351
IEVIA 102 141
MOAOU 77 134
TWVYR 74 664
BHPVO 108 661
HXYQN 58 293
ETKQP 50 593
NGSNT 77 66
FKRDQ 51 956
HQJBQ 45 320
PJFAC 110 485
QQIPQ 88 324
EYLEM 49 375
SHVBC 72 167
DRQUI 45 410
TUJQR 71 281
MQEFU 46 160
DWPIA 47 516
TRYVG 99 795
QWFVL 96 346
PPHEV 112 244
GYCIQ 75 236
KASYI 117 127
WCTWM 77 690
BWHEM 80 969
FITHG 120 568
WUIAD 86 293
VRJFK 48 625
ETGWD 109 360
YAGBH 90 886
IDRMF 14 192
QEVLR 118 282
KYFWJ 48 732
VGRUG 61 943
TEXNT 68 666
AHODY 82 231
NTPXK 75 353
EPNRX 97 522
IJOGX 59 496
FVOWS 89 672
IWVIS 112 217
USYHG 53 586
XTIXI 78 42
RGMBQ 116 711
YYETU 96 992
NKPQH 119 642
XDXCX 8 888
YJHNN 113 196
JRHKT 72 919
EFHAB 53 147
FIDRE 69 150
KODNI 42 40
UGCQO 81 919
USFUV 90 718
RBYVH 46 228
KELBG 94 741
URKYX 103 497
HTLEJ 58 683
TBHOG 99 636
ILGVD 78 990
XTNUP 91 84
QSUYA 110 87
CMSEU 63 644
UYQOC 69 62
QSJWI 43 944
ULFSD 88 240
CTEMX 41 75
NPODH 52 395
NBGEA 47 719
JNAUI 57 621
AVLCB 70 17
LVSMT 68 287
ICHTN 55 133
CQEKQ 43 819
IEDFO 58 568
SUFYO 87 34
OMMWR 23 516
TKGIE 98 990
PISKP 103 465
WGUQV 92 46
EDFPY 94 384
JXMUP 50 955
BSYIG 93 183
JLHUB 61 65
ODNOV 81 833
JQACM 40 61
BHFIF 118 78
LCOOP 95 498
ECYCJ 92 639
BHGAT 112 347
VDDAV 94 630
TIMVO 62 22
OYAET 41 149
QOXTT 98 730
YGLDS 67 502
PLOPU 111 467
RGUWS 112 623
VGEHN 69 740
QMQNB 99 113
EAUHP 52 556
ESASL 94 758
GNREK 107 633
RSAPR 70 775
EXTIO 112 284
OLJWD 103 28
LQRSB 97 137
PPARG 74 837
DEUVT 100 221
TGBOO 48 976
AQQEB 30 852
BLCRT 119 542
KSFKQ 117 240
EQGCV 30 262
KPWSO 98 594
RTRTT 92 729
NWCIG 42 546
CBYMU 117 171
NVHHD 55 585
PVTBL 78 218
USXCR 98 370
NCMOV 114 7
YLKDB 65 179
TANRX 73 767
IWUEJ 70 701
DPFBN 91 924
XMDXK 59 931
HTHEU 97 445
IMFWM 36 676
QNJGF 79 188
EHWMY 111 303
YUHHM 54 540
MFXBW 65 696
PCHDI 68 302
WPUIL 87 161
DUUVI 83 966
IXFSR 106 867
FRJQK 101 627
IPJGL 74 263
TMPRD 73 892
ANKNA 54 1000
UVWWA 100 401
CIJXG 88 787
UQPBT 55 324
TCFBT 92 57
MBDMO 108 398
RBPGI 10 244
UUUFN 115 878
ARQJI 70 361
JLPAB 19 316
BBEQU 99 597
GOWCK 60 882
KFONK 60 764
BHJIL 109 673
LNYOQ 115 571
USCQU 111 818
FPVPH 100 211
JUWJW 68 184
DYSNS 96 891
GQECF 52 721
AKWCF 104 409
RUEQO 53 466
AEHUT 103 956
QLKAY 100 300
SYPDI 43 296
GTMEV 114 306
NVHOQ 107 369
PEARL 42 945
BIRYD 108 925
PCEUM 102 418
GTIGO 117 613
BRFDX 116 110
ULJWE 86 538
PMBDI 60 826
XRSGF 59 240
EGRXT 87 777
LUKHV 110 601
TLDST 26 266
BGDSM 95 486
RFGME 44 368
BATJR 100 537
PWSDH 110 58
WNKWT 75 384
CRNRW 55 256
BIGIR 56 178
MLEXL 100 629
IXVOB 21 657
XKYVE 67 54
GXIXY 109 772
MRSVU 86 666
GYASR 118 306
OGJJN 48 759
APOSH 66 81
GORRB 117 530
EMQPP 91 138
HRDSY 69 204
LSYTD 57 554
PAVEC 41 846
GRFIV 58 74
USGIT 79 437
HLJQH 78 230
CDSQQ 75 821
HCGDS 44 795
CDXOS 71 729
BKRGM 62 627
OILAY 98 612
LGFFN 54 987
BBFYT 40 939
CXBSO 77 830
AERJU 61 626
CTFXF 115 435
OVPBQ 26 665
OSOHK 97 882
VJBYJ 45 12
DOGQP 60 936
TSYLN 105 184
XVEJQ 75 770
BTXFR 32 320
XLLOP 31 393
LHLMW 34 65
ENBBI 21 130
FUQWQ 36 108
YNNEO 26 677
BVYTW 27 293
NUPMH 34 325
VENGA 39 1000
XQGNT 25 85
LQKGO 36 848
DEVDK 31 909
UDLHW 30 211
LWPOQ 21 923
OXJTK 38 427
GYSBQ 34 672
LBLDC 38 739
IHXNO 36 637
AQTEG 32 260
UCCTD 81 477
UQFAB 28 331
MSCLW 24 827
GPMAU 23 386
CFHBH 35 806
QQVTW 38 131
GSCBR 29 597
WHHUR 32 419
UKLEO 22 478
VLNPA 21 6
OFDLM 23 634
CLCBN 32 628
PWSCX 25 946
DKBIT 32 356
GGCLQ 28 278
KRALC 39 625
UDDXT 23 802
DYHCE 58 618
WOSQW 36 764
UMFSA 21 498
FVBBM 37 788
QTIFE 39 491
JDQCV 22 723
UIPRB 29 865
NDBQV 29 713
LRETM 24 798
ONJDK 27 869
QEHJV 31 557
FDXYQ 30 528
JJLYF 33 278
UYJLC 33 326
ERROR
ERROR
ERROR
ERROR
ERROR
ERROR
ERROR
ERROR
DEMTI 86 402
BRRSW 11 524
NAMMG 11 316
ONCCO 7 809
OKIAU 15 706
OQBDW 16 75
FKVDD 19 68
SIEUM 18 523
QNLCB 19 884
KPSQX 18 321
XHXGS 84 295
NLXUA 18 821
FKNWI 19 703
BCCFW 6 110
VNSLS 18 544
FDQLL 19 504
JKXXQ 19 507
KXSRY 18 474
NLIDC 19 853
QGSUT 19 569
DRFHB 19 101
QRFUU 45 373
JWHPL 69 698
MOQGB 60 339
MLBGK 83 7
AXLJK 48 715
CSEJV 107 592
JQNAI 75 307
LAVNO 116 828
BJPCW 118 303
YSLGN 85 578
EEWDN 120 803
HRJLH 84 336
OXFKB 102 688
VCECY 82 410
CBEQX 86 372
NSWNL 120 804
BTATL 69 846
MQYWN 87 459
OCXTG 22 502
CPAGH 60 306
PXLFP 66 973
CRFAP 108 637
RRGSJ 109 836
EVRJS 105 547
XMFXC 61 737
ETOEP 80 169
PTGOG 115 6
SAPRR 81 530
DOYPG 62 293
GGNWH 53 551
FWWUD 90 334
JYBBB 45 160
IWJAF 82 949
HBUPA 104 174
GTWYJ 76 284
HMOHG 82 735
KAYHK 49 53
NUNAR 64 528
LVIJN 99 82
BAWHM 40 284
NPCCW 41 499
VSDNU 58 296
OXEOM 60 896
VKKXV 43 734
WLBSY 69 668
GXXKY 110 836
GPYRJ 112 220
KLEWS 53 108
YPHDO 101 881
WUJFW 41 510
TMHAE 73 900
HYJKJ 77 266
XRNPR 98 664
YXTTP 53 357
NRJXM 60 399
HXIXF 66 675
NAMIW 117 713
CDEPM 82 264
ULIMY 75 51
HENMH 100 568
UDDOW 62 923
URQRN 114 217
CNYXV 24 17
WCMVN 78 225
AAJGM 82 593
VNMVC 118 968
YULUE 98 924
SOHCC 88 779
HPIAJ 46 795
UVUID 2 216
BPUCR 96 858
RPSES 115 949
VADWK 41 314
GWWAF 3 254
KBLTV 105 851
EULLX 83 508
FREKC 90 433
WLVXT 92 900
VFJEX 83 910
GYMTG 91 297
UDBHQ 94 966
OFSOH 102 320
GWEBT 105 475
UHTGY 120 344
SIORJ 108 379
FDEMV 62 881
UWMUM 31 15
XIESO 80 199
PLMAM 58 360
BKXUA 91 921
IIDEN 31 65
DAMJU 31 939
TPHRK 63 406
HVYCB 108 472
XWXKC 106 911
HBHAQ 67 173
XCAMY 98 580
HOAFN 56 636
PGURT 99 356
MYJUQ 113 306
CYRAA 118 786
KGPMY 97 188
MHSST 114 351
IEVIA 102 141
MOAOU 77 134
TWVYR 74 664
BHPVO 108 661
HXYQN 58 293
GKLEA 92 617
ETKQP 50 593
NGSNT 77 66
FKRDQ 51 956
HQJBQ 45 320
PJFAC 110 485
QQIPQ 88 324
EYLEM 49 375
SHVBC 72 167
DRQUI 45 410
TUJQR 71 281
MQEFU 46 160
DWPIA 47 516
TRYVG 99 795
QWFVL 96 346
PPHEV 112 244
GYCIQ 75 236
KASYI 117 127
BWHEM 80 969
FITHG 120 568
WUIAD 86 293
VRJFK 48 625
ETGWD 109 360
YAGBH 90 886
IDRMF 14 192
QEVLR 118 282
KYFWJ 48 732
VGRUG 61 943
TEXNT 68 666
AHODY 82 231
NTPXK 75 353
EPNRX 97 522
IJOGX 59 496
FVOWS 89 672
IWVIS 112 217
USYHG 53 586
XTIXI 78 42
RGMBQ 116 711
YYETU 96 992
NKPQH 119 642
XDXCX 8 888
YJHNN 113 196
JRHKT 72 919
EFHAB 53 147
FIDRE 69 150
KODNI 42 40
TLPOY 53 177
FEWGR 16 532
UGCQO 81 919
USFUV 90 718
RBYVH 46 228
KELBG 94 741
URKYX 103 497
HTLEJ 58 683
TBHOG 99 636
ILGVD 78 990
XTNUP 91 84
QSUYA 110 87
CMSEU 63 644
UYQOC 69 62
QSJWI 43 944
ULFSD 88 240
CTEMX 41 75
NPODH 52 395
NBGEA 47 719
JNAUI 57 621
AVLCB 70 17
LVSMT 68 287
ICHTN 55 133
CQEKQ 43 819
IEDFO 58 568
SUFYO 87 34
OMMWR 23 516
TKGIE 98 990
PISKP 103 465
WGUQV 92 46
EDFPY 94 384
JXMUP 50 955
BSYIG 93 183
JLHUB 61 65
ODNOV 81 833
JQACM 40 61
BHFIF 118 78
LCOOP 95 498
ECYCJ 92 639
BHGAT 112 347
VDDAV 94 630
TIMVO 62 22
OYAET 41 149
QOXTT 98 730
YGLDS 67 502
PLOPU 111 467
RGUWS 112 623
VGEHN 69 740
EAUHP 52 556
ESASL 94 758
GNREK 107 633
RSAPR 70 775
EXTIO 112 284
OLJWD 103 28
LQRSB 97 137
PPARG 74 837
DEUVT 100 221
TGBOO 48 976
AQQEB 30 852
BLCRT 119 542
KSFKQ 117 240
EQGCV 30 262
KPWSO 98 594
RTRTT 92 729
NWCIG 42 546
CBYMU 117 171
NVHHD 55 585
PVTBL 78 218
USXCR 98 370
NCMOV 114 7
YLKDB 65 179
TANRX 73 767
IWUEJ 70 701
DPFBN 91 924
XMDXK 59 931
HTHEU 97 445
IMFWM 36 676
QNJGF 79 188
EHWMY 111 303
YUHHM 54 540
MFXBW 65 696
PCHDI 68 302
DUUVI 83 966
IXFSR 106 867
FRJQK 101 627
TMPRD 73 892
ANKNA 54 1000
UVWWA 100 401
CIJXG 88 787
UQPBT 55 324
TCFBT 92 57
MBDMO 108 398
RBPGI 10 244
UUUFN 115 878
ARQJI 70 361
JLPAB 19 316
BBEQU 99 597
GOWCK 60 882
KFONK 60 764
BHJIL 109 673
LNYOQ 115 571
USCQU 111 818
FPVPH 100 211
JUWJW 68 184
DYSNS 96 891
GQECF 52 721
AKWCF 104 409
RUEQO 53 466
AEHUT 103 956
QLKAY 100 300
SYPDI 43 296
GTMEV 114 306
NVHOQ 107 369
PEARL 42 945
BIRYD 108 925
PCEUM 102 418
GTIGO 117 613
BRFDX 116 110
BEQPM 98 337
ULJWE 86 538
PMBDI 60 826
XRSGF 59 240
EGRXT 87 777
LUKHV 110 601
TLDST 26 266
RFGME 44 368
BATJR 100 537
PWSDH 110 58
WNKWT 75 384
CRNRW 55 256
BIGIR 56 178
ILJCV 104 842
MLEXL 100 629
IXVOB 21 657
XKYVE 67 54
GXIXY 109 772
MRSVU 86 666
GYASR 118 306
OGJJN 48 759
APOSH 66 81
GORRB 117 530
EMQPP 91 138
HRDSY 69 204
LSYTD 57 554
PAVEC 41 846
GRFIV 58 74
USGIT 79 437
HLJQH 78 230
CDSQQ 75 821
HCGDS 44 795
CDXOS 71 729
BKRGM 62 627
OILAY 98 612
LGFFN 54 987
BBFYT 40 939
AERJU 61 626
CTFXF 115 435
OVPBQ 26 665
DOGQP 60 936
TSYLN 105 184
XVEJQ 75 770
BTXFR 32 320
XLLOP 31 393
LHLMW 34 65
FUQWQ 36 108
YNNEO 26 677
BVYTW 27 293
NUPMH 34 325
VENGA 39 1000
XQGNT 25 85
LQKGO 36 848
DEVDK 31 909
UDLHW 30 211
LWPOQ 21 923
OXJTK 38 427
GYSBQ 34 672
LBLDC 38 739
IHXNO 36 637
AQTEG 32 260
UCCTD 81 477
UQFAB 28 331
MSCLW 24 827
GPMAU 23 386
CFHBH 35 806
QQVTW 38 131
GSCBR 29 597
WHHUR 32 419
UKLEO 22 478
VLNPA 21 6
OFDLM 23 634
CLCBN 32 628
PWSCX 25 946
DKBIT 32 356
GGCLQ 28 278
KRALC 39 625
UDDXT 23 802
DYHCE 58 618
WOSQW 36 764
UMFSA 21 498
FVBBM 37 788
QTIFE 39 491
JDQCV 22 723
UIPRB 29 865
NDBQV 29 713
LRETM 24 798
ONJDK 27 869
QEHJV 31 557
ERROR
ERROR
DEMTI 86 402
BRRSW 11 524
NAMMG 11 316
ONCCO 7 809
OKIAU 15 706
OQBDW 16 75
FKVDD 19 68
SIEUM 18 523
QNLCB 19 884
KPSQX 18 321
XHXGS 84 295
NLXUA 18 821
FKNWI 19 703
BCCFW 6 110
VNSLS 18 544
FDQLL 19 504
JKXXQ 19 507
KXSRY 18 474
NLIDC 19 853
QGSUT 19 569
DRFHB 19 101
QRFUU 45 373
JWHPL 69 698
MOQGB 60 339
MLBGK 83 7
AXLJK 48 715
CSEJV 107 592
JQNAI 75 307
LAVNO 116 828
BJPCW 118 303
YSLGN 85 578
EEWDN 120 803
HRJLH 84 336
OXFKB 102 688
VCECY 82 410
CBEQX 86 372
NSWNL 120 804
BTATL 69 846
MQYWN 87 459
OCXTG 22 502
CPAGH 60 306
PXLFP 66 973
CRFAP 108 637
RRGSJ 109 836
EVRJS 105 547
XMFXC 61 737
ETOEP 80 169
PTGOG 115 6
SAPRR 81 530
DOYPG 62 293
GGNWH 53 551
FWWUD 90 334
JYBBB 45 160
IWJAF 82 949
HBUPA 104 174
GTWYJ 76 284
HMOHG 82 735
KAYHK 49 53
NUNAR 64 528
LVIJN 99 82
BAWHM 40 284
NPCCW 41 499
VSDNU 58 296
OXEOM 60 896
VKKXV 43 734
WLBSY 69 668
GXXKY 110 836
GPYRJ 112 220
KLEWS 53 108
YPHDO 101 881
WUJFW 41 510
TMHAE 73 900
HYJKJ 77 266
XRNPR 98 664
YXTTP 53 357
NRJXM 60 399
HXIXF 66 675
NAMIW 117 713
CDEPM 82 264
ULIMY 75 51
HENMH 100 568
UDDOW 62 923
URQRN 114 217
CNYXV 24 17
WCMVN 78 225
AAJGM 82 593
VNMVC 118 968
YULUE 98 924
SOHCC 88 779
HPIAJ 46 795
UVUID 2 216
BPUCR 96 858
RPSES 115 949
VADWK 41 314
GWWAF 3 254
KBLTV 105 851
EULLX 83 508
FREKC 90 433
WLVXT 92 900
VFJEX 83 910
GYMTG 91 297
UDBHQ 94 966
OFSOH 102 320
GWEBT 105 475
UHTGY 120 344
SIORJ 108 379
FDEMV 62 881
UWMUM 31 15
XIESO 80 199
PLMAM 58 360
BKXUA 91 921
IIDEN 31 65
DAMJU 31 939
TPHRK 63 406
HVYCB 108 472
XWXKC 106 911
HBHAQ 67 173
XCAMY 98 580
HOAFN 56 636
PGURT 99 356
MYJUQ 113 306
CYRAA 118 786
KGPMY 97 188
MHSST 114 351
IEVIA 102 141
MOAOU 77 134
TWVYR 74 664
BHPVO 108 661
HXYQN 58 293
GKLEA 92 617
ETKQP 50 593
NGSNT 77 66
FKRDQ 51 956
HQJBQ 45 320
PJFAC 110 485
QQIPQ 88 324
EYLEM 49 375
SHVBC 72 167
DRQUI 45 410
TUJQR 71 281
MQEFU 46 160
DWPIA 47 516
TRYVG 99 795
QWFVL 96 346
PPHEV 112 244
GYCIQ 75 236
KASYI 117 127
BWHEM 80 969
FITHG 120 568
WUIAD 86 293
VRJFK 48 625
ETGWD 109 360
YAGBH 90 886
IDRMF 14 192
QEVLR 118 282
KYFWJ 48 732
VGRUG 61 943
TEXNT 68 666
AHODY 82 231
NTPXK 75 353
EPNRX 97 522
IJOGX 59 496
FVOWS 89 672
IWVIS 112 217
USYHG 53 586
XTIXI 78 42
RGMBQ 116 711
YYETU 96 992
NKPQH 119 642
XDXCX 8 888
YJHNN 113 196
JRHKT 72 919
EFHAB 53 147
FIDRE 69 150
KODNI 42 40
TLPOY 53 177
FEWGR 16 532
UGCQO 81 919
USFUV 90 718
RBYVH 46 228
KELBG 94 741
URKYX 103 497
HTLEJ 58 683
TBHOG 99 636
ILGVD 78 990
XTNUP 91 84
QSUYA 110 87
CMSEU 63 644
UYQOC 69 62
QSJWI 43 944
ULFSD 88 240
CTEMX 41 75
NPODH 52 395
NBGEA 47 719
JNAUI 57 621
AVLCB 70 17
LVSMT 68 287
ICHTN 55 133
CQEKQ 43 819
IEDFO 58 568
SUFYO 87 34
OMMWR 23 516
TKGIE 98 990
PISKP 103 465
WGUQV 92 46
EDFPY 94 384
JXMUP 50 955
BSYIG 93 183
JLHUB 61 65
ODNOV 81 833
JQACM 40 61
BHFIF 118 78
LCOOP 95 498
ECYCJ 92 639
BHGAT 112 347
VDDAV 94 630
TIMVO 62 22
OYAET 41 149
QOXTT 98 730
YGLDS 67 502
PLOPU 111 467
RGUWS 112 623
VGEHN 69 740
EAUHP 52 556
ESASL 94 758
GNREK 107 633
RSAPR 70 775
EXTIO 112 284
OLJWD 103 28
LQRSB 97 137
PPARG 74 837
DEUVT 100 221
TGBOO 48 976
AQQEB 30 852
BLCRT 119 542
KSFKQ 117 240
EQGCV 30 262
KPWSO 98 594
RTRTT 92 729
NWCIG 42 546
CBYMU 117 171
NVHHD 55 585
PVTBL 78 218
USXCR 98 370
NCMOV 114 7
YLKDB 65 179
TANRX 73 767
IWUEJ 70 701
DPFBN 91 924
XMDXK 59 931
HTHEU 97 445
IMFWM 36 676
QNJGF 79 188
EHWMY 111 303
YUHHM 54 540
MFXBW 65 696
PCHDI 68 302
DUUVI 83 966
IXFSR 106 867
FRJQK 101 627
TMPRD 73 892
ANKNA 54 1000
UVWWA 100 401
CIJXG 88 787
UQPBT 55 324
TCFBT 92 57
MBDMO 108 398
RBPGI 10 244
UUUFN 115 878
ARQJI 70 361
JLPAB 19 316
BBEQU 99 597
GOWCK 60 882
KFONK 60 764
BHJIL 109 673
LNYOQ 115 571
USCQU 111 818
FPVPH 100 211
JUWJW 68 184
DYSNS 96 891
GQECF 52 721
AKWCF 104 409
RUEQO 53 466
AEHUT 103 956
QLKAY 100 300
SYPDI 43 296
GTMEV 114 306
NVHOQ 107 369
PEARL 42 945
BIRYD 108 925
PCEUM 102 418
GTIGO 117 613
BRFDX 116 110
BEQPM 98 337
ULJWE 86 538
PMBDI 60 826
XRSGF 59 240
EGRXT 87 777
LUKHV 110 601
TLDST 26 266
RFGME 44 368
BATJR 100 537
PWSDH 110 58
WNKWT 75 384
CRNRW 55 256
BIGIR 56 178
ILJCV 104 842
MLEXL 100 629
IXVOB 21 657
XKYVE 67 54
GXIXY 109 772
MRSVU 86 666
GYASR 118 306
OGJJN 48 759
APOSH 66 81
GORRB 117 530
EMQPP 91 138
HRDSY 69 204
LSYTD 57 554
PAVEC 41 846
GRFIV 58 74
USGIT 79 437
HLJQH 78 230
CDSQQ 75 821
HCGDS 44 795
CDXOS 71 729
BKRGM 62 627
OILAY 98 612
LGFFN 54 987
BBFYT 40 939
AERJU 61 626
CTFXF 115 435
OVPBQ 26 665
DOGQP 60 936
TSYLN 105 184
XVEJQ 75 770
BTXFR 32 320
XLLOP 31 393
LHLMW 34 65
FUQWQ 36 108
YNNEO 26 677
BVYTW 27 293
NUPMH 34 325
VENGA 39 1000
XQGNT 25 85
ECIOH 61 122
LQKGO 36 848
DEVDK 31 909
UDLHW 30 211
LWPOQ 21 923
OXJTK 38 427
GYSBQ 34 672
LBLDC 38 739
IHXNO 36 637
AQTEG 32 260
UCCTD 81 477
UQFAB 28 331
MSCLW 24 827
GPMAU 23 386
CFHBH 35 806
QQVTW 38 131
GSCBR 29 597
WHHUR 32 419
UKLEO 22 478
VLNPA 21 6
OFDLM 23 634
CLCBN 32 628
PWSCX 25 946
DKBIT 32 356
GGCLQ 28 278
KRALC 39 625
UDDXT 23 802
DYHCE 58 618
WOSQW 36 764
UMFSA 21 498
FVBBM 37 788
QTIFE 39 491
JDQCV 22 723
UIPRB 29 865
NDBQV 29 713
LRETM 24 798
ONJDK 27 869
QEHJV 31 557
