3156
3242 1
2400 231658
2710 296720
3848 551841
3157 805521
2614 1133929
2167 1142173
1741 1512882
329 2019212
31 2516946
4369 2860628
3795 2879997
3240 3360729
4016 3784423
2478 4058913
3039 4154856
4687 4344932
884 4670851
1288 5018629
545 5371739
3140 5479873
4268 5654161
3179 5777427
586 6121404
1426 6440723
4793 6472723
177 6473170
4530 6848564
1907 7085911
1321 7336264
1660 7692918
1328 8212867
4104 8271739
3517 8683623
4943 9086459
1213 9533620
809 9876610
4789 9879935
343 10205519
2050 10730078
3222 11142899
1459 11645019
435 11787886
205 12005579
4554 12503886
521 12913936
215 12995979
4060 13339981
1388 13586062
861 13822939
1535 14041194
794 14555942
181 14807775
637 14909152
1793 15163975
4914 15196390
3937 15582447
1808 15769103
958 16149719
2428 16459464
4525 16515484
4487 16635988
3455 16739361
3672 16789893
3719 16921137
3583 17151875
3299 17400581
1591 17448378
4756 17781977
3394 17835484
1052 18120442
1538 18303136
2739 18478915
3005 18890602
1876 19079274
1788 19240840
3844 19328911
2706 19450409
1020 19837055
2328 19932085
4494 20397774
901 20492346
528 20617525
1142 21043724
2101 21151339
748 21323163
1940 21371491
3899 21787882
582 22157315
348 22338869
3858 22479240
3762 22994498
2128 23099489
3520 23443330
2699 23562192
1415 24041793
669 24307261
2508 24416074
3494 24525785
795 24733295
557 25250843
2125 25709431
4447 25770611
4200 26090140
905 26483452
826 26523312
4499 26967053
2248 27087599
1167 27291719
4338 27536314
976 27667346
425 28166345
1023 28509363
3821 28950924
4047 28977721
3989 28997310
1675 29157486
2707 29371256
1725 29533759
4039 30061691
1994 30324063
164 30464816
1127 30608289
4745 30812491
1858 31324854
1341 31632350
3807 31808917
3941 32050790
278 32425100
3826 32696630
4017 33079878
3146 33468699
289 33527140
600 33824280
4559 34146911
3702 34543569
2995 34708457
4053 34733040
774 34882743
2688 35011739
513 35346961
3581 35821019
3998 36022190
3090 36495132
3644 36787083
4423 37195939
4453 37575780
549 37629459
3056 37812422
4842 37833135
2839 38039451
1199 38217364
4270 38717378
2381 38784017
4408 39240065
2715 39588226
1136 39730210
350 39956704
3441 40291583
2407 40435845
2219 40591856
3707 40941378
1074 41254827
4572 41767223
653 42168192
1656 42560643
161 42663973
2461 42982424
3243 43392736
4449 43901152
1614 44218699
3317 44237276
3084 44360907
630 44870122
1195 45086446
401 45412326
3264 45677290
2366 45798992
4801 46084515
1834 46275521
4531 46693167
3907 46937558
3201 47047382
3 47296104
3326 47477063
4328 47674709
288 48021382
798 48298183
1668 48531495
4759 48854577
4744 48961445
3964 48986298
1710 49073986
2330 49425164
2679 49592435
3233 49759435
4316 49884954
1598 50373449
2083 50610361
3670 51048471
433 51135772
3260 51217698
3803 51440649
325 51793399
1707 52267743
3516 52562454
3761 52777130
2819 53122240
1745 53588698
2993 53894160
3536 54159151
531 54451295
3866 54485300
4614 55005529
4813 55082209
2518 55119513
1448 55312183
4701 55503603
2085 55775573
2318 55950413
4106 56335692
1569 56474431
4153 56846623
1383 56984684
3477 57299297
4690 57415166
2161 57658969
779 58082927
1496 58181892
632 58504458
3080 58862148
1369 59371031
2163 59836100
1609 60171365
4729 60223214
542 60570770
304 60599863
4824 60613924
1815 60890559
4160 61092489
3380 61467890
4112 61525657
2914 61973207
330 62034245
2935 62043097
1706 62443517
2938 62479302
4241 62539059
2629 62557231
3333 62817363
2000 63231304
3302 63563205
4688 63818050
2522 63954850
4689 64115789
3116 64190676
3949 64462340
203 64804613
2206 64852120
2652 65343478
2887 65588402
200 65827946
3456 66217015
4646 66609420
609 66651566
138 67104403
127 67191333
130 67647899
470 68141921
4156 68427609
2490 68694109
989 69035372
3253 69284837
4276 69388125
3349 69580774
2524 69684643
3004 70078870
1549 70202789
3600 70473266
730 70938148
3728 71468022
3711 71771864
2520 72000490
3134 72374014
594 72777018
2061 72877498
3885 73236572
2261 73539875
331 73820747
573 74070260
4232 74510092
2174 74983020
1129 75135475
2071 75172746
1363 75246780
3014 75266099
2012 75348881
953 75564632
1865 75567608
3091 75906466
1691 76327512
3006 76372827
2401 76621083
4678 76963219
3977 77291776
1263 77385867
2877 77819892
450 78002749
319 78300563
4907 78398945
3053 78594354
3669 79068643
2377 79183730
364 79427318
1447 79692408
1568 79718479
2553 79997105
1813 80349070
534 80557500
570 80623975
3950 80879780
3075 81091113
898 81616365
1807 81668682
1771 81704925
3993 82110423
2805 82435724
2205 82475827
15 82762965
1703 82986089
2173 83303597
3991 83392816
2423 83402587
854 83486760
3374 83690815
4630 83820124
4486 84205841
4743 84232955
3806 84575677
831 84818193
4895 85140560
2735 85528523
2037 85576195
4596 85860380
2265 85935765
3983 86396226
2492 86798614
3992 87329777
1403 87765468
1308 88233213
2393 88576477
219 88966191
3555 89070583
1493 89534573
2089 89631035
935 90022050
126 90261446
4621 90380005
920 90753537
1437 90842594
4860 91003863
2172 91393333
300 91887844
1374 92152680
4561 92502635
166 92672252
2851 92750342
764 93182853
143 93260558
2338 93422243
174 93820765
1021 93985954
4811 94321617
1758 94620127
462 94927684
1643 95221397
3313 95381064
2891 95551146
4505 95955677
1847 96193766
2565 96627738
254 96835227
1828 96888472
2471 97233082
2444 97695274
2612 97964021
2510 98075660
1410 98270911
996 98309121
4417 98711642
2876 99125058
2017 99475611
3052 99501898
1104 99705349
561 99780245
2884 99917758
4663 100227294
1871 100297730
10 100676085
4477 100850758
4760 101067119
3809 101223694
502 101603132
2027 101644675
2992 101820192
2179 101851440
1970 102372836
3373 102737606
413 103054164
751 103292121
1250 103456485
2669 103938440
1081 103998482
979 104417223
4869 104500500
1597 104679507
3838 104756064
1880 105020941
1769 105470839
3060 105660458
577 106118635
3476 106177757
2975 106529683
3054 106730003
4189 106817410
4749 107284668
3040 107601833
3224 107726934
3841 107839098
3027 107979830
1083 108261490
1108 108599538
1230 108858402
1333 109384443
2202 109680653
2709 110049691
1898 110319497
38 110454225
2080 110890506
2644 111013897
1076 111462146
4951 111689955
2881 112042154
3130 112547374
939 112867282
4834 113204304
2145 113409373
2962 113539832
3884 113797855
4560 113982828
3779 114391922
196 114902814
2135 115354289
2731 115762304
532 115886075
2575 116210009
4188 116529959
3749 117065321
3533 117575771
1517 118024249
1676 118492762
3860 118799286
4075 119240565
2489 119296984
607 119627968
1951 120106536
560 120604355
3425 121128361
719 121297137
1716 121805765
4381 122190034
3102 122711081
2745 122780563
2021 123260190
708 123403176
2055 123519448
4411 123979579
2728 124105182
620 124111807
3602 124712614
2687 125062383
3248 125151072
624 125501482
2597 125579568
4317 126142812
431 126288931
2802 126494491
179 126575803
1961 126720794
4911 127027744
1892 127264135
1748 127785435
356 128178950
3967 128573522
733 129079906
3637 129130135
3550 129682309
112 129991287
236 130401877
4764 130415511
2640 130929706
2316 131276582
1534 131712707
2185 131933451
4140 132011140
3990 132419377
1295 132467277
4086 132743296
617 132783023
378 132950383
111 133376305
1964 133430574
999 133522341
2348 133639655
857 133781014
4927 134190441
2015 134456459
2964 134571484
2925 134684012
4465 135239468
4213 135768041
3628 136120092
1043 136315151
1999 136353562
1087 136916033
550 137007249
1594 137056878
3588 137468417
4662 137864869
720 137997039
1546 138327040
1152 138828925
2555 139162915
1285 139201600
1659 139561010
1872 140027209
3563 140087155
4820 140408771
4081 140538841
3293 140618139
4158 140784710
4827 141189302
1159 141810093
2019 141825113
1396 142326433
3499 142464675
3932 142524548
4255 142606764
3656 142645112
2521 143029403
546 143405632
4523 143747361
2554 143917161
1595 144031398
2072 144229087
94 144467845
3917 145062690
4038 145110188
3391 145214895
1154 145232601
2228 145321229
1582 145324862
3395 145437282
4670 145627556
1231 145674161
2430 146018150
4390 146044515
4551 146584049
865 146846545
1635 146993784
168 147557352
3267 147880096
569 148187865
2940 148188393
1531 148253547
508 148326964
3575 148523778
3235 149021041
346 149488405
3843 149525866
2609 149834029
46 150434825
4190 150678744
4693 150703944
3454 150844901
372 151434170
301 151541293
128 151616142
4685 151690378
2674 151869458
133 152157200
1027 152232313
3548 152571762
2863 152705941
2113 153313841
4519 153679635
3879 154206550
2718 154764629
2312 154947666
4023 155112828
4714 155223110
4058 155819928
638 155892846
1780 155949498
3073 156288973
1475 156927421
3887 157244124
3423 157398312
2870 157897900
1481 158278929
2639 158314416
4065 158736573
4162 159146942
2573 159606571
2797 159888959
2299 160500629
4938 160652037
3912 160827586
3920 161391114
4003 161968479
1922 162314201
3287 162765993
914 162950191
3603 163413304
3569 163521731
1824 164046006
1110 164202295
3255 164457356
1581 164783292
862 165316162
1949 165805598
4115 166027841
3150 166372833
947 166685335
3156 166922969
4595 167272504
4931 167755902
2610 168297414
3048 168419857
504 169055111
430 169367965
223 169650413
2098 170116094
2431 170228549
187 170735762
4681 171041570
4962 171124763
975 171377129
1830 172005535
4722 172523139
1704 172818114
665 173435525
3268 173989157
4335 174531657
3612 174836660
3043 175458458
448 176063513
1113 176230159
4768 176267394
4532 176284179
1749 176792737
1667 176981054
2830 177046658
2066 177187661
1053 177191729
1078 177619988
880 178152640
432 178785906
4175 179194325
1116 179322316
3167 179703601
2112 180064492
1708 180226802
3684 180472707
2380 180722617
2427 181353966
736 181440129
3387 181579249
1874 181618709
4882 181689103
3386 181796104
4125 182164418
436 182234557
2994 182723329
1736 183106633
2154 183273657
511 183693794
1393 183747095
1491 183855834
527 184219885
1507 184283435
4410 184386664
4717 184994258
4568 185520292
3665 186075753
2723 186524159
805 187023111
3462 187113317
4506 187324677
1852 187696907
691 188183048
1174 188457914
109 188875818
2239 188987539
1382 189220397
2273 189287971
1338 189290756
3791 189336597
1658 189595855
3467 190006369
4825 190074602
1557 190641971
4964 190843556
2451 191281158
4898 191514843
2220 191662767
3872 191757746
1629 192100344
3974 192247370
4439 192435976
2059 192748016
2496 193266451
2474 193334945
2864 193438827
1453 193695798
3863 193718343
373 194088658
3535 194441443
3708 194867451
2823 195032082
2748 195397190
35 195592333
1914 195765827
4849 196090521
3627 196293916
1099 196414990
1001 196812203
1778 196967648
2375 197065981
1863 197291795
1270 197419220
204 197845284
1826 198446405
1525 198626944
3144 198680024
4388 199216447
137 199239306
4321 199880828
1144 200341440
3909 200735083
615 201221738
344 201522171
1115 202085174
696 202729105
2257 203298419
606 203825469
1118 204360729
71 204886849
581 205309414
3582 205740693
3727 206152089
756 206644813
4133 207027715
4083 207472881
4777 207636287
2753 208104297
311 208332304
1468 208910324
1785 209368791
4598 209898083
2595 210093479
3552 210146692
1332 210432428
889 210461428
1844 210945814
3398 211484652
369 212022283
2410 212352036
2847 212880141
4298 213331158
2732 213486349
547 213849707
2988 214024980
443 214085462
3678 214302215
353 214877151
3734 215370755
4097 215513436
1346 215907431
1891 216505394
2240 216881611
3291 217133668
2888 217282124
3093 217686973
2130 218142034
4694 218354968
165 218719069
4376 219318251
4833 219430212
86 219815154
2548 220214155
3325 220385762
3249 220822007
310 221401435
1680 221849111
4341 222050053
3068 222644298
3676 222945496
3446 223284774
222 223786910
984 223947177
4400 224059388
1054 224361144
2838 224681763
2865 224877006
4555 225269851
3889 225856486
4732 226378941
2657 226632995
4116 227261090
2191 227316820
562 227554128
2820 227700762
1944 227911424
4537 228345153
1837 228413794
1900 228472529
3276 228954813
4362 229161612
3037 229779668
3215 230238116
3986 230613159
3198 231115644
2855 231311812
1992 231631446
4437 231901379
4090 232454816
3306 232832612
4435 233355168
1303 233950608
2752 234341974
1088 234710273
328 235010778
4751 235278718
4441 235809695
4429 236148203
1278 236445350
4755 236671213
1768 237187500
1767 237812301
3911 237814196
3915 238272032
3328 238353042
1945 238665977
2777 238897296
4548 239119128
2849 239740218
1405 240083239
4883 240534353
759 240665925
180 240934447
2661 241398423
1036 241727005
2971 241941207
1683 242202604
4891 242629133
247 242659554
4105 243026242
4237 243605310
1998 244040793
4054 244600880
3254 244769186
1752 244779650
2705 245123766
1473 245282463
4796 245703357
3938 245773967
1400 246039097
3197 246501174
4886 246831657
2917 247382955
4036 247813712
4305 248202995
4235 248771863
2813 248848104
416 249200779
3389 249552255
246 249833407
4004 250281627
1558 250341510
4340 250403941
472 250460392
1653 250746456
1260 251143891
3122 251414034
2345 251907459
4463 252085044
1520 252138763
98 252462946
4352 252507154
4379 252825670
3323 252830329
2120 253034555
58 253368194
4702 253637857
3842 254091621
2757 254229962
4885 254249951
2684 254431068
3985 254873756
274 254921180
3643 255418693
469 255514196
3367 255708587
623 255918012
4292 256395602
1419 256584643
1094 257224214
4492 257757545
3997 258184349
3334 258499914
2175 258592663
2949 258780204
917 258980736
4217 259520479
1797 259789640
2303 259941691
1959 260278370
167 260407907
1894 260746511
3691 260902393
707 261010034
3857 261255939
2231 261507568
427 261831984
1589 262003316
2663 262552821
1512 263120896
1853 263404761
712 263623224
4754 263953348
4215 264593311
1157 265015153
1124 265317839
4259 265852358
1070 266179628
2890 266373292
1212 266538521
755 266554155
4277 266894276
3172 267305843
2073 267546285
1216 268102739
4203 268409367
1942 268768953
1215 269097984
4611 269624615
12 270205242
2885 270297180
3930 270678714
1684 270978710
1587 271186433
4117 271707330
2014 271768217
1810 272350629
3316 272965173
73 273278601
4903 273544988
1025 273995797
1135 274151758
158 274660552
4698 275113824
4253 275157281
4348 275580215
4650 275908234
3487 276178505
864 276545979
4709 277019495
1608 277493661
1282 277807036
803 277831563
3882 278148901
2880 278722124
1960 279192410
3241 279514069
3335 279693812
4767 279790191
3601 279840806
3186 280410581
252 280777893
3069 280816562
3946 281286732
3679 281868004
1565 281886557
2370 282150282
2288 282603889
554 282669850
271 282836936
149 283125410
322 283301637
3876 283377417
136 283765817
3375 284106065
3523 284335810
4509 284580128
1523 284593118
1559 285030103
2419 285353764
408 285406174
1695 285411852
4434 285619056
4731 286116967
3648 286647040
3365 286934175
3378 287554800
3169 287568876
1895 287628745
3359 288192484
501 288636340
622 289181188
1665 289420705
3407 289535553
3101 290112057
2593 290593163
2388 291080123
4900 291409089
4671 291775009
43 292356279
313 292631830
2634 292912597
3513 293485679
3250 293704051
993 293993845
564 294437392
1952 294872436
3525 295370911
4327 295536677
4721 296180504
762 296419132
3430 296841321
2058 297458019
3092 297851475
3310 298221060
267 298592582
924 299169991
4013 299261998
2842 299682230
3152 300287118
3292 300377755
2766 300990114
699 301467885
2755 301726111
287 302363949
603 303001862
273 303304656
1702 303716174
739 303983445
2244 304276846
991 304658695
4676 305081473
4022 305356208
2426 305831367
3753 306326262
1968 306392686
441 306490482
409 306831508
3851 307423026
3308 307821197
85 307860072
2022 308027831
3147 308477259
253 308998631
923 309293583
2466 309313658
3845 309377783
770 309916258
3927 309957219
3400 310473459
722 310503114
1176 311031472
2625 311317767
3870 311335243
1776 311925973
4585 312205994
983 312351518
4057 312815006
4015 312896357
2791 313073430
4346 313483514
4462 314012862
2848 314124104
3651 314307330
3371 314649653
124 315295347
4309 315777734
446 315801364
1497 315882334
2355 316205490
3919 316816955
3047 317179621
2253 317238464
1398 317795420
512 318232706
4817 318469796
69 318523186
4946 318946728
922 319070041
3530 319338220
2711 319911681
3571 320349632
1777 320729755
309 321148275
1995 321738859
4569 322133333
3664 322272514
635 322643501
67 323216885
1888 323369523
3417 324010919
2681 324480621
4512 324906178
154 325405594
1866 326015354
2768 326360138
2498 326666076
2404 327000181
4695 327114304
4757 327672752
4275 327845747
4516 328271401
3653 328791994
4481 328917537
2784 329095423
2385 329211160
3126 329419677
4942 329745295
937 330176313
2673 330819460
1030 331405454
4841 331573356
4790 331980731
2084 332342637
4198 332980805
3908 333404804
184 333587564
1699 334073758
77 334098053
4892 334217899
987 334659427
3436 335128931
1379 335191228
89 335398199
1551 335531061
2156 335860769
3591 335894519
2186 336361014
2759 336952973
3611 337198015
68 337219641
3596 337578411
4271 337781248
3136 338137698
1444 338661938
1851 338841278
1640 339130762
1583 339746709
3019 339808160
4957 340180645
3814 340713795
1772 341148430
2698 341232501
3307 341647090
4697 341713638
439 342151646
176 342651916
2255 343035254
729 343204677
4669 343419482
628 343967915
3715 344469330
1008 344926776
839 344980138
4829 345201707
3683 345774739
3432 346324588
1560 346608863
3409 347071058
258 347540114
2572 347718329
4151 347768012
1320 348273311
1003 348432980
185 348848919
2873 349100302
4781 349478127
3650 349903219
3035 350548816
2226 351091660
3139 351191546
959 351555403
3573 352117980
1501 352269510
2631 352634914
4363 352715328
2090 353263956
481 353690951
3484 354108682
1075 354267742
667 354724436
1913 354793297
3752 355318601
4564 355475465
2387 355592942
1371 355972366
2564 356057315
3015 356636958
1227 357190857
1636 357598994
2292 358158420
2736 358347669
1073 358532581
3424 358962056
596 359251359
317 359879113
1989 360092843
1045 360338689
2099 360479935
391 360712135
3405 360865993
231 361129979
3086 361143014
2618 361258013
147 361558437
1229 362198774
4741 362731300
2794 363108737
2361 363157830
1821 363534812
3279 364002993
468 364390632
2392 364823299
3442 365225306
1498 365725927
1077 366238426
2356 366830471
3892 367302494
2769 367879649
3538 368192318
3705 368340879
3794 368402461
1100 368647068
291 368672612
2390 369086999
4285 369426024
2912 369676082
3726 369913019
2052 370396801
932 371032251
4758 371464116
3638 371975801
2726 372260138
1395 372380681
4412 372397652
2305 372555923
3288 372601106
141 372657253
4934 372753900
1673 373040801
4552 373656500
3746 374196354
4797 374266318
2909 374490439
2295 374977754
2013 375418409
3865 375661846
4144 375943895
148 376586365
2363 376674956
1937 377207787
2948 377451170
2391 377818192
2215 377884068
4389 378128239
4597 378396005
849 378683415
3756 378813864
2204 379144614
1572 379306541
2020 379578136
3050 379844593
2771 379982427
4939 380240167
3207 380711575
4540 380988770
3958 381024579
4870 381454790
434 381616683
2129 382190767
2221 382740459
1510 383175759
2325 383570265
1031 383917623
778 383991526
1399 384132877
3077 384566945
4603 384779942
55 385051890
2812 385265514
2182 385483451
4641 385792408
4874 386399647
4659 386656951
3558 387129523
2482 387476705
315 387487155
1822 387683664
818 388281232
520 388788985
3840 388917036
4325 389218641
556 389590381
1198 390217025
4048 390615196
916 390752273
746 390761493
2313 390900962
2349 391337739
4809 391717189
4549 392244242
1401 392247977
4923 392778199
3599 393170047
3546 393422543
2442 394035315
4918 394119283
2413 394311833
4802 394574556
1080 394885863
4353 395157379
2697 395595220
4747 395844014
830 396469836
1183 396726595
3658 397138058
1184 397547930
3223 397794694
3903 397822807
3700 398368151
2421 398571511
943 399160516
1279 399465138
3178 399540148
4784 400141203
1540 400370798
647 400627711
1190 400778194
655 401111401
2192 401419100
321 401896823
650 401905465
3585 401934455
2756 402391917
453 402849483
4186 403049406
1232 403261565
1107 403298532
3213 403911433
3799 404366253
3125 404762755
3200 405329438
3211 405732904
3874 406331071
970 406360605
312 406375707
3002 406380694
1019 406575607
4839 407105564
568 407124587
4711 407757212
3880 408367500
2470 408645027
1376 409275285
919 409694003
4256 409932724
4050 410268545
3177 410788954
3649 411306214
710 411649690
4206 411675665
2193 411836389
2289 411861943
1408 412149664
4799 412283682
4319 412567358
2372 413011095
652 413496897
3712 413567486
1973 414143115
4442 414568901
4329 415091057
3742 415498988
3433 416087247
1719 416648409
2562 417020615
234 417156405
1368 417543147
4944 418079192
952 418480621
1390 418827071
3148 419169196
2908 419533378
847 419901264
742 420451309
2853 420556363
4025 421130308
3420 421479345
3011 421839631
3181 421998850
4155 422005321
816 422132270
1737 422661431
163 422669803
640 422750337
3410 423025255
3057 423638143
713 424241261
467 424791710
3419 425007857
281 425332637
3540 425631598
1372 426068562
4414 426242591
1065 426360703
4297 426495119
1897 426577777
1495 426896003
4279 427072653
2187 427213965
4433 427729923
775 428273232
3503 428613439
1409 428878157
1731 428990610
2438 429488009
3370 429565694
813 429595821
868 429784475
1416 430010543
4005 430244484
3404 430596114
4683 431181037
675 431803603
692 432435122
4952 433056508
4234 433304061
2556 433645963
2324 434141640
1487 434728617
4963 435278844
1329 435794075
407 436286268
2038 436586957
1417 436905627
1012 437060073
2287 437409741
2742 437552571
3346 438134902
3083 438765881
3768 438792869
2249 439045864
1843 439276021
2146 439668604
4604 440213302
4210 440660405
3736 440958967
858 441471104
230 441700803
3155 442160023
4455 442242449
1196 442403245
1171 443004373
1446 443227891
4386 443867322
524 444162851
1084 444729026
3962 445171238
1563 445292982
3730 445726054
2600 445784869
3269 446320845
3722 446857676
3657 447211326
3661 447662146
2941 447994292
3652 448229829
2488 448532076
2307 448848959
2952 449204616
150 449597871
2007 449912875
4249 449938753
4020 450481856
2695 450757420
2866 450930880
3401 450943147
2714 451397508
2 451434971
1962 451605329
2209 452148949
1472 452376035
376 452594418
488 453235407
2057 453282246
208 453817891
4404 454037385
2455 454609923
4228 454754611
3151 454994464
1642 455071563
1483 455632453
3717 455673280
277 455673750
1870 456244551
4941 456306302
3204 456660416
4716 456833344
76 457399734
146 457851256
1173 457859870
4660 458116347
1433 458232564
2078 458573393
4157 458913351
2210 459406576
1360 459839429
662 460304734
704 460342654
618 460356149
2903 460692446
4349 460829087
3251 461011672
741 461605814
1305 462193689
1750 462833962
2613 463372861
60 463638772
641 464126143
4815 464155921
4727 464411001
3272 464944191
1887 465085086
494 465626482
2203 465725744
1733 465794307
781 466353410
2666 466555243
3236 466625841
1365 466942241
4710 467194567
3723 467660738
1316 467676078
697 468047929
2256 468587097
91 469158518
4473 469650587
4252 470006226
3428 470537997
1881 470709645
1364 470794142
833 471031704
2588 471192630
5 471459325
2159 472029363
245 472225956
2151 472815865
1011 472835304
1545 472991480
2996 473544984
4373 473552847
2425 473779398
1244 474289920
2233 474815499
3629 474920036
2740 475190120
2131 475633619
4577 476216215
3783 476443064
1102 476510495
4674 477127257
1297 477549778
788 477908410
1720 478072764
2384 478306114
4636 478343191
3704 478944410
410 479341835
2188 479933029
4783 480096355
121 480271079
334 480874064
1455 480894732
4254 481168015
1266 481293953
1625 481345572
2011 481747192
1947 482342267
4132 482919980
4432 483379118
2046 483759886
1630 483966906
1953 484551003
2004 484629716
723 484758884
1787 485057718
1996 485341186
1151 485507538
183 485589433
4177 485781233
3330 486138557
2985 486660445
2065 486679510
194 486942771
2467 487119452
1925 487126624
125 487731443
3890 487759532
1532 488201314
4272 488723433
2604 489174714
4208 489198903
4170 489815852
2934 490241602
1805 490684369
1172 491206530
1009 491294178
1189 491475026
3174 491497968
1014 492039172
3500 492428211
1307 492428854
4444 492785421
2094 493346102
4041 493977552
3774 494188806
1079 494474797
84 494876970
828 495479200
3680 495747412
2852 496148332
3295 496765501
2270 497133175
4150 497193141
2650 497714262
2628 498177196
1604 498701193
1301 499117178
4382 499536541
3662 500066202
3613 500100870
4114 500406433
4642 500471751
879 500523139
2320 500760657
3377 501211176
1571 501492512
4099 501873648
1738 502372769
225 502821716
1628 503444631
398 504083086
4248 504565770
2547 504784573
2207 505137387
4602 505771574
3094 505993171
1180 506420186
2108 506800349
1727 507402117
314 507814112
1469 507889570
3257 508310998
2514 508715826
3966 509358515
116 509741022
1206 509933865
4024 510132287
4792 510614242
3567 510989294
2506 511025529
3021 511374325
1817 511635838
716 511875770
614 512244975
3466 512345097
3305 512518060
3321 512752575
1728 513144892
631 513151332
3171 513457762
2334 513885401
2010 514169857
4588 514798260
4059 514967433
66 515433146
523 515585346
4282 515688052
347 515921336
4300 516290764
3238 516534037
933 517109140
3384 517558229
294 518123275
1414 518409768
584 519023469
3625 519521750
969 520160525
928 520368137
3556 520876443
2157 520891521
195 521154341
134 521588626
702 522040324
2569 522357675
2933 522661029
2968 523056668
3453 523226538
355 523432031
761 523562084
4750 523604310
2476 523844524
883 524331183
47 524829840
1387 525419880
672 525585311
605 526200709
206 526434876
2462 527002247
1034 527237391
2526 527500102
1573 527527869
601 527633743
365 527967744
1251 528364543
30 528767502
626 529074115
2694 529390842
3460 529831148
2180 530471557
4085 530776610
2406 531265772
4513 531709674
404 531768725
574 531899461
2542 532422538
1015 532869811
611 533160004
1524 533778889
539 534423574
995 534762809
4424 535267183
1436 535926137
2517 536060465
2272 536138609
1271 536645013
3735 536799418
938 536894112
4337 537393145
4488 537623027
859 538211801
275 538402321
3266 539028164
851 539245265
3216 539357101
772 539373054
2950 539562815
2664 539844380
3164 540223189
1721 540713118
2208 541245242
1366 541542271
4430 541930344
3975 542282053
2589 542694380
3429 543235528
588 543279887
2601 543602029
3106 543879657
3607 544095223
2927 544599526
4142 544631391
951 545205240
3501 545731824
114 546333954
2150 546878023
3580 547116232
3929 547535962
3682 547892801
2796 548234282
1674 548262933
768 548887562
178 549403106
1606 549907256
627 550025314
3995 550193182
4002 550498493
4775 551104323
1327 551743283
2951 552011500
393 552317827
1978 552392590
4161 552723547
1654 553046320
4284 553120325
2483 553148143
360 553458228
4541 553881182
3810 554124985
2032 554777752
2981 555205888
1694 555486119
4502 555600342
3924 556012440
153 556551801
4493 556938992
1420 557081855
4145 557606138
563 557862009
2095 558470957
785 558501259
4089 558597204
1323 559206370
3529 559437623
2507 559702387
1528 559874779
6 560221243
2109 560716992
1918 561073854
4547 561648912
2832 561731499
338 561734740
904 561992945
737 562545169
1541 563128747
2896 563459664
2056 564008666
44 564156307
1886 564532683
2199 564584343
2924 564900871
2608 565426583
3854 565581818
3182 565776733
1461 566216904
587 566550539
2417 566710952
3214 566716650
421 567314501
1004 567843693
59 568451540
3524 568501129
918 568891950
4843 569339901
123 569396797
2721 569982145
714 570269421
2899 570874241
1763 571176327
2495 571824844
4648 572101913
292 572221859
3641 572380798
3030 572666208
825 572708181
3813 572870704
1687 572970542
3773 573477406
4448 574087067
2792 574707255
3033 574855733
2645 574948504
190 575120653
2789 575470771
3528 575594545
4826 575974775
3061 576489205
4366 576846873
4534 577069149
1689 577591531
727 577705526
4734 578127731
4715 578601266
4122 578826899
1164 579359519
2858 579891085
4592 580053719
4762 580120494
576 580602086
4365 580840629
619 580998680
3366 581405341
3544 581603040
3824 582199015
3496 582309135
4446 582367172
1506 582654429
1929 583077578
4740 583539440
4546 583546490
2134 584023555
2942 584524138
956 585075831
2337 585174571
3961 585521690
3771 586133168
131 586167646
1125 586387030
4684 586713469
1575 587321369
4262 587599181
3360 587960177
4405 588335689
81 588738037
4967 589147124
2501 589706689
333 590023109
2916 590092398
1878 590399635
1219 591047941
61 591552383
4736 591877408
1972 592516423
2799 592857932
371 593284037
2691 593648338
3355 593748250
2758 594107683
1463 594265922
1550 594266467
241 594799153
1811 594824453
160 594858816
3160 595443543
2606 596010994
2552 596099913
182 596215667
2544 596281683
4686 596286542
1882 596355537
2386 596902896
2321 596931698
1 597290411
303 597359091
2779 597416289
2264 597962630
3553 598021893
2682 598271769
4791 598783700
3474 598877324
2296 598886404
3618 599434542
4136 599555995
2284 600061516
4165 600582390
79 600911682
4166 601530447
1977 601712763
4819 602196290
3450 602680380
2897 603254965
4052 603371372
4474 603837065
4890 604240657
4375 604248586
2234 604719331
3114 605040935
3786 605626861
4264 605735443
1712 606155527
3170 606350386
910 606998816
3191 607280839
1911 607742320
2322 608245517
1519 608375503
454 608945096
3028 609451288
2003 609967780
572 610112759
4343 610711052
666 610842302
3698 610856377
2213 611109535
2561 611567136
1879 611763842
1091 611848869
4149 612491938
3285 613006352
2340 613579496
4904 613868732
490 614414885
1162 614785592
4280 615211094
4601 615426002
452 615741184
4080 615833161
2854 616476176
1857 616798056
4700 616987925
1024 617596536
4814 618160823
3883 618312028
4291 618420052
3802 618970289
3578 619289057
2165 619933966
3829 620058081
3589 620622606
2357 620806890
3012 621422158
4837 621773096
1239 621869568
1981 622126491
1146 622498064
2660 623074314
3867 623195109
1373 623236199
235 623893028
2158 624419842
679 624702169
4342 625135885
4344 625490484
2403 625870571
4498 626177587
4426 626337748
4201 626923744
423 627110864
2297 627597176
4012 627870984
1690 628048153
2671 628353817
815 628724572
396 629371566
1578 629671437
2586 629698889
99 630196037
3506 630234825
4219 630461818
2139 631103845
459 631711011
3861 632170219
1304 632486350
2701 633007550
272 633122233
1131 633405127
103 633962193
4359 634223433
4191 634494672
2857 634800403
1470 635018848
419 635250335
3871 635324319
213 635584696
519 635746681
1603 635862337
1613 636349373
349 636387084
4524 636972916
4925 637349354
1956 637698992
3318 637980117
645 638002368
2107 638185555
1621 638371294
2809 638950787
4416 639214387
4600 639354692
1243 639375716
758 639501605
1438 639725856
4224 639955932
2450 640597859
2053 640876667
1739 641295437
612 641689042
1717 642311731
1593 642598142
4558 642991948
4589 643585845
286 643832170
1339 643966652
1622 644374845
473 644975343
2974 645366500
3904 645476310
1722 646082516
1428 646558270
4199 647118262
4766 647290497
3787 647627140
214 647766096
3350 648006535
1071 648607246
1791 649004679
4626 649661852
3017 650279693
4707 650309846
2868 650695008
2035 650922682
4818 650981879
3606 651421486
2278 651623366
4940 651843686
1554 652166778
522 652613699
543 652656589
2060 652773326
3836 652779986
2491 653402576
3733 653914562
4924 654121460
3565 654269966
872 654652532
3315 655165479
1044 655589805
2874 655722412
2630 656047940
4518 656626939
2545 656765505
4692 657374702
382 657636441
1423 657826762
4118 658322521
1430 658652899
1838 659150183
2336 659533644
4508 659644859
4778 659695834
2845 660283135
78 660605784
3123 661134222
2224 661762577
1358 662320377
7 662735408
3849 662869617
4037 663416495
1746 663838050
3960 664319081
1442 664448740
4912 664990419
1616 665180892
1214 665630699
701 665652695
3247 665686260
907 666027298
497 666270513
463 666895888
33 667278156
1814 667397961
2362 667519151
4887 668045508
2252 668681540
2344 668745747
2347 668789602
1163 669115719
4225 669347790
3016 669382766
3301 669403544
2227 669618776
1966 669869699
1618 670147074
4835 670461035
4027 670494427
936 670787594
1631 671074020
45 671335542
1623 671488268
2343 671577006
1679 671743148
1300 672319060
3925 672501831
891 673072028
613 673487024
3009 673930238
2323 674448267
2602 674544471
119 674965787
3193 675078872
769 675397800
684 675912079
985 676277616
4333 676352176
2103 676579307
2584 676901820
2006 677021711
2086 677444439
284 677829475
2504 678033559
4965 678499307
1740 678750779
1235 679216016
464 679592739
2041 679717004
4746 680218075
4858 680382300
4667 681020705
2214 681293099
1221 681667751
3784 682138667
3667 682681630
2484 682822534
3597 682939420
4068 683070148
2983 683468283
3811 683856726
4612 684000514
2443 684194353
1986 684616678
3337 684841122
4087 685125366
3393 685488249
2446 685734481
817 686086107
1274 686214826
75 686691360
2258 687291697
3630 687576391
4072 687739459
580 688056640
2016 688352261
2980 688849227
4753 689012141
3431 689495970
4848 689804588
1899 690424513
1957 690772132
3788 690974213
4073 691194666
483 691821468
3351 691878185
4852 691945506
823 692579247
3850 692814124
700 693157185
1112 693575476
1584 693774285
3560 694223661
19 694528847
4130 695108420
308 695670052
28 696142737
820 696603734
3396 696878183
2743 697123344
1258 697752557
3716 697907778
4725 698417777
921 698878847
2267 699457436
1639 699769116
1831 700043539
4724 700121714
3399 700307071
4207 700522506
1969 700936970
503 701238444
3957 701491973
1735 701991746
4606 702565671
3008 702604677
239 702825969
1269 703175710
4011 703498589
2494 704084598
1678 704730689
2081 705311281
4608 705509585
1893 706098781
4269 706209620
1476 706721734
1326 707316659
2374 707923785
3018 708459857
784 708779563
1370 709080927
337 709674571
3999 710233140
2720 710756723
1983 711358316
4905 711898498
2235 712183208
170 712626231
4854 712797969
2104 713008289
4737 713039890
1539 713652684
4294 713951129
374 714354108
3632 714770342
16 714776670
3209 714933088
95 715059606
2132 715117100
3623 715233654
2907 715622931
578 715901352
1841 716272021
2783 716646571
3767 716740809
677 716888232
1013 717242623
4185 717451296
2702 717837801
2126 718020791
705 718348932
4910 718695619
1342 719241401
339 719323156
4391 719431275
1280 719940837
1790 720418652
1128 720730298
1916 721121505
261 721578371
1984 721651809
1761 722292085
173 722934683
3948 723054442
3902 723675857
4774 724324110
2031 724835150
2717 725317771
2068 725510580
1537 726122318
2091 726374090
4427 726911402
4031 727482830
2840 727880968
3996 728359118
479 728480310
2786 729060190
4034 729673353
3309 729673729
2751 729984570
3221 730348894
1816 730613166
2440 730613955
2342 730819884
3127 731279984
4221 731924990
3905 732264684
1425 732785589
4651 733283442
940 733682015
3229 734278573
2833 734575835
3121 734837118
2087 735438501
156 735468488
3894 736041582
4258 736447975
90 736454744
2704 736648807
4803 736830035
74 737324160
4000 737469635
4971 737625187
565 737662314
2624 738265310
3568 738833606
1513 739001359
3837 739148129
3082 739395279
2116 739574737
2436 739966207
4051 740092961
3161 740723603
3953 740819588
4214 740972005
1440 741587210
960 742020060
2611 742433855
3149 743026230
2378 743667888
548 744013896
2311 744192283
352 744392361
4007 744535997
1987 744741599
886 744920377
1682 745434441
1924 745854919
4719 746262552
3283 746576071
3468 747000584
874 747455977
3545 747620427
3673 747722160
2906 748255743
3852 748397515
698 748646608
4172 749153318
2402 749620765
2821 750252332
829 750897260
4029 751431242
657 751690517
2937 752113930
3828 752437053
3203 752706372
1431 752709627
1435 753358732
4916 753817293
249 754048013
870 754661461
4123 755240421
1490 755382126
3626 755831746
1869 756388995
1310 756705506
162 756745395
3079 757254234
980 757555668
1194 757837470
801 758482355
3045 758799215
1484 759296545
1502 759530895
763 759533509
3744 759711172
981 759820377
4134 760149197
293 760360973
4593 760486098
3760 760966452
1875 761141525
1889 761199940
3124 761636800
3818 761844412
367 762183008
4304 762266721
4098 762501570
2929 762580876
299 762922424
175 763010906
1248 763143415
1809 763580812
2246 763603416
1770 763719795
4120 763765129
4174 764075814
3514 764309106
2576 764890007
660 764983162
3246 765109641
4851 765485685
2730 765754382
2122 766400106
4265 766472510
738 766586590
4063 767071839
863 767307133
327 767699153
491 768342121
1276 768791652
621 769090310
4450 769556413
4517 769642986
3745 770113539
4428 770343475
1681 770905370
3439 771280438
4628 771435807
2028 771806701
1350 771810952
101 771944002
4616 772519084
642 773122351
2770 773687218
495 774065516
4245 774348104
3381 774798220
2093 775444739
418 775500261
2828 775687414
639 775902142
4580 775922935
964 776186208
4402 776188146
4960 776727972
4176 777146965
3554 777526256
2683 777662466
750 778083945
1599 778663129
366 779321931
3273 779475651
2232 779711083
324 780098750
54 780690314
731 781048580
3697 781207825
2871 781589911
1647 782000138
2859 782656984
2991 783177922
306 783564763
4795 784180002
2291 784358061
3067 784934469
1061 785579066
2152 785677992
2591 785708860
1759 785807442
3361 786278610
1965 786417032
65 786428104
3769 786824689
1217 787148346
2369 787723850
1515 787857954
3804 788420462
687 788855386
797 789384594
3913 789704634
852 790161376
1402 790662880
2944 790710746
1293 791134437
1273 791332857
4173 791980514
3940 792590685
780 792627623
4794 792994002
142 793387141
2878 793883341
4286 793902462
3970 794368006
2931 794772966
4556 795291850
1277 795545245
4808 795924557
1566 796152388
1090 796179317
4861 796598904
4542 796856301
1827 797169694
2719 797573723
4242 797911075
4582 798123582
1567 798374670
13 798567719
819 798742305
1685 799074336
3195 799705349
1186 799802567
926 800444528
1287 801080884
1211 801285808
3875 801370520
3063 801411046
2883 802037440
634 802628914
4194 803127049
1252 803384453
1106 803906849
2936 804126953
4163 804492345
1930 804778223
2626 805390929
368 805928188
1798 806186388
3747 806549842
1247 806624267
4290 806885732
1804 807208135
1705 807479953
3584 807628003
4107 807931718
227 808342682
977 808824995
1693 808951836
4230 809011253
3654 809628805
4380 809883425
140 810023550
42 810432927
3832 810930884
4726 810944899
957 811153699
445 811208546
1927 811505367
4205 811764289
1860 811861352
2201 812097816
2036 812545051
2954 812943795
1982 813464484
1939 813911063
2063 814107347
3766 814497611
27 815126842
1711 815444446
265 815566131
2967 816101772
4431 816419461
4046 816487318
1344 817123824
1047 817751473
3245 817924806
944 818372380
4972 818655040
4040 819103088
4418 819674535
1222 819683689
4470 819981489
4696 820639557
835 821158093
3000 821241380
4491 821478116
1677 821880257
414 821933147
1117 822089218
3495 822514806
1743 822624905
1265 822922430
82 823291984
2064 823649888
3358 823802109
1101 824100398
2133 824513571
2814 824933476
1522 825493395
1644 825660223
4035 825736007
1904 826372719
1901 826694313
402 827078769
585 827666003
3438 828147323
2738 828330411
2373 828366459
4776 828631332
4830 829243115
11 829700969
1607 830021222
3343 830468914
2148 830924503
3023 831312464
169 831771007
4500 832127029
2277 832297959
4184 832771968
1836 832848728
749 833233826
3856 833556111
3706 834088864
2775 834096872
2433 834682633
2963 835223449
1039 835246201
1289 835761628
1552 835847113
2648 836022295
1281 836391956
2279 836720823
1508 837201093
529 837348273
3933 837796746
4180 838328338
2326 838475454
4566 838686004
3159 839162334
1530 839311389
4464 839338221
3486 839650479
4082 839698702
1168 839990766
57 840086148
4452 840612277
3765 840782437
2408 841346161
354 841556865
2281 842033456
4748 842358053
668 842845911
295 842896505
2754 843512942
3226 843875864
1286 844265051
4805 844270110
2525 844736459
3703 845210808
4323 845783443
760 846223513
2570 846232272
2285 846272444
766 846610018
4299 846820308
3286 847398811
3029 847941173
2001 848160901
3187 848603114
3873 848986728
2026 849224512
22 849520705
2616 850057946
726 850362369
3926 850730686
1347 851355545
2965 851615577
216 851652271
4708 851868035
3979 852467890
2620 853027888
4092 853303996
1049 853625884
4266 854026136
551 854416755
341 854770175
2538 855221832
915 855517942
2946 855614920
4387 856188600
3497 856664307
4947 856995860
4958 857230225
912 857398234
2074 857814895
718 858403847
4629 858912122
4926 859195403
1290 859370052
1818 859937886
3376 860379577
3081 860479637
2033 860510655
3469 860788280
2486 860960135
3372 861016978
2162 861392217
3511 861899577
1542 862130165
2515 862326243
2653 862419380
4457 863024840
4599 863189463
4624 863463519
2263 863947995
3473 864128109
3347 864468122
685 864496231
2571 865145640
2772 865496474
2144 866108846
426 866612241
1755 866964943
2656 867367898
3815 867876326
4148 868171169
2590 868362256
4306 868877961
3610 869428224
1909 870058886
2696 870101841
4680 870394927
2922 870482835
967 870761572
3605 870772590
2079 871403639
3864 871715049
4187 872292122
837 872625295
3237 872690232
2138 872773011
3158 873070912
3225 873263786
4204 873552449
3403 873922027
4071 874039337
4974 874287610
3936 874608854
3896 874859630
4478 875150374
1060 875238438
3895 875798107
787 876451986
2115 876944331
3984 877116800
1471 877651724
2617 877864066
1884 877938481
1362 878196243
3066 878352712
1825 878807301
3072 879178050
32 879394090
3763 879615655
1345 880146577
2212 880608604
1114 880827340
1692 881297360
2100 881355558
1864 881857023
1197 882456606
3931 882515334
3003 883067465
1325 883493953
3822 883577828
2102 883664767
860 883852784
2856 884315934
4770 884448796
4124 884506104
1029 885032684
3451 885603898
838 886148631
3062 886231423
383 886693435
1337 887304591
3096 887335707
4810 887354074
3263 887654618
4574 888302916
399 888765504
1652 889329835
3954 889723278
3660 890221918
4706 890328700
1912 890579023
3058 890604450
4579 890875219
3615 890883643
890 891107586
3459 891303461
3278 891330273
1946 891982430
811 892250752
2649 892354623
242 892364576
476 892772687
4840 893350232
961 893696361
2551 894184352
1256 894252301
4014 894559853
3547 895146801
2587 895461448
4482 895925391
1361 896107004
3782 896425243
4578 896733668
1048 896958224
2314 896984528
2260 897585726
1543 897950285
2764 898190114
4859 898648946
2317 899011680
1268 899137106
2411 899760151
777 900362896
1795 900943530
4901 901593969
771 902227631
934 902442223
3980 902552975
2997 902575296
377 902742510
4871 903266044
139 903377701
1610 903945813
4515 903951822
471 903954310
1234 904102268
648 904456486
4356 904969828
3562 905039720
3261 905399478
3798 906011075
151 906609243
2804 907125214
1055 907377487
2765 907645891
1318 907838276
1123 908039729
4095 908418400
4919 908479107
2352 908919794
4032 908922255
2680 908969102
1697 909395259
2672 909632669
4658 909640805
25 909864552
4288 910279292
1499 910632436
1424 911226647
4838 911458689
3491 911905244
1861 912460513
3074 912538493
4623 912890517
881 913534196
2970 913876366
3143 914528676
1066 915099070
2271 915101971
4257 915589184
1503 916039572
1859 916638343
866 916783161
1474 917340692
4873 917543990
4159 917811804
1035 918457638
2332 918578269
406 918936756
264 919502088
2960 920057249
2222 920665785
3290 920690708
4168 921189527
3862 921392030
4902 921706288
4955 921839843
535 921843109
1958 922202587
4169 922703117
492 923362452
1588 923587178
2189 923812265
3422 923818056
4240 924174232
4586 924445548
1145 924552198
4668 925177614
1394 925239446
4283 925765907
4006 925794620
2458 926040736
3598 926159937
1200 926354478
3271 926603194
2415 926972873
4581 927234276
4223 927494440
3521 927809451
4113 928373765
2911 928546559
3103 929051414
345 929297345
2509 929636335
4607 929817685
1997 930186306
4605 930753695
2825 931338014
3485 931359722
2354 931471237
4078 932032736
379 932536091
2416 932780611
2632 933252326
954 933267366
1806 933521778
2713 934100673
1596 934150802
4331 934261639
4538 934265760
2987 934454445
41 934775861
4111 935139317
2308 935305937
747 935372287
1259 935491672
2376 935990324
646 936465164
806 936616955
4483 936916940
2236 937171803
4968 937403130
1343 937417753
3414 937685647
3507 937858045
4296 938139835
4216 938652668
3877 939165034
1264 939567142
946 940212140
4655 940796921
1454 941360868
4131 941857289
4567 942315748
4008 942720617
2190 942959568
2818 943409206
776 943688184
3647 943754613
2932 943846044
3835 943912951
1458 944521271
4454 944788704
1803 945049126
2829 945067179
447 945602487
2516 945835507
342 946131898
1462 946178609
4728 946776753
2339 946987891
4401 947581386
4864 948212502
3270 948343110
846 948491365
4654 949139894
540 949791393
1605 950302258
358 950829482
3275 951475814
2238 951850291
2724 952400253
3142 952797904
962 952882745
475 953509533
395 954053888
3099 954419666
2070 954576377
3891 955182073
4557 955774653
2229 955986719
4673 956306382
1941 956923183
3617 957029881
3232 957626854
1764 958164111
3046 958590352
2178 959157937
2716 959205090
2414 959367872
4609 959412253
1207 959450156
2861 959796995
1253 960353715
555 960812740
1509 961129425
1033 961370816
1391 961828396
2315 961878248
3131 962292601
4137 962429245
97 962854233
250 963248221
102 963611210
903 963657413
2069 963970473
2537 964453283
1179 964969105
1441 965227005
3065 965708328
2690 966136657
389 966245671
3138 966294820
3939 966724759
897 967136439
2168 967660995
4831 967663365
2826 968166612
2958 968414217
4893 968599403
1262 968732759
1713 969279076
4544 969853556
386 970030922
590 970227352
1799 970768738
297 971254408
172 971341361
3965 971927992
2923 972067821
3498 972422976
3755 972714758
604 973254618
4718 973488386
1936 973604463
3180 973772863
1381 974163068
1883 974819905
155 974847911
4324 975272351
1600 975628117
2546 975942972
1729 976393093
4765 976774586
3104 976843794
3303 977236164
2685 977645562
2915 978169682
1700 978742101
3230 979006055
1226 979219937
4472 979879234
1548 980365134
3808 980699279
1283 981085474
725 981234880
3010 981738334
4480 982205075
4183 982783906
4312 982982849
4109 983284371
1993 983538716
968 983576095
4490 983853851
4800 984292452
2319 984598861
4211 984798257
3300 985338793
2642 985786109
2686 986167739
643 986183095
4355 986362459
437 986442277
2468 986759363
456 987338474
2153 987857008
4042 988039599
4723 988214497
4141 988302230
4233 988859029
198 989241476
4720 989691938
1103 990237018
2121 990572034
1514 990657213
4922 991209607
3881 991494342
144 991736821
1095 991989405
807 992110929
1220 992116177
362 992145653
4959 992717003
4396 993005210
715 993402901
4703 993418086
1359 994227062
2310 994662570
3592 995414364
1353 995530506
3228 995809511
4644 996268799
3109 996454569
1028 996641771
2824 997368073
1648 998037326
927 998214952
1355 999123662
