
DLA PERMUTACJI: 1 2 3 4 
1: 0 (0)
2: 0 (0)
3: 0 (0)
SUMA WSZYSTKICH: 0

DLA PERMUTACJI: 1 2 4 3 
1: 0 (0)
2: 1 (2)
3: 3 (9)
SUMA WSZYSTKICH: 11

DLA PERMUTACJI: 1 3 2 4 
1: 0 (0)
2: 1 (2)
3: 3 (9)
SUMA WSZYSTKICH: 11

DLA PERMUTACJI: 1 3 4 2 
1: 0 (0)
2: 2 (4)
3: 2 (6)
SUMA WSZYSTKICH: 10

DLA PERMUTACJI: 1 4 2 3 
1: 1 (1)
2: 0 (0)
3: 3 (9)
SUMA WSZYSTKICH: 10

DLA PERMUTACJI: 1 4 3 2 
1: 1 (1)
2: 1 (2)
3: 2 (6)
SUMA WSZYSTKICH: 9

DLA PERMUTACJI: 2 1 3 4 
1: 1 (1)
2: 0 (0)
3: 0 (0)
SUMA WSZYSTKICH: 1

DLA PERMUTACJI: 2 1 4 3 
1: 1 (1)
2: 1 (2)
3: 3 (9)
SUMA WSZYSTKICH: 12

DLA PERMUTACJI: 2 3 1 4 
1: 0 (0)
2: 1 (2)
3: 0 (0)
SUMA WSZYSTKICH: 2

DLA PERMUTACJI: 2 3 4 1 
1: 0 (0)
2: 0 (0)
3: 1 (3)
SUMA WSZYSTKICH: 3

DLA PERMUTACJI: 2 4 1 3 
1: 0 (0)
2: 2 (4)
3: 3 (9)
SUMA WSZYSTKICH: 13

DLA PERMUTACJI: 2 4 3 1 
1: 0 (0)
2: 1 (2)
3: 4 (12)
SUMA WSZYSTKICH: 14

DLA PERMUTACJI: 3 1 2 4 
1: 0 (0)
2: 2 (4)
3: 0 (0)
SUMA WSZYSTKICH: 4

DLA PERMUTACJI: 3 1 4 2 
1: 0 (0)
2: 1 (2)
3: 1 (3)
SUMA WSZYSTKICH: 5

DLA PERMUTACJI: 3 2 1 4 
1: 1 (1)
2: 1 (2)
3: 0 (0)
SUMA WSZYSTKICH: 3

DLA PERMUTACJI: 3 2 4 1 
1: 1 (1)
2: 0 (0)
3: 1 (3)
SUMA WSZYSTKICH: 4

DLA PERMUTACJI: 3 4 1 2 
1: 0 (0)
2: 0 (0)
3: 2 (6)
SUMA WSZYSTKICH: 6

DLA PERMUTACJI: 3 4 2 1 
1: 0 (0)
2: 1 (2)
3: 1 (3)
SUMA WSZYSTKICH: 5

DLA PERMUTACJI: 4 1 2 3 
1: 0 (0)
2: 0 (0)
3: 3 (9)
SUMA WSZYSTKICH: 9

DLA PERMUTACJI: 4 1 3 2 
1: 0 (0)
2: 1 (2)
3: 2 (6)
SUMA WSZYSTKICH: 8

DLA PERMUTACJI: 4 2 1 3 
1: 0 (0)
2: 1 (2)
3: 2 (6)
SUMA WSZYSTKICH: 8

DLA PERMUTACJI: 4 2 3 1 
1: 0 (0)
2: 2 (4)
3: 1 (3)
SUMA WSZYSTKICH: 7

DLA PERMUTACJI: 4 3 1 2 
1: 1 (1)
2: 0 (0)
3: 2 (6)
SUMA WSZYSTKICH: 7

DLA PERMUTACJI: 4 3 2 1 
1: 1 (1)
2: 1 (2)
3: 1 (3)
SUMA WSZYSTKICH: 6

168
--- LICZBA OGOLEM KOSZTÓW PRZENIESIENIA ---
1: 8 (8)
2: 20 (40)
3: 40 (120)
