
DLA PERMUTACJI: 1 2 3 4 5 
1: 0 (0)
2: 0 (0)
3: 0 (0)
4: 0 (0)
SUMA WSZYSTKICH: 0

DLA PERMUTACJI: 1 2 3 5 4 
1: 0 (0)
2: 0 (0)
3: 1 (3)
4: 4 (16)
SUMA WSZYSTKICH: 19

DLA PERMUTACJI: 1 2 4 3 5 
1: 0 (0)
2: 0 (0)
3: 1 (3)
4: 4 (16)
SUMA WSZYSTKICH: 19

DLA PERMUTACJI: 1 2 4 5 3 
1: 0 (0)
2: 0 (0)
3: 2 (6)
4: 3 (12)
SUMA WSZYSTKICH: 18

DLA PERMUTACJI: 1 2 5 3 4 
1: 0 (0)
2: 1 (2)
3: 0 (0)
4: 4 (16)
SUMA WSZYSTKICH: 18

DLA PERMUTACJI: 1 2 5 4 3 
1: 0 (0)
2: 1 (2)
3: 1 (3)
4: 3 (12)
SUMA WSZYSTKICH: 17

DLA PERMUTACJI: 1 3 2 4 5 
1: 0 (0)
2: 0 (0)
3: 1 (3)
4: 4 (16)
SUMA WSZYSTKICH: 19

DLA PERMUTACJI: 1 3 2 5 4 
1: 0 (0)
2: 0 (0)
3: 2 (6)
4: 3 (12)
SUMA WSZYSTKICH: 18

DLA PERMUTACJI: 1 3 4 2 5 
1: 0 (0)
2: 0 (0)
3: 2 (6)
4: 3 (12)
SUMA WSZYSTKICH: 18

DLA PERMUTACJI: 1 3 4 5 2 
1: 0 (0)
2: 0 (0)
3: 3 (9)
4: 2 (8)
SUMA WSZYSTKICH: 17

DLA PERMUTACJI: 1 3 5 2 4 
1: 0 (0)
2: 1 (2)
3: 1 (3)
4: 3 (12)
SUMA WSZYSTKICH: 17

DLA PERMUTACJI: 1 3 5 4 2 
1: 0 (0)
2: 1 (2)
3: 2 (6)
4: 2 (8)
SUMA WSZYSTKICH: 16

DLA PERMUTACJI: 1 4 2 3 5 
1: 0 (0)
2: 1 (2)
3: 0 (0)
4: 4 (16)
SUMA WSZYSTKICH: 18

DLA PERMUTACJI: 1 4 2 5 3 
1: 0 (0)
2: 1 (2)
3: 1 (3)
4: 3 (12)
SUMA WSZYSTKICH: 17

DLA PERMUTACJI: 1 4 3 2 5 
1: 0 (0)
2: 1 (2)
3: 1 (3)
4: 3 (12)
SUMA WSZYSTKICH: 17

DLA PERMUTACJI: 1 4 3 5 2 
1: 0 (0)
2: 1 (2)
3: 2 (6)
4: 2 (8)
SUMA WSZYSTKICH: 16

DLA PERMUTACJI: 1 4 5 2 3 
1: 0 (0)
2: 2 (4)
3: 0 (0)
4: 3 (12)
SUMA WSZYSTKICH: 16

DLA PERMUTACJI: 1 4 5 3 2 
1: 0 (0)
2: 2 (4)
3: 1 (3)
4: 2 (8)
SUMA WSZYSTKICH: 15

DLA PERMUTACJI: 1 5 2 3 4 
1: 1 (1)
2: 0 (0)
3: 0 (0)
4: 4 (16)
SUMA WSZYSTKICH: 17

DLA PERMUTACJI: 1 5 2 4 3 
1: 1 (1)
2: 0 (0)
3: 1 (3)
4: 3 (12)
SUMA WSZYSTKICH: 16

DLA PERMUTACJI: 1 5 3 2 4 
1: 1 (1)
2: 0 (0)
3: 1 (3)
4: 3 (12)
SUMA WSZYSTKICH: 16

DLA PERMUTACJI: 1 5 3 4 2 
1: 1 (1)
2: 0 (0)
3: 2 (6)
4: 2 (8)
SUMA WSZYSTKICH: 15

DLA PERMUTACJI: 1 5 4 2 3 
1: 1 (1)
2: 1 (2)
3: 0 (0)
4: 3 (12)
SUMA WSZYSTKICH: 15

DLA PERMUTACJI: 1 5 4 3 2 
1: 1 (1)
2: 1 (2)
3: 1 (3)
4: 2 (8)
SUMA WSZYSTKICH: 14

DLA PERMUTACJI: 2 1 3 4 5 
1: 1 (1)
2: 0 (0)
3: 0 (0)
4: 0 (0)
SUMA WSZYSTKICH: 1

DLA PERMUTACJI: 2 1 3 5 4 
1: 1 (1)
2: 0 (0)
3: 1 (3)
4: 4 (16)
SUMA WSZYSTKICH: 20

DLA PERMUTACJI: 2 1 4 3 5 
1: 1 (1)
2: 0 (0)
3: 1 (3)
4: 4 (16)
SUMA WSZYSTKICH: 20

DLA PERMUTACJI: 2 1 4 5 3 
1: 1 (1)
2: 0 (0)
3: 2 (6)
4: 3 (12)
SUMA WSZYSTKICH: 19

DLA PERMUTACJI: 2 1 5 3 4 
1: 1 (1)
2: 1 (2)
3: 0 (0)
4: 4 (16)
SUMA WSZYSTKICH: 19

DLA PERMUTACJI: 2 1 5 4 3 
1: 1 (1)
2: 1 (2)
3: 1 (3)
4: 3 (12)
SUMA WSZYSTKICH: 18

DLA PERMUTACJI: 2 3 1 4 5 
1: 0 (0)
2: 1 (2)
3: 0 (0)
4: 0 (0)
SUMA WSZYSTKICH: 2

DLA PERMUTACJI: 2 3 1 5 4 
1: 0 (0)
2: 1 (2)
3: 1 (3)
4: 4 (16)
SUMA WSZYSTKICH: 21

DLA PERMUTACJI: 2 3 4 1 5 
1: 0 (0)
2: 0 (0)
3: 1 (3)
4: 0 (0)
SUMA WSZYSTKICH: 3

DLA PERMUTACJI: 2 3 4 5 1 
1: 0 (0)
2: 0 (0)
3: 0 (0)
4: 1 (4)
SUMA WSZYSTKICH: 4

DLA PERMUTACJI: 2 3 5 1 4 
1: 0 (0)
2: 0 (0)
3: 2 (6)
4: 4 (16)
SUMA WSZYSTKICH: 22

DLA PERMUTACJI: 2 3 5 4 1 
1: 0 (0)
2: 0 (0)
3: 1 (3)
4: 5 (20)
SUMA WSZYSTKICH: 23

DLA PERMUTACJI: 2 4 1 3 5 
1: 0 (0)
2: 1 (2)
3: 1 (3)
4: 4 (16)
SUMA WSZYSTKICH: 21

DLA PERMUTACJI: 2 4 1 5 3 
1: 0 (0)
2: 1 (2)
3: 2 (6)
4: 3 (12)
SUMA WSZYSTKICH: 20

DLA PERMUTACJI: 2 4 3 1 5 
1: 0 (0)
2: 0 (0)
3: 2 (6)
4: 4 (16)
SUMA WSZYSTKICH: 22

DLA PERMUTACJI: 2 4 3 5 1 
1: 0 (0)
2: 0 (0)
3: 1 (3)
4: 5 (20)
SUMA WSZYSTKICH: 23

DLA PERMUTACJI: 2 4 5 1 3 
1: 0 (0)
2: 0 (0)
3: 3 (9)
4: 3 (12)
SUMA WSZYSTKICH: 21

DLA PERMUTACJI: 2 4 5 3 1 
1: 0 (0)
2: 0 (0)
3: 2 (6)
4: 4 (16)
SUMA WSZYSTKICH: 22

DLA PERMUTACJI: 2 5 1 3 4 
1: 0 (0)
2: 2 (4)
3: 0 (0)
4: 4 (16)
SUMA WSZYSTKICH: 20

DLA PERMUTACJI: 2 5 1 4 3 
1: 0 (0)
2: 2 (4)
3: 1 (3)
4: 3 (12)
SUMA WSZYSTKICH: 19

DLA PERMUTACJI: 2 5 3 1 4 
1: 0 (0)
2: 1 (2)
3: 1 (3)
4: 4 (16)
SUMA WSZYSTKICH: 21

DLA PERMUTACJI: 2 5 3 4 1 
1: 0 (0)
2: 1 (2)
3: 0 (0)
4: 5 (20)
SUMA WSZYSTKICH: 22

DLA PERMUTACJI: 2 5 4 1 3 
1: 0 (0)
2: 1 (2)
3: 2 (6)
4: 3 (12)
SUMA WSZYSTKICH: 20

DLA PERMUTACJI: 2 5 4 3 1 
1: 0 (0)
2: 1 (2)
3: 1 (3)
4: 4 (16)
SUMA WSZYSTKICH: 21

DLA PERMUTACJI: 3 1 2 4 5 
1: 0 (0)
2: 2 (4)
3: 0 (0)
4: 0 (0)
SUMA WSZYSTKICH: 4

DLA PERMUTACJI: 3 1 2 5 4 
1: 0 (0)
2: 2 (4)
3: 1 (3)
4: 4 (16)
SUMA WSZYSTKICH: 23

DLA PERMUTACJI: 3 1 4 2 5 
1: 0 (0)
2: 1 (2)
3: 1 (3)
4: 0 (0)
SUMA WSZYSTKICH: 5

DLA PERMUTACJI: 3 1 4 5 2 
1: 0 (0)
2: 1 (2)
3: 0 (0)
4: 1 (4)
SUMA WSZYSTKICH: 6

DLA PERMUTACJI: 3 1 5 2 4 
1: 0 (0)
2: 1 (2)
3: 2 (6)
4: 4 (16)
SUMA WSZYSTKICH: 24

DLA PERMUTACJI: 3 1 5 4 2 
1: 0 (0)
2: 1 (2)
3: 1 (3)
4: 5 (20)
SUMA WSZYSTKICH: 25

DLA PERMUTACJI: 3 2 1 4 5 
1: 1 (1)
2: 1 (2)
3: 0 (0)
4: 0 (0)
SUMA WSZYSTKICH: 3

DLA PERMUTACJI: 3 2 1 5 4 
1: 1 (1)
2: 1 (2)
3: 1 (3)
4: 4 (16)
SUMA WSZYSTKICH: 22

DLA PERMUTACJI: 3 2 4 1 5 
1: 1 (1)
2: 0 (0)
3: 1 (3)
4: 0 (0)
SUMA WSZYSTKICH: 4

DLA PERMUTACJI: 3 2 4 5 1 
1: 1 (1)
2: 0 (0)
3: 0 (0)
4: 1 (4)
SUMA WSZYSTKICH: 5

DLA PERMUTACJI: 3 2 5 1 4 
1: 1 (1)
2: 0 (0)
3: 2 (6)
4: 4 (16)
SUMA WSZYSTKICH: 23

DLA PERMUTACJI: 3 2 5 4 1 
1: 1 (1)
2: 0 (0)
3: 1 (3)
4: 5 (20)
SUMA WSZYSTKICH: 24

DLA PERMUTACJI: 3 4 1 2 5 
1: 0 (0)
2: 0 (0)
3: 2 (6)
4: 0 (0)
SUMA WSZYSTKICH: 6

DLA PERMUTACJI: 3 4 1 5 2 
1: 0 (0)
2: 0 (0)
3: 1 (3)
4: 1 (4)
SUMA WSZYSTKICH: 7

DLA PERMUTACJI: 3 4 2 1 5 
1: 0 (0)
2: 1 (2)
3: 1 (3)
4: 0 (0)
SUMA WSZYSTKICH: 5

DLA PERMUTACJI: 3 4 2 5 1 
1: 0 (0)
2: 1 (2)
3: 0 (0)
4: 1 (4)
SUMA WSZYSTKICH: 6

DLA PERMUTACJI: 3 4 5 1 2 
1: 0 (0)
2: 0 (0)
3: 0 (0)
4: 2 (8)
SUMA WSZYSTKICH: 8

DLA PERMUTACJI: 3 4 5 2 1 
1: 0 (0)
2: 0 (0)
3: 1 (3)
4: 1 (4)
SUMA WSZYSTKICH: 7

DLA PERMUTACJI: 3 5 1 2 4 
1: 0 (0)
2: 0 (0)
3: 3 (9)
4: 4 (16)
SUMA WSZYSTKICH: 25

DLA PERMUTACJI: 3 5 1 4 2 
1: 0 (0)
2: 0 (0)
3: 2 (6)
4: 5 (20)
SUMA WSZYSTKICH: 26

DLA PERMUTACJI: 3 5 2 1 4 
1: 0 (0)
2: 1 (2)
3: 2 (6)
4: 4 (16)
SUMA WSZYSTKICH: 24

DLA PERMUTACJI: 3 5 2 4 1 
1: 0 (0)
2: 1 (2)
3: 1 (3)
4: 5 (20)
SUMA WSZYSTKICH: 25

DLA PERMUTACJI: 3 5 4 1 2 
1: 0 (0)
2: 0 (0)
3: 1 (3)
4: 6 (24)
SUMA WSZYSTKICH: 27

DLA PERMUTACJI: 3 5 4 2 1 
1: 0 (0)
2: 0 (0)
3: 2 (6)
4: 5 (20)
SUMA WSZYSTKICH: 26

DLA PERMUTACJI: 4 1 2 3 5 
1: 0 (0)
2: 0 (0)
3: 3 (9)
4: 0 (0)
SUMA WSZYSTKICH: 9

DLA PERMUTACJI: 4 1 2 5 3 
1: 0 (0)
2: 0 (0)
3: 2 (6)
4: 1 (4)
SUMA WSZYSTKICH: 10

DLA PERMUTACJI: 4 1 3 2 5 
1: 0 (0)
2: 1 (2)
3: 2 (6)
4: 0 (0)
SUMA WSZYSTKICH: 8

DLA PERMUTACJI: 4 1 3 5 2 
1: 0 (0)
2: 1 (2)
3: 1 (3)
4: 1 (4)
SUMA WSZYSTKICH: 9

DLA PERMUTACJI: 4 1 5 2 3 
1: 0 (0)
2: 0 (0)
3: 1 (3)
4: 2 (8)
SUMA WSZYSTKICH: 11

DLA PERMUTACJI: 4 1 5 3 2 
1: 0 (0)
2: 0 (0)
3: 2 (6)
4: 1 (4)
SUMA WSZYSTKICH: 10

DLA PERMUTACJI: 4 2 1 3 5 
1: 0 (0)
2: 1 (2)
3: 2 (6)
4: 0 (0)
SUMA WSZYSTKICH: 8

DLA PERMUTACJI: 4 2 1 5 3 
1: 0 (0)
2: 1 (2)
3: 1 (3)
4: 1 (4)
SUMA WSZYSTKICH: 9

DLA PERMUTACJI: 4 2 3 1 5 
1: 0 (0)
2: 2 (4)
3: 1 (3)
4: 0 (0)
SUMA WSZYSTKICH: 7

DLA PERMUTACJI: 4 2 3 5 1 
1: 0 (0)
2: 2 (4)
3: 0 (0)
4: 1 (4)
SUMA WSZYSTKICH: 8

DLA PERMUTACJI: 4 2 5 1 3 
1: 0 (0)
2: 1 (2)
3: 0 (0)
4: 2 (8)
SUMA WSZYSTKICH: 10

DLA PERMUTACJI: 4 2 5 3 1 
1: 0 (0)
2: 1 (2)
3: 1 (3)
4: 1 (4)
SUMA WSZYSTKICH: 9

DLA PERMUTACJI: 4 3 1 2 5 
1: 1 (1)
2: 0 (0)
3: 2 (6)
4: 0 (0)
SUMA WSZYSTKICH: 7

DLA PERMUTACJI: 4 3 1 5 2 
1: 1 (1)
2: 0 (0)
3: 1 (3)
4: 1 (4)
SUMA WSZYSTKICH: 8

DLA PERMUTACJI: 4 3 2 1 5 
1: 1 (1)
2: 1 (2)
3: 1 (3)
4: 0 (0)
SUMA WSZYSTKICH: 6

DLA PERMUTACJI: 4 3 2 5 1 
1: 1 (1)
2: 1 (2)
3: 0 (0)
4: 1 (4)
SUMA WSZYSTKICH: 7

DLA PERMUTACJI: 4 3 5 1 2 
1: 1 (1)
2: 0 (0)
3: 0 (0)
4: 2 (8)
SUMA WSZYSTKICH: 9

DLA PERMUTACJI: 4 3 5 2 1 
1: 1 (1)
2: 0 (0)
3: 1 (3)
4: 1 (4)
SUMA WSZYSTKICH: 8

DLA PERMUTACJI: 4 5 1 2 3 
1: 0 (0)
2: 0 (0)
3: 0 (0)
4: 3 (12)
SUMA WSZYSTKICH: 12

DLA PERMUTACJI: 4 5 1 3 2 
1: 0 (0)
2: 0 (0)
3: 1 (3)
4: 2 (8)
SUMA WSZYSTKICH: 11

DLA PERMUTACJI: 4 5 2 1 3 
1: 0 (0)
2: 0 (0)
3: 1 (3)
4: 2 (8)
SUMA WSZYSTKICH: 11

DLA PERMUTACJI: 4 5 2 3 1 
1: 0 (0)
2: 0 (0)
3: 2 (6)
4: 1 (4)
SUMA WSZYSTKICH: 10

DLA PERMUTACJI: 4 5 3 1 2 
1: 0 (0)
2: 1 (2)
3: 0 (0)
4: 2 (8)
SUMA WSZYSTKICH: 10

DLA PERMUTACJI: 4 5 3 2 1 
1: 0 (0)
2: 1 (2)
3: 1 (3)
4: 1 (4)
SUMA WSZYSTKICH: 9

DLA PERMUTACJI: 5 1 2 3 4 
1: 0 (0)
2: 0 (0)
3: 0 (0)
4: 4 (16)
SUMA WSZYSTKICH: 16

DLA PERMUTACJI: 5 1 2 4 3 
1: 0 (0)
2: 0 (0)
3: 1 (3)
4: 3 (12)
SUMA WSZYSTKICH: 15

DLA PERMUTACJI: 5 1 3 2 4 
1: 0 (0)
2: 0 (0)
3: 1 (3)
4: 3 (12)
SUMA WSZYSTKICH: 15

DLA PERMUTACJI: 5 1 3 4 2 
1: 0 (0)
2: 0 (0)
3: 2 (6)
4: 2 (8)
SUMA WSZYSTKICH: 14

DLA PERMUTACJI: 5 1 4 2 3 
1: 0 (0)
2: 1 (2)
3: 0 (0)
4: 3 (12)
SUMA WSZYSTKICH: 14

DLA PERMUTACJI: 5 1 4 3 2 
1: 0 (0)
2: 1 (2)
3: 1 (3)
4: 2 (8)
SUMA WSZYSTKICH: 13

DLA PERMUTACJI: 5 2 1 3 4 
1: 0 (0)
2: 0 (0)
3: 1 (3)
4: 3 (12)
SUMA WSZYSTKICH: 15

DLA PERMUTACJI: 5 2 1 4 3 
1: 0 (0)
2: 0 (0)
3: 2 (6)
4: 2 (8)
SUMA WSZYSTKICH: 14

DLA PERMUTACJI: 5 2 3 1 4 
1: 0 (0)
2: 0 (0)
3: 2 (6)
4: 2 (8)
SUMA WSZYSTKICH: 14

DLA PERMUTACJI: 5 2 3 4 1 
1: 0 (0)
2: 0 (0)
3: 3 (9)
4: 1 (4)
SUMA WSZYSTKICH: 13

DLA PERMUTACJI: 5 2 4 1 3 
1: 0 (0)
2: 1 (2)
3: 1 (3)
4: 2 (8)
SUMA WSZYSTKICH: 13

DLA PERMUTACJI: 5 2 4 3 1 
1: 0 (0)
2: 1 (2)
3: 2 (6)
4: 1 (4)
SUMA WSZYSTKICH: 12

DLA PERMUTACJI: 5 3 1 2 4 
1: 0 (0)
2: 1 (2)
3: 0 (0)
4: 3 (12)
SUMA WSZYSTKICH: 14

DLA PERMUTACJI: 5 3 1 4 2 
1: 0 (0)
2: 1 (2)
3: 1 (3)
4: 2 (8)
SUMA WSZYSTKICH: 13

DLA PERMUTACJI: 5 3 2 1 4 
1: 0 (0)
2: 1 (2)
3: 1 (3)
4: 2 (8)
SUMA WSZYSTKICH: 13

DLA PERMUTACJI: 5 3 2 4 1 
1: 0 (0)
2: 1 (2)
3: 2 (6)
4: 1 (4)
SUMA WSZYSTKICH: 12

DLA PERMUTACJI: 5 3 4 1 2 
1: 0 (0)
2: 2 (4)
3: 0 (0)
4: 2 (8)
SUMA WSZYSTKICH: 12

DLA PERMUTACJI: 5 3 4 2 1 
1: 0 (0)
2: 2 (4)
3: 1 (3)
4: 1 (4)
SUMA WSZYSTKICH: 11

DLA PERMUTACJI: 5 4 1 2 3 
1: 1 (1)
2: 0 (0)
3: 0 (0)
4: 3 (12)
SUMA WSZYSTKICH: 13

DLA PERMUTACJI: 5 4 1 3 2 
1: 1 (1)
2: 0 (0)
3: 1 (3)
4: 2 (8)
SUMA WSZYSTKICH: 12

DLA PERMUTACJI: 5 4 2 1 3 
1: 1 (1)
2: 0 (0)
3: 1 (3)
4: 2 (8)
SUMA WSZYSTKICH: 12

DLA PERMUTACJI: 5 4 2 3 1 
1: 1 (1)
2: 0 (0)
3: 2 (6)
4: 1 (4)
SUMA WSZYSTKICH: 11

DLA PERMUTACJI: 5 4 3 1 2 
1: 1 (1)
2: 1 (2)
3: 0 (0)
4: 2 (8)
SUMA WSZYSTKICH: 11

DLA PERMUTACJI: 5 4 3 2 1 
1: 1 (1)
2: 1 (2)
3: 1 (3)
4: 1 (4)
SUMA WSZYSTKICH: 10

1700
--- LICZBA OGOLEM KOSZTÓW PRZENIESIENIA ---
1: 30 (30)
2: 70 (140)
3: 130 (390)
4: 285 (1140)
