
DLA PERMUTACJI: 1 2 3 4 5 6 
1: 0 (0)
2: 0 (0)
3: 0 (0)
4: 0 (0)
5: 0 (0)
SUMA WSZYSTKICH: 0

DLA PERMUTACJI: 1 2 3 4 6 5 
1: 0 (0)
2: 0 (0)
3: 0 (0)
4: 1 (4)
5: 5 (25)
SUMA WSZYSTKICH: 29

DLA PERMUTACJI: 1 2 3 5 4 6 
1: 0 (0)
2: 0 (0)
3: 0 (0)
4: 1 (4)
5: 5 (25)
SUMA WSZYSTKICH: 29

DLA PERMUTACJI: 1 2 3 5 6 4 
1: 0 (0)
2: 0 (0)
3: 0 (0)
4: 2 (8)
5: 4 (20)
SUMA WSZYSTKICH: 28

DLA PERMUTACJI: 1 2 3 6 4 5 
1: 0 (0)
2: 0 (0)
3: 1 (3)
4: 0 (0)
5: 5 (25)
SUMA WSZYSTKICH: 28

DLA PERMUTACJI: 1 2 3 6 5 4 
1: 0 (0)
2: 0 (0)
3: 1 (3)
4: 1 (4)
5: 4 (20)
SUMA WSZYSTKICH: 27

DLA PERMUTACJI: 1 2 4 3 5 6 
1: 0 (0)
2: 0 (0)
3: 0 (0)
4: 1 (4)
5: 5 (25)
SUMA WSZYSTKICH: 29

DLA PERMUTACJI: 1 2 4 3 6 5 
1: 0 (0)
2: 0 (0)
3: 0 (0)
4: 2 (8)
5: 4 (20)
SUMA WSZYSTKICH: 28

DLA PERMUTACJI: 1 2 4 5 3 6 
1: 0 (0)
2: 0 (0)
3: 0 (0)
4: 2 (8)
5: 4 (20)
SUMA WSZYSTKICH: 28

DLA PERMUTACJI: 1 2 4 5 6 3 
1: 0 (0)
2: 0 (0)
3: 0 (0)
4: 3 (12)
5: 3 (15)
SUMA WSZYSTKICH: 27

DLA PERMUTACJI: 1 2 4 6 3 5 
1: 0 (0)
2: 0 (0)
3: 1 (3)
4: 1 (4)
5: 4 (20)
SUMA WSZYSTKICH: 27

DLA PERMUTACJI: 1 2 4 6 5 3 
1: 0 (0)
2: 0 (0)
3: 1 (3)
4: 2 (8)
5: 3 (15)
SUMA WSZYSTKICH: 26

DLA PERMUTACJI: 1 2 5 3 4 6 
1: 0 (0)
2: 0 (0)
3: 1 (3)
4: 0 (0)
5: 5 (25)
SUMA WSZYSTKICH: 28

DLA PERMUTACJI: 1 2 5 3 6 4 
1: 0 (0)
2: 0 (0)
3: 1 (3)
4: 1 (4)
5: 4 (20)
SUMA WSZYSTKICH: 27

DLA PERMUTACJI: 1 2 5 4 3 6 
1: 0 (0)
2: 0 (0)
3: 1 (3)
4: 1 (4)
5: 4 (20)
SUMA WSZYSTKICH: 27

DLA PERMUTACJI: 1 2 5 4 6 3 
1: 0 (0)
2: 0 (0)
3: 1 (3)
4: 2 (8)
5: 3 (15)
SUMA WSZYSTKICH: 26

DLA PERMUTACJI: 1 2 5 6 3 4 
1: 0 (0)
2: 0 (0)
3: 2 (6)
4: 0 (0)
5: 4 (20)
SUMA WSZYSTKICH: 26

DLA PERMUTACJI: 1 2 5 6 4 3 
1: 0 (0)
2: 0 (0)
3: 2 (6)
4: 1 (4)
5: 3 (15)
SUMA WSZYSTKICH: 25

DLA PERMUTACJI: 1 2 6 3 4 5 
1: 0 (0)
2: 1 (2)
3: 0 (0)
4: 0 (0)
5: 5 (25)
SUMA WSZYSTKICH: 27

DLA PERMUTACJI: 1 2 6 3 5 4 
1: 0 (0)
2: 1 (2)
3: 0 (0)
4: 1 (4)
5: 4 (20)
SUMA WSZYSTKICH: 26

DLA PERMUTACJI: 1 2 6 4 3 5 
1: 0 (0)
2: 1 (2)
3: 0 (0)
4: 1 (4)
5: 4 (20)
SUMA WSZYSTKICH: 26

DLA PERMUTACJI: 1 2 6 4 5 3 
1: 0 (0)
2: 1 (2)
3: 0 (0)
4: 2 (8)
5: 3 (15)
SUMA WSZYSTKICH: 25

DLA PERMUTACJI: 1 2 6 5 3 4 
1: 0 (0)
2: 1 (2)
3: 1 (3)
4: 0 (0)
5: 4 (20)
SUMA WSZYSTKICH: 25

DLA PERMUTACJI: 1 2 6 5 4 3 
1: 0 (0)
2: 1 (2)
3: 1 (3)
4: 1 (4)
5: 3 (15)
SUMA WSZYSTKICH: 24

DLA PERMUTACJI: 1 3 2 4 5 6 
1: 0 (0)
2: 0 (0)
3: 0 (0)
4: 1 (4)
5: 5 (25)
SUMA WSZYSTKICH: 29

DLA PERMUTACJI: 1 3 2 4 6 5 
1: 0 (0)
2: 0 (0)
3: 0 (0)
4: 2 (8)
5: 4 (20)
SUMA WSZYSTKICH: 28

DLA PERMUTACJI: 1 3 2 5 4 6 
1: 0 (0)
2: 0 (0)
3: 0 (0)
4: 2 (8)
5: 4 (20)
SUMA WSZYSTKICH: 28

DLA PERMUTACJI: 1 3 2 5 6 4 
1: 0 (0)
2: 0 (0)
3: 0 (0)
4: 3 (12)
5: 3 (15)
SUMA WSZYSTKICH: 27

DLA PERMUTACJI: 1 3 2 6 4 5 
1: 0 (0)
2: 0 (0)
3: 1 (3)
4: 1 (4)
5: 4 (20)
SUMA WSZYSTKICH: 27

DLA PERMUTACJI: 1 3 2 6 5 4 
1: 0 (0)
2: 0 (0)
3: 1 (3)
4: 2 (8)
5: 3 (15)
SUMA WSZYSTKICH: 26

DLA PERMUTACJI: 1 3 4 2 5 6 
1: 0 (0)
2: 0 (0)
3: 0 (0)
4: 2 (8)
5: 4 (20)
SUMA WSZYSTKICH: 28

DLA PERMUTACJI: 1 3 4 2 6 5 
1: 0 (0)
2: 0 (0)
3: 0 (0)
4: 3 (12)
5: 3 (15)
SUMA WSZYSTKICH: 27

DLA PERMUTACJI: 1 3 4 5 2 6 
1: 0 (0)
2: 0 (0)
3: 0 (0)
4: 3 (12)
5: 3 (15)
SUMA WSZYSTKICH: 27

DLA PERMUTACJI: 1 3 4 5 6 2 
1: 0 (0)
2: 0 (0)
3: 0 (0)
4: 4 (16)
5: 2 (10)
SUMA WSZYSTKICH: 26

DLA PERMUTACJI: 1 3 4 6 2 5 
1: 0 (0)
2: 0 (0)
3: 1 (3)
4: 2 (8)
5: 3 (15)
SUMA WSZYSTKICH: 26

DLA PERMUTACJI: 1 3 4 6 5 2 
1: 0 (0)
2: 0 (0)
3: 1 (3)
4: 3 (12)
5: 2 (10)
SUMA WSZYSTKICH: 25

DLA PERMUTACJI: 1 3 5 2 4 6 
1: 0 (0)
2: 0 (0)
3: 1 (3)
4: 1 (4)
5: 4 (20)
SUMA WSZYSTKICH: 27

DLA PERMUTACJI: 1 3 5 2 6 4 
1: 0 (0)
2: 0 (0)
3: 1 (3)
4: 2 (8)
5: 3 (15)
SUMA WSZYSTKICH: 26

DLA PERMUTACJI: 1 3 5 4 2 6 
1: 0 (0)
2: 0 (0)
3: 1 (3)
4: 2 (8)
5: 3 (15)
SUMA WSZYSTKICH: 26

DLA PERMUTACJI: 1 3 5 4 6 2 
1: 0 (0)
2: 0 (0)
3: 1 (3)
4: 3 (12)
5: 2 (10)
SUMA WSZYSTKICH: 25

DLA PERMUTACJI: 1 3 5 6 2 4 
1: 0 (0)
2: 0 (0)
3: 2 (6)
4: 1 (4)
5: 3 (15)
SUMA WSZYSTKICH: 25

DLA PERMUTACJI: 1 3 5 6 4 2 
1: 0 (0)
2: 0 (0)
3: 2 (6)
4: 2 (8)
5: 2 (10)
SUMA WSZYSTKICH: 24

DLA PERMUTACJI: 1 3 6 2 4 5 
1: 0 (0)
2: 1 (2)
3: 0 (0)
4: 1 (4)
5: 4 (20)
SUMA WSZYSTKICH: 26

DLA PERMUTACJI: 1 3 6 2 5 4 
1: 0 (0)
2: 1 (2)
3: 0 (0)
4: 2 (8)
5: 3 (15)
SUMA WSZYSTKICH: 25

DLA PERMUTACJI: 1 3 6 4 2 5 
1: 0 (0)
2: 1 (2)
3: 0 (0)
4: 2 (8)
5: 3 (15)
SUMA WSZYSTKICH: 25

DLA PERMUTACJI: 1 3 6 4 5 2 
1: 0 (0)
2: 1 (2)
3: 0 (0)
4: 3 (12)
5: 2 (10)
SUMA WSZYSTKICH: 24

DLA PERMUTACJI: 1 3 6 5 2 4 
1: 0 (0)
2: 1 (2)
3: 1 (3)
4: 1 (4)
5: 3 (15)
SUMA WSZYSTKICH: 24

DLA PERMUTACJI: 1 3 6 5 4 2 
1: 0 (0)
2: 1 (2)
3: 1 (3)
4: 2 (8)
5: 2 (10)
SUMA WSZYSTKICH: 23

DLA PERMUTACJI: 1 4 2 3 5 6 
1: 0 (0)
2: 0 (0)
3: 1 (3)
4: 0 (0)
5: 5 (25)
SUMA WSZYSTKICH: 28

DLA PERMUTACJI: 1 4 2 3 6 5 
1: 0 (0)
2: 0 (0)
3: 1 (3)
4: 1 (4)
5: 4 (20)
SUMA WSZYSTKICH: 27

DLA PERMUTACJI: 1 4 2 5 3 6 
1: 0 (0)
2: 0 (0)
3: 1 (3)
4: 1 (4)
5: 4 (20)
SUMA WSZYSTKICH: 27

DLA PERMUTACJI: 1 4 2 5 6 3 
1: 0 (0)
2: 0 (0)
3: 1 (3)
4: 2 (8)
5: 3 (15)
SUMA WSZYSTKICH: 26

DLA PERMUTACJI: 1 4 2 6 3 5 
1: 0 (0)
2: 0 (0)
3: 2 (6)
4: 0 (0)
5: 4 (20)
SUMA WSZYSTKICH: 26

DLA PERMUTACJI: 1 4 2 6 5 3 
1: 0 (0)
2: 0 (0)
3: 2 (6)
4: 1 (4)
5: 3 (15)
SUMA WSZYSTKICH: 25

DLA PERMUTACJI: 1 4 3 2 5 6 
1: 0 (0)
2: 0 (0)
3: 1 (3)
4: 1 (4)
5: 4 (20)
SUMA WSZYSTKICH: 27

DLA PERMUTACJI: 1 4 3 2 6 5 
1: 0 (0)
2: 0 (0)
3: 1 (3)
4: 2 (8)
5: 3 (15)
SUMA WSZYSTKICH: 26

DLA PERMUTACJI: 1 4 3 5 2 6 
1: 0 (0)
2: 0 (0)
3: 1 (3)
4: 2 (8)
5: 3 (15)
SUMA WSZYSTKICH: 26

DLA PERMUTACJI: 1 4 3 5 6 2 
1: 0 (0)
2: 0 (0)
3: 1 (3)
4: 3 (12)
5: 2 (10)
SUMA WSZYSTKICH: 25

DLA PERMUTACJI: 1 4 3 6 2 5 
1: 0 (0)
2: 0 (0)
3: 2 (6)
4: 1 (4)
5: 3 (15)
SUMA WSZYSTKICH: 25

DLA PERMUTACJI: 1 4 3 6 5 2 
1: 0 (0)
2: 0 (0)
3: 2 (6)
4: 2 (8)
5: 2 (10)
SUMA WSZYSTKICH: 24

DLA PERMUTACJI: 1 4 5 2 3 6 
1: 0 (0)
2: 0 (0)
3: 2 (6)
4: 0 (0)
5: 4 (20)
SUMA WSZYSTKICH: 26

DLA PERMUTACJI: 1 4 5 2 6 3 
1: 0 (0)
2: 0 (0)
3: 2 (6)
4: 1 (4)
5: 3 (15)
SUMA WSZYSTKICH: 25

DLA PERMUTACJI: 1 4 5 3 2 6 
1: 0 (0)
2: 0 (0)
3: 2 (6)
4: 1 (4)
5: 3 (15)
SUMA WSZYSTKICH: 25

DLA PERMUTACJI: 1 4 5 3 6 2 
1: 0 (0)
2: 0 (0)
3: 2 (6)
4: 2 (8)
5: 2 (10)
SUMA WSZYSTKICH: 24

DLA PERMUTACJI: 1 4 5 6 2 3 
1: 0 (0)
2: 0 (0)
3: 3 (9)
4: 0 (0)
5: 3 (15)
SUMA WSZYSTKICH: 24

DLA PERMUTACJI: 1 4 5 6 3 2 
1: 0 (0)
2: 0 (0)
3: 3 (9)
4: 1 (4)
5: 2 (10)
SUMA WSZYSTKICH: 23

DLA PERMUTACJI: 1 4 6 2 3 5 
1: 0 (0)
2: 1 (2)
3: 1 (3)
4: 0 (0)
5: 4 (20)
SUMA WSZYSTKICH: 25

DLA PERMUTACJI: 1 4 6 2 5 3 
1: 0 (0)
2: 1 (2)
3: 1 (3)
4: 1 (4)
5: 3 (15)
SUMA WSZYSTKICH: 24

DLA PERMUTACJI: 1 4 6 3 2 5 
1: 0 (0)
2: 1 (2)
3: 1 (3)
4: 1 (4)
5: 3 (15)
SUMA WSZYSTKICH: 24

DLA PERMUTACJI: 1 4 6 3 5 2 
1: 0 (0)
2: 1 (2)
3: 1 (3)
4: 2 (8)
5: 2 (10)
SUMA WSZYSTKICH: 23

DLA PERMUTACJI: 1 4 6 5 2 3 
1: 0 (0)
2: 1 (2)
3: 2 (6)
4: 0 (0)
5: 3 (15)
SUMA WSZYSTKICH: 23

DLA PERMUTACJI: 1 4 6 5 3 2 
1: 0 (0)
2: 1 (2)
3: 2 (6)
4: 1 (4)
5: 2 (10)
SUMA WSZYSTKICH: 22

DLA PERMUTACJI: 1 5 2 3 4 6 
1: 0 (0)
2: 1 (2)
3: 0 (0)
4: 0 (0)
5: 5 (25)
SUMA WSZYSTKICH: 27

DLA PERMUTACJI: 1 5 2 3 6 4 
1: 0 (0)
2: 1 (2)
3: 0 (0)
4: 1 (4)
5: 4 (20)
SUMA WSZYSTKICH: 26

DLA PERMUTACJI: 1 5 2 4 3 6 
1: 0 (0)
2: 1 (2)
3: 0 (0)
4: 1 (4)
5: 4 (20)
SUMA WSZYSTKICH: 26

DLA PERMUTACJI: 1 5 2 4 6 3 
1: 0 (0)
2: 1 (2)
3: 0 (0)
4: 2 (8)
5: 3 (15)
SUMA WSZYSTKICH: 25

DLA PERMUTACJI: 1 5 2 6 3 4 
1: 0 (0)
2: 1 (2)
3: 1 (3)
4: 0 (0)
5: 4 (20)
SUMA WSZYSTKICH: 25

DLA PERMUTACJI: 1 5 2 6 4 3 
1: 0 (0)
2: 1 (2)
3: 1 (3)
4: 1 (4)
5: 3 (15)
SUMA WSZYSTKICH: 24

DLA PERMUTACJI: 1 5 3 2 4 6 
1: 0 (0)
2: 1 (2)
3: 0 (0)
4: 1 (4)
5: 4 (20)
SUMA WSZYSTKICH: 26

DLA PERMUTACJI: 1 5 3 2 6 4 
1: 0 (0)
2: 1 (2)
3: 0 (0)
4: 2 (8)
5: 3 (15)
SUMA WSZYSTKICH: 25

DLA PERMUTACJI: 1 5 3 4 2 6 
1: 0 (0)
2: 1 (2)
3: 0 (0)
4: 2 (8)
5: 3 (15)
SUMA WSZYSTKICH: 25

DLA PERMUTACJI: 1 5 3 4 6 2 
1: 0 (0)
2: 1 (2)
3: 0 (0)
4: 3 (12)
5: 2 (10)
SUMA WSZYSTKICH: 24

DLA PERMUTACJI: 1 5 3 6 2 4 
1: 0 (0)
2: 1 (2)
3: 1 (3)
4: 1 (4)
5: 3 (15)
SUMA WSZYSTKICH: 24

DLA PERMUTACJI: 1 5 3 6 4 2 
1: 0 (0)
2: 1 (2)
3: 1 (3)
4: 2 (8)
5: 2 (10)
SUMA WSZYSTKICH: 23

DLA PERMUTACJI: 1 5 4 2 3 6 
1: 0 (0)
2: 1 (2)
3: 1 (3)
4: 0 (0)
5: 4 (20)
SUMA WSZYSTKICH: 25

DLA PERMUTACJI: 1 5 4 2 6 3 
1: 0 (0)
2: 1 (2)
3: 1 (3)
4: 1 (4)
5: 3 (15)
SUMA WSZYSTKICH: 24

DLA PERMUTACJI: 1 5 4 3 2 6 
1: 0 (0)
2: 1 (2)
3: 1 (3)
4: 1 (4)
5: 3 (15)
SUMA WSZYSTKICH: 24

DLA PERMUTACJI: 1 5 4 3 6 2 
1: 0 (0)
2: 1 (2)
3: 1 (3)
4: 2 (8)
5: 2 (10)
SUMA WSZYSTKICH: 23

DLA PERMUTACJI: 1 5 4 6 2 3 
1: 0 (0)
2: 1 (2)
3: 2 (6)
4: 0 (0)
5: 3 (15)
SUMA WSZYSTKICH: 23

DLA PERMUTACJI: 1 5 4 6 3 2 
1: 0 (0)
2: 1 (2)
3: 2 (6)
4: 1 (4)
5: 2 (10)
SUMA WSZYSTKICH: 22

DLA PERMUTACJI: 1 5 6 2 3 4 
1: 0 (0)
2: 2 (4)
3: 0 (0)
4: 0 (0)
5: 4 (20)
SUMA WSZYSTKICH: 24

DLA PERMUTACJI: 1 5 6 2 4 3 
1: 0 (0)
2: 2 (4)
3: 0 (0)
4: 1 (4)
5: 3 (15)
SUMA WSZYSTKICH: 23

DLA PERMUTACJI: 1 5 6 3 2 4 
1: 0 (0)
2: 2 (4)
3: 0 (0)
4: 1 (4)
5: 3 (15)
SUMA WSZYSTKICH: 23

DLA PERMUTACJI: 1 5 6 3 4 2 
1: 0 (0)
2: 2 (4)
3: 0 (0)
4: 2 (8)
5: 2 (10)
SUMA WSZYSTKICH: 22

DLA PERMUTACJI: 1 5 6 4 2 3 
1: 0 (0)
2: 2 (4)
3: 1 (3)
4: 0 (0)
5: 3 (15)
SUMA WSZYSTKICH: 22

DLA PERMUTACJI: 1 5 6 4 3 2 
1: 0 (0)
2: 2 (4)
3: 1 (3)
4: 1 (4)
5: 2 (10)
SUMA WSZYSTKICH: 21

DLA PERMUTACJI: 1 6 2 3 4 5 
1: 1 (1)
2: 0 (0)
3: 0 (0)
4: 0 (0)
5: 5 (25)
SUMA WSZYSTKICH: 26

DLA PERMUTACJI: 1 6 2 3 5 4 
1: 1 (1)
2: 0 (0)
3: 0 (0)
4: 1 (4)
5: 4 (20)
SUMA WSZYSTKICH: 25

DLA PERMUTACJI: 1 6 2 4 3 5 
1: 1 (1)
2: 0 (0)
3: 0 (0)
4: 1 (4)
5: 4 (20)
SUMA WSZYSTKICH: 25

DLA PERMUTACJI: 1 6 2 4 5 3 
1: 1 (1)
2: 0 (0)
3: 0 (0)
4: 2 (8)
5: 3 (15)
SUMA WSZYSTKICH: 24

DLA PERMUTACJI: 1 6 2 5 3 4 
1: 1 (1)
2: 0 (0)
3: 1 (3)
4: 0 (0)
5: 4 (20)
SUMA WSZYSTKICH: 24

DLA PERMUTACJI: 1 6 2 5 4 3 
1: 1 (1)
2: 0 (0)
3: 1 (3)
4: 1 (4)
5: 3 (15)
SUMA WSZYSTKICH: 23

DLA PERMUTACJI: 1 6 3 2 4 5 
1: 1 (1)
2: 0 (0)
3: 0 (0)
4: 1 (4)
5: 4 (20)
SUMA WSZYSTKICH: 25

DLA PERMUTACJI: 1 6 3 2 5 4 
1: 1 (1)
2: 0 (0)
3: 0 (0)
4: 2 (8)
5: 3 (15)
SUMA WSZYSTKICH: 24

DLA PERMUTACJI: 1 6 3 4 2 5 
1: 1 (1)
2: 0 (0)
3: 0 (0)
4: 2 (8)
5: 3 (15)
SUMA WSZYSTKICH: 24

DLA PERMUTACJI: 1 6 3 4 5 2 
1: 1 (1)
2: 0 (0)
3: 0 (0)
4: 3 (12)
5: 2 (10)
SUMA WSZYSTKICH: 23

DLA PERMUTACJI: 1 6 3 5 2 4 
1: 1 (1)
2: 0 (0)
3: 1 (3)
4: 1 (4)
5: 3 (15)
SUMA WSZYSTKICH: 23

DLA PERMUTACJI: 1 6 3 5 4 2 
1: 1 (1)
2: 0 (0)
3: 1 (3)
4: 2 (8)
5: 2 (10)
SUMA WSZYSTKICH: 22

DLA PERMUTACJI: 1 6 4 2 3 5 
1: 1 (1)
2: 0 (0)
3: 1 (3)
4: 0 (0)
5: 4 (20)
SUMA WSZYSTKICH: 24

DLA PERMUTACJI: 1 6 4 2 5 3 
1: 1 (1)
2: 0 (0)
3: 1 (3)
4: 1 (4)
5: 3 (15)
SUMA WSZYSTKICH: 23

DLA PERMUTACJI: 1 6 4 3 2 5 
1: 1 (1)
2: 0 (0)
3: 1 (3)
4: 1 (4)
5: 3 (15)
SUMA WSZYSTKICH: 23

DLA PERMUTACJI: 1 6 4 3 5 2 
1: 1 (1)
2: 0 (0)
3: 1 (3)
4: 2 (8)
5: 2 (10)
SUMA WSZYSTKICH: 22

DLA PERMUTACJI: 1 6 4 5 2 3 
1: 1 (1)
2: 0 (0)
3: 2 (6)
4: 0 (0)
5: 3 (15)
SUMA WSZYSTKICH: 22

DLA PERMUTACJI: 1 6 4 5 3 2 
1: 1 (1)
2: 0 (0)
3: 2 (6)
4: 1 (4)
5: 2 (10)
SUMA WSZYSTKICH: 21

DLA PERMUTACJI: 1 6 5 2 3 4 
1: 1 (1)
2: 1 (2)
3: 0 (0)
4: 0 (0)
5: 4 (20)
SUMA WSZYSTKICH: 23

DLA PERMUTACJI: 1 6 5 2 4 3 
1: 1 (1)
2: 1 (2)
3: 0 (0)
4: 1 (4)
5: 3 (15)
SUMA WSZYSTKICH: 22

DLA PERMUTACJI: 1 6 5 3 2 4 
1: 1 (1)
2: 1 (2)
3: 0 (0)
4: 1 (4)
5: 3 (15)
SUMA WSZYSTKICH: 22

DLA PERMUTACJI: 1 6 5 3 4 2 
1: 1 (1)
2: 1 (2)
3: 0 (0)
4: 2 (8)
5: 2 (10)
SUMA WSZYSTKICH: 21

DLA PERMUTACJI: 1 6 5 4 2 3 
1: 1 (1)
2: 1 (2)
3: 1 (3)
4: 0 (0)
5: 3 (15)
SUMA WSZYSTKICH: 21

DLA PERMUTACJI: 1 6 5 4 3 2 
1: 1 (1)
2: 1 (2)
3: 1 (3)
4: 1 (4)
5: 2 (10)
SUMA WSZYSTKICH: 20

DLA PERMUTACJI: 2 1 3 4 5 6 
1: 1 (1)
2: 0 (0)
3: 0 (0)
4: 0 (0)
5: 0 (0)
SUMA WSZYSTKICH: 1

DLA PERMUTACJI: 2 1 3 4 6 5 
1: 1 (1)
2: 0 (0)
3: 0 (0)
4: 1 (4)
5: 5 (25)
SUMA WSZYSTKICH: 30

DLA PERMUTACJI: 2 1 3 5 4 6 
1: 1 (1)
2: 0 (0)
3: 0 (0)
4: 1 (4)
5: 5 (25)
SUMA WSZYSTKICH: 30

DLA PERMUTACJI: 2 1 3 5 6 4 
1: 1 (1)
2: 0 (0)
3: 0 (0)
4: 2 (8)
5: 4 (20)
SUMA WSZYSTKICH: 29

DLA PERMUTACJI: 2 1 3 6 4 5 
1: 1 (1)
2: 0 (0)
3: 1 (3)
4: 0 (0)
5: 5 (25)
SUMA WSZYSTKICH: 29

DLA PERMUTACJI: 2 1 3 6 5 4 
1: 1 (1)
2: 0 (0)
3: 1 (3)
4: 1 (4)
5: 4 (20)
SUMA WSZYSTKICH: 28

DLA PERMUTACJI: 2 1 4 3 5 6 
1: 1 (1)
2: 0 (0)
3: 0 (0)
4: 1 (4)
5: 5 (25)
SUMA WSZYSTKICH: 30

DLA PERMUTACJI: 2 1 4 3 6 5 
1: 1 (1)
2: 0 (0)
3: 0 (0)
4: 2 (8)
5: 4 (20)
SUMA WSZYSTKICH: 29

DLA PERMUTACJI: 2 1 4 5 3 6 
1: 1 (1)
2: 0 (0)
3: 0 (0)
4: 2 (8)
5: 4 (20)
SUMA WSZYSTKICH: 29

DLA PERMUTACJI: 2 1 4 5 6 3 
1: 1 (1)
2: 0 (0)
3: 0 (0)
4: 3 (12)
5: 3 (15)
SUMA WSZYSTKICH: 28

DLA PERMUTACJI: 2 1 4 6 3 5 
1: 1 (1)
2: 0 (0)
3: 1 (3)
4: 1 (4)
5: 4 (20)
SUMA WSZYSTKICH: 28

DLA PERMUTACJI: 2 1 4 6 5 3 
1: 1 (1)
2: 0 (0)
3: 1 (3)
4: 2 (8)
5: 3 (15)
SUMA WSZYSTKICH: 27

DLA PERMUTACJI: 2 1 5 3 4 6 
1: 1 (1)
2: 0 (0)
3: 1 (3)
4: 0 (0)
5: 5 (25)
SUMA WSZYSTKICH: 29

DLA PERMUTACJI: 2 1 5 3 6 4 
1: 1 (1)
2: 0 (0)
3: 1 (3)
4: 1 (4)
5: 4 (20)
SUMA WSZYSTKICH: 28

DLA PERMUTACJI: 2 1 5 4 3 6 
1: 1 (1)
2: 0 (0)
3: 1 (3)
4: 1 (4)
5: 4 (20)
SUMA WSZYSTKICH: 28

DLA PERMUTACJI: 2 1 5 4 6 3 
1: 1 (1)
2: 0 (0)
3: 1 (3)
4: 2 (8)
5: 3 (15)
SUMA WSZYSTKICH: 27

DLA PERMUTACJI: 2 1 5 6 3 4 
1: 1 (1)
2: 0 (0)
3: 2 (6)
4: 0 (0)
5: 4 (20)
SUMA WSZYSTKICH: 27

DLA PERMUTACJI: 2 1 5 6 4 3 
1: 1 (1)
2: 0 (0)
3: 2 (6)
4: 1 (4)
5: 3 (15)
SUMA WSZYSTKICH: 26

DLA PERMUTACJI: 2 1 6 3 4 5 
1: 1 (1)
2: 1 (2)
3: 0 (0)
4: 0 (0)
5: 5 (25)
SUMA WSZYSTKICH: 28

DLA PERMUTACJI: 2 1 6 3 5 4 
1: 1 (1)
2: 1 (2)
3: 0 (0)
4: 1 (4)
5: 4 (20)
SUMA WSZYSTKICH: 27

DLA PERMUTACJI: 2 1 6 4 3 5 
1: 1 (1)
2: 1 (2)
3: 0 (0)
4: 1 (4)
5: 4 (20)
SUMA WSZYSTKICH: 27

DLA PERMUTACJI: 2 1 6 4 5 3 
1: 1 (1)
2: 1 (2)
3: 0 (0)
4: 2 (8)
5: 3 (15)
SUMA WSZYSTKICH: 26

DLA PERMUTACJI: 2 1 6 5 3 4 
1: 1 (1)
2: 1 (2)
3: 1 (3)
4: 0 (0)
5: 4 (20)
SUMA WSZYSTKICH: 26

DLA PERMUTACJI: 2 1 6 5 4 3 
1: 1 (1)
2: 1 (2)
3: 1 (3)
4: 1 (4)
5: 3 (15)
SUMA WSZYSTKICH: 25

DLA PERMUTACJI: 2 3 1 4 5 6 
1: 0 (0)
2: 1 (2)
3: 0 (0)
4: 0 (0)
5: 0 (0)
SUMA WSZYSTKICH: 2

DLA PERMUTACJI: 2 3 1 4 6 5 
1: 0 (0)
2: 1 (2)
3: 0 (0)
4: 1 (4)
5: 5 (25)
SUMA WSZYSTKICH: 31

DLA PERMUTACJI: 2 3 1 5 4 6 
1: 0 (0)
2: 1 (2)
3: 0 (0)
4: 1 (4)
5: 5 (25)
SUMA WSZYSTKICH: 31

DLA PERMUTACJI: 2 3 1 5 6 4 
1: 0 (0)
2: 1 (2)
3: 0 (0)
4: 2 (8)
5: 4 (20)
SUMA WSZYSTKICH: 30

DLA PERMUTACJI: 2 3 1 6 4 5 
1: 0 (0)
2: 1 (2)
3: 1 (3)
4: 0 (0)
5: 5 (25)
SUMA WSZYSTKICH: 30

DLA PERMUTACJI: 2 3 1 6 5 4 
1: 0 (0)
2: 1 (2)
3: 1 (3)
4: 1 (4)
5: 4 (20)
SUMA WSZYSTKICH: 29

DLA PERMUTACJI: 2 3 4 1 5 6 
1: 0 (0)
2: 0 (0)
3: 1 (3)
4: 0 (0)
5: 0 (0)
SUMA WSZYSTKICH: 3

DLA PERMUTACJI: 2 3 4 1 6 5 
1: 0 (0)
2: 0 (0)
3: 1 (3)
4: 1 (4)
5: 5 (25)
SUMA WSZYSTKICH: 32

DLA PERMUTACJI: 2 3 4 5 1 6 
1: 0 (0)
2: 0 (0)
3: 0 (0)
4: 1 (4)
5: 0 (0)
SUMA WSZYSTKICH: 4

DLA PERMUTACJI: 2 3 4 5 6 1 
1: 0 (0)
2: 0 (0)
3: 0 (0)
4: 0 (0)
5: 1 (5)
SUMA WSZYSTKICH: 5

DLA PERMUTACJI: 2 3 4 6 1 5 
1: 0 (0)
2: 0 (0)
3: 0 (0)
4: 2 (8)
5: 5 (25)
SUMA WSZYSTKICH: 33

DLA PERMUTACJI: 2 3 4 6 5 1 
1: 0 (0)
2: 0 (0)
3: 0 (0)
4: 1 (4)
5: 6 (30)
SUMA WSZYSTKICH: 34

DLA PERMUTACJI: 2 3 5 1 4 6 
1: 0 (0)
2: 0 (0)
3: 1 (3)
4: 1 (4)
5: 5 (25)
SUMA WSZYSTKICH: 32

DLA PERMUTACJI: 2 3 5 1 6 4 
1: 0 (0)
2: 0 (0)
3: 1 (3)
4: 2 (8)
5: 4 (20)
SUMA WSZYSTKICH: 31

DLA PERMUTACJI: 2 3 5 4 1 6 
1: 0 (0)
2: 0 (0)
3: 0 (0)
4: 2 (8)
5: 5 (25)
SUMA WSZYSTKICH: 33

DLA PERMUTACJI: 2 3 5 4 6 1 
1: 0 (0)
2: 0 (0)
3: 0 (0)
4: 1 (4)
5: 6 (30)
SUMA WSZYSTKICH: 34

DLA PERMUTACJI: 2 3 5 6 1 4 
1: 0 (0)
2: 0 (0)
3: 0 (0)
4: 3 (12)
5: 4 (20)
SUMA WSZYSTKICH: 32

DLA PERMUTACJI: 2 3 5 6 4 1 
1: 0 (0)
2: 0 (0)
3: 0 (0)
4: 2 (8)
5: 5 (25)
SUMA WSZYSTKICH: 33

DLA PERMUTACJI: 2 3 6 1 4 5 
1: 0 (0)
2: 0 (0)
3: 2 (6)
4: 0 (0)
5: 5 (25)
SUMA WSZYSTKICH: 31

DLA PERMUTACJI: 2 3 6 1 5 4 
1: 0 (0)
2: 0 (0)
3: 2 (6)
4: 1 (4)
5: 4 (20)
SUMA WSZYSTKICH: 30

DLA PERMUTACJI: 2 3 6 4 1 5 
1: 0 (0)
2: 0 (0)
3: 1 (3)
4: 1 (4)
5: 5 (25)
SUMA WSZYSTKICH: 32

DLA PERMUTACJI: 2 3 6 4 5 1 
1: 0 (0)
2: 0 (0)
3: 1 (3)
4: 0 (0)
5: 6 (30)
SUMA WSZYSTKICH: 33

DLA PERMUTACJI: 2 3 6 5 1 4 
1: 0 (0)
2: 0 (0)
3: 1 (3)
4: 2 (8)
5: 4 (20)
SUMA WSZYSTKICH: 31

DLA PERMUTACJI: 2 3 6 5 4 1 
1: 0 (0)
2: 0 (0)
3: 1 (3)
4: 1 (4)
5: 5 (25)
SUMA WSZYSTKICH: 32

DLA PERMUTACJI: 2 4 1 3 5 6 
1: 0 (0)
2: 1 (2)
3: 0 (0)
4: 1 (4)
5: 5 (25)
SUMA WSZYSTKICH: 31

DLA PERMUTACJI: 2 4 1 3 6 5 
1: 0 (0)
2: 1 (2)
3: 0 (0)
4: 2 (8)
5: 4 (20)
SUMA WSZYSTKICH: 30

DLA PERMUTACJI: 2 4 1 5 3 6 
1: 0 (0)
2: 1 (2)
3: 0 (0)
4: 2 (8)
5: 4 (20)
SUMA WSZYSTKICH: 30

DLA PERMUTACJI: 2 4 1 5 6 3 
1: 0 (0)
2: 1 (2)
3: 0 (0)
4: 3 (12)
5: 3 (15)
SUMA WSZYSTKICH: 29

DLA PERMUTACJI: 2 4 1 6 3 5 
1: 0 (0)
2: 1 (2)
3: 1 (3)
4: 1 (4)
5: 4 (20)
SUMA WSZYSTKICH: 29

DLA PERMUTACJI: 2 4 1 6 5 3 
1: 0 (0)
2: 1 (2)
3: 1 (3)
4: 2 (8)
5: 3 (15)
SUMA WSZYSTKICH: 28

DLA PERMUTACJI: 2 4 3 1 5 6 
1: 0 (0)
2: 0 (0)
3: 1 (3)
4: 1 (4)
5: 5 (25)
SUMA WSZYSTKICH: 32

DLA PERMUTACJI: 2 4 3 1 6 5 
1: 0 (0)
2: 0 (0)
3: 1 (3)
4: 2 (8)
5: 4 (20)
SUMA WSZYSTKICH: 31

DLA PERMUTACJI: 2 4 3 5 1 6 
1: 0 (0)
2: 0 (0)
3: 0 (0)
4: 2 (8)
5: 5 (25)
SUMA WSZYSTKICH: 33

DLA PERMUTACJI: 2 4 3 5 6 1 
1: 0 (0)
2: 0 (0)
3: 0 (0)
4: 1 (4)
5: 6 (30)
SUMA WSZYSTKICH: 34

DLA PERMUTACJI: 2 4 3 6 1 5 
1: 0 (0)
2: 0 (0)
3: 0 (0)
4: 3 (12)
5: 4 (20)
SUMA WSZYSTKICH: 32

DLA PERMUTACJI: 2 4 3 6 5 1 
1: 0 (0)
2: 0 (0)
3: 0 (0)
4: 2 (8)
5: 5 (25)
SUMA WSZYSTKICH: 33

DLA PERMUTACJI: 2 4 5 1 3 6 
1: 0 (0)
2: 0 (0)
3: 1 (3)
4: 2 (8)
5: 4 (20)
SUMA WSZYSTKICH: 31

DLA PERMUTACJI: 2 4 5 1 6 3 
1: 0 (0)
2: 0 (0)
3: 1 (3)
4: 3 (12)
5: 3 (15)
SUMA WSZYSTKICH: 30

DLA PERMUTACJI: 2 4 5 3 1 6 
1: 0 (0)
2: 0 (0)
3: 0 (0)
4: 3 (12)
5: 4 (20)
SUMA WSZYSTKICH: 32

DLA PERMUTACJI: 2 4 5 3 6 1 
1: 0 (0)
2: 0 (0)
3: 0 (0)
4: 2 (8)
5: 5 (25)
SUMA WSZYSTKICH: 33

DLA PERMUTACJI: 2 4 5 6 1 3 
1: 0 (0)
2: 0 (0)
3: 0 (0)
4: 4 (16)
5: 3 (15)
SUMA WSZYSTKICH: 31

DLA PERMUTACJI: 2 4 5 6 3 1 
1: 0 (0)
2: 0 (0)
3: 0 (0)
4: 3 (12)
5: 4 (20)
SUMA WSZYSTKICH: 32

DLA PERMUTACJI: 2 4 6 1 3 5 
1: 0 (0)
2: 0 (0)
3: 2 (6)
4: 1 (4)
5: 4 (20)
SUMA WSZYSTKICH: 30

DLA PERMUTACJI: 2 4 6 1 5 3 
1: 0 (0)
2: 0 (0)
3: 2 (6)
4: 2 (8)
5: 3 (15)
SUMA WSZYSTKICH: 29

DLA PERMUTACJI: 2 4 6 3 1 5 
1: 0 (0)
2: 0 (0)
3: 1 (3)
4: 2 (8)
5: 4 (20)
SUMA WSZYSTKICH: 31

DLA PERMUTACJI: 2 4 6 3 5 1 
1: 0 (0)
2: 0 (0)
3: 1 (3)
4: 1 (4)
5: 5 (25)
SUMA WSZYSTKICH: 32

DLA PERMUTACJI: 2 4 6 5 1 3 
1: 0 (0)
2: 0 (0)
3: 1 (3)
4: 3 (12)
5: 3 (15)
SUMA WSZYSTKICH: 30

DLA PERMUTACJI: 2 4 6 5 3 1 
1: 0 (0)
2: 0 (0)
3: 1 (3)
4: 2 (8)
5: 4 (20)
SUMA WSZYSTKICH: 31

DLA PERMUTACJI: 2 5 1 3 4 6 
1: 0 (0)
2: 1 (2)
3: 1 (3)
4: 0 (0)
5: 5 (25)
SUMA WSZYSTKICH: 30

DLA PERMUTACJI: 2 5 1 3 6 4 
1: 0 (0)
2: 1 (2)
3: 1 (3)
4: 1 (4)
5: 4 (20)
SUMA WSZYSTKICH: 29

DLA PERMUTACJI: 2 5 1 4 3 6 
1: 0 (0)
2: 1 (2)
3: 1 (3)
4: 1 (4)
5: 4 (20)
SUMA WSZYSTKICH: 29

DLA PERMUTACJI: 2 5 1 4 6 3 
1: 0 (0)
2: 1 (2)
3: 1 (3)
4: 2 (8)
5: 3 (15)
SUMA WSZYSTKICH: 28

DLA PERMUTACJI: 2 5 1 6 3 4 
1: 0 (0)
2: 1 (2)
3: 2 (6)
4: 0 (0)
5: 4 (20)
SUMA WSZYSTKICH: 28

DLA PERMUTACJI: 2 5 1 6 4 3 
1: 0 (0)
2: 1 (2)
3: 2 (6)
4: 1 (4)
5: 3 (15)
SUMA WSZYSTKICH: 27

DLA PERMUTACJI: 2 5 3 1 4 6 
1: 0 (0)
2: 0 (0)
3: 2 (6)
4: 0 (0)
5: 5 (25)
SUMA WSZYSTKICH: 31

DLA PERMUTACJI: 2 5 3 1 6 4 
1: 0 (0)
2: 0 (0)
3: 2 (6)
4: 1 (4)
5: 4 (20)
SUMA WSZYSTKICH: 30

DLA PERMUTACJI: 2 5 3 4 1 6 
1: 0 (0)
2: 0 (0)
3: 1 (3)
4: 1 (4)
5: 5 (25)
SUMA WSZYSTKICH: 32

DLA PERMUTACJI: 2 5 3 4 6 1 
1: 0 (0)
2: 0 (0)
3: 1 (3)
4: 0 (0)
5: 6 (30)
SUMA WSZYSTKICH: 33

DLA PERMUTACJI: 2 5 3 6 1 4 
1: 0 (0)
2: 0 (0)
3: 1 (3)
4: 2 (8)
5: 4 (20)
SUMA WSZYSTKICH: 31

DLA PERMUTACJI: 2 5 3 6 4 1 
1: 0 (0)
2: 0 (0)
3: 1 (3)
4: 1 (4)
5: 5 (25)
SUMA WSZYSTKICH: 32

DLA PERMUTACJI: 2 5 4 1 3 6 
1: 0 (0)
2: 0 (0)
3: 2 (6)
4: 1 (4)
5: 4 (20)
SUMA WSZYSTKICH: 30

DLA PERMUTACJI: 2 5 4 1 6 3 
1: 0 (0)
2: 0 (0)
3: 2 (6)
4: 2 (8)
5: 3 (15)
SUMA WSZYSTKICH: 29

DLA PERMUTACJI: 2 5 4 3 1 6 
1: 0 (0)
2: 0 (0)
3: 1 (3)
4: 2 (8)
5: 4 (20)
SUMA WSZYSTKICH: 31

DLA PERMUTACJI: 2 5 4 3 6 1 
1: 0 (0)
2: 0 (0)
3: 1 (3)
4: 1 (4)
5: 5 (25)
SUMA WSZYSTKICH: 32

DLA PERMUTACJI: 2 5 4 6 1 3 
1: 0 (0)
2: 0 (0)
3: 1 (3)
4: 3 (12)
5: 3 (15)
SUMA WSZYSTKICH: 30

DLA PERMUTACJI: 2 5 4 6 3 1 
1: 0 (0)
2: 0 (0)
3: 1 (3)
4: 2 (8)
5: 4 (20)
SUMA WSZYSTKICH: 31

DLA PERMUTACJI: 2 5 6 1 3 4 
1: 0 (0)
2: 0 (0)
3: 3 (9)
4: 0 (0)
5: 4 (20)
SUMA WSZYSTKICH: 29

DLA PERMUTACJI: 2 5 6 1 4 3 
1: 0 (0)
2: 0 (0)
3: 3 (9)
4: 1 (4)
5: 3 (15)
SUMA WSZYSTKICH: 28

DLA PERMUTACJI: 2 5 6 3 1 4 
1: 0 (0)
2: 0 (0)
3: 2 (6)
4: 1 (4)
5: 4 (20)
SUMA WSZYSTKICH: 30

DLA PERMUTACJI: 2 5 6 3 4 1 
1: 0 (0)
2: 0 (0)
3: 2 (6)
4: 0 (0)
5: 5 (25)
SUMA WSZYSTKICH: 31

DLA PERMUTACJI: 2 5 6 4 1 3 
1: 0 (0)
2: 0 (0)
3: 2 (6)
4: 2 (8)
5: 3 (15)
SUMA WSZYSTKICH: 29

DLA PERMUTACJI: 2 5 6 4 3 1 
1: 0 (0)
2: 0 (0)
3: 2 (6)
4: 1 (4)
5: 4 (20)
SUMA WSZYSTKICH: 30

DLA PERMUTACJI: 2 6 1 3 4 5 
1: 0 (0)
2: 2 (4)
3: 0 (0)
4: 0 (0)
5: 5 (25)
SUMA WSZYSTKICH: 29

DLA PERMUTACJI: 2 6 1 3 5 4 
1: 0 (0)
2: 2 (4)
3: 0 (0)
4: 1 (4)
5: 4 (20)
SUMA WSZYSTKICH: 28

DLA PERMUTACJI: 2 6 1 4 3 5 
1: 0 (0)
2: 2 (4)
3: 0 (0)
4: 1 (4)
5: 4 (20)
SUMA WSZYSTKICH: 28

DLA PERMUTACJI: 2 6 1 4 5 3 
1: 0 (0)
2: 2 (4)
3: 0 (0)
4: 2 (8)
5: 3 (15)
SUMA WSZYSTKICH: 27

DLA PERMUTACJI: 2 6 1 5 3 4 
1: 0 (0)
2: 2 (4)
3: 1 (3)
4: 0 (0)
5: 4 (20)
SUMA WSZYSTKICH: 27

DLA PERMUTACJI: 2 6 1 5 4 3 
1: 0 (0)
2: 2 (4)
3: 1 (3)
4: 1 (4)
5: 3 (15)
SUMA WSZYSTKICH: 26

DLA PERMUTACJI: 2 6 3 1 4 5 
1: 0 (0)
2: 1 (2)
3: 1 (3)
4: 0 (0)
5: 5 (25)
SUMA WSZYSTKICH: 30

DLA PERMUTACJI: 2 6 3 1 5 4 
1: 0 (0)
2: 1 (2)
3: 1 (3)
4: 1 (4)
5: 4 (20)
SUMA WSZYSTKICH: 29

DLA PERMUTACJI: 2 6 3 4 1 5 
1: 0 (0)
2: 1 (2)
3: 0 (0)
4: 1 (4)
5: 5 (25)
SUMA WSZYSTKICH: 31

DLA PERMUTACJI: 2 6 3 4 5 1 
1: 0 (0)
2: 1 (2)
3: 0 (0)
4: 0 (0)
5: 6 (30)
SUMA WSZYSTKICH: 32

DLA PERMUTACJI: 2 6 3 5 1 4 
1: 0 (0)
2: 1 (2)
3: 0 (0)
4: 2 (8)
5: 4 (20)
SUMA WSZYSTKICH: 30

DLA PERMUTACJI: 2 6 3 5 4 1 
1: 0 (0)
2: 1 (2)
3: 0 (0)
4: 1 (4)
5: 5 (25)
SUMA WSZYSTKICH: 31

DLA PERMUTACJI: 2 6 4 1 3 5 
1: 0 (0)
2: 1 (2)
3: 1 (3)
4: 1 (4)
5: 4 (20)
SUMA WSZYSTKICH: 29

DLA PERMUTACJI: 2 6 4 1 5 3 
1: 0 (0)
2: 1 (2)
3: 1 (3)
4: 2 (8)
5: 3 (15)
SUMA WSZYSTKICH: 28

DLA PERMUTACJI: 2 6 4 3 1 5 
1: 0 (0)
2: 1 (2)
3: 0 (0)
4: 2 (8)
5: 4 (20)
SUMA WSZYSTKICH: 30

DLA PERMUTACJI: 2 6 4 3 5 1 
1: 0 (0)
2: 1 (2)
3: 0 (0)
4: 1 (4)
5: 5 (25)
SUMA WSZYSTKICH: 31

DLA PERMUTACJI: 2 6 4 5 1 3 
1: 0 (0)
2: 1 (2)
3: 0 (0)
4: 3 (12)
5: 3 (15)
SUMA WSZYSTKICH: 29

DLA PERMUTACJI: 2 6 4 5 3 1 
1: 0 (0)
2: 1 (2)
3: 0 (0)
4: 2 (8)
5: 4 (20)
SUMA WSZYSTKICH: 30

DLA PERMUTACJI: 2 6 5 1 3 4 
1: 0 (0)
2: 1 (2)
3: 2 (6)
4: 0 (0)
5: 4 (20)
SUMA WSZYSTKICH: 28

DLA PERMUTACJI: 2 6 5 1 4 3 
1: 0 (0)
2: 1 (2)
3: 2 (6)
4: 1 (4)
5: 3 (15)
SUMA WSZYSTKICH: 27

DLA PERMUTACJI: 2 6 5 3 1 4 
1: 0 (0)
2: 1 (2)
3: 1 (3)
4: 1 (4)
5: 4 (20)
SUMA WSZYSTKICH: 29

DLA PERMUTACJI: 2 6 5 3 4 1 
1: 0 (0)
2: 1 (2)
3: 1 (3)
4: 0 (0)
5: 5 (25)
SUMA WSZYSTKICH: 30

DLA PERMUTACJI: 2 6 5 4 1 3 
1: 0 (0)
2: 1 (2)
3: 1 (3)
4: 2 (8)
5: 3 (15)
SUMA WSZYSTKICH: 28

DLA PERMUTACJI: 2 6 5 4 3 1 
1: 0 (0)
2: 1 (2)
3: 1 (3)
4: 1 (4)
5: 4 (20)
SUMA WSZYSTKICH: 29

DLA PERMUTACJI: 3 1 2 4 5 6 
1: 0 (0)
2: 2 (4)
3: 0 (0)
4: 0 (0)
5: 0 (0)
SUMA WSZYSTKICH: 4

DLA PERMUTACJI: 3 1 2 4 6 5 
1: 0 (0)
2: 2 (4)
3: 0 (0)
4: 1 (4)
5: 5 (25)
SUMA WSZYSTKICH: 33

DLA PERMUTACJI: 3 1 2 5 4 6 
1: 0 (0)
2: 2 (4)
3: 0 (0)
4: 1 (4)
5: 5 (25)
SUMA WSZYSTKICH: 33

DLA PERMUTACJI: 3 1 2 5 6 4 
1: 0 (0)
2: 2 (4)
3: 0 (0)
4: 2 (8)
5: 4 (20)
SUMA WSZYSTKICH: 32

DLA PERMUTACJI: 3 1 2 6 4 5 
1: 0 (0)
2: 2 (4)
3: 1 (3)
4: 0 (0)
5: 5 (25)
SUMA WSZYSTKICH: 32

DLA PERMUTACJI: 3 1 2 6 5 4 
1: 0 (0)
2: 2 (4)
3: 1 (3)
4: 1 (4)
5: 4 (20)
SUMA WSZYSTKICH: 31

DLA PERMUTACJI: 3 1 4 2 5 6 
1: 0 (0)
2: 1 (2)
3: 1 (3)
4: 0 (0)
5: 0 (0)
SUMA WSZYSTKICH: 5

DLA PERMUTACJI: 3 1 4 2 6 5 
1: 0 (0)
2: 1 (2)
3: 1 (3)
4: 1 (4)
5: 5 (25)
SUMA WSZYSTKICH: 34

DLA PERMUTACJI: 3 1 4 5 2 6 
1: 0 (0)
2: 1 (2)
3: 0 (0)
4: 1 (4)
5: 0 (0)
SUMA WSZYSTKICH: 6

DLA PERMUTACJI: 3 1 4 5 6 2 
1: 0 (0)
2: 1 (2)
3: 0 (0)
4: 0 (0)
5: 1 (5)
SUMA WSZYSTKICH: 7

DLA PERMUTACJI: 3 1 4 6 2 5 
1: 0 (0)
2: 1 (2)
3: 0 (0)
4: 2 (8)
5: 5 (25)
SUMA WSZYSTKICH: 35

DLA PERMUTACJI: 3 1 4 6 5 2 
1: 0 (0)
2: 1 (2)
3: 0 (0)
4: 1 (4)
5: 6 (30)
SUMA WSZYSTKICH: 36

DLA PERMUTACJI: 3 1 5 2 4 6 
1: 0 (0)
2: 1 (2)
3: 1 (3)
4: 1 (4)
5: 5 (25)
SUMA WSZYSTKICH: 34

DLA PERMUTACJI: 3 1 5 2 6 4 
1: 0 (0)
2: 1 (2)
3: 1 (3)
4: 2 (8)
5: 4 (20)
SUMA WSZYSTKICH: 33

DLA PERMUTACJI: 3 1 5 4 2 6 
1: 0 (0)
2: 1 (2)
3: 0 (0)
4: 2 (8)
5: 5 (25)
SUMA WSZYSTKICH: 35

DLA PERMUTACJI: 3 1 5 4 6 2 
1: 0 (0)
2: 1 (2)
3: 0 (0)
4: 1 (4)
5: 6 (30)
SUMA WSZYSTKICH: 36

DLA PERMUTACJI: 3 1 5 6 2 4 
1: 0 (0)
2: 1 (2)
3: 0 (0)
4: 3 (12)
5: 4 (20)
SUMA WSZYSTKICH: 34

DLA PERMUTACJI: 3 1 5 6 4 2 
1: 0 (0)
2: 1 (2)
3: 0 (0)
4: 2 (8)
5: 5 (25)
SUMA WSZYSTKICH: 35

DLA PERMUTACJI: 3 1 6 2 4 5 
1: 0 (0)
2: 1 (2)
3: 2 (6)
4: 0 (0)
5: 5 (25)
SUMA WSZYSTKICH: 33

DLA PERMUTACJI: 3 1 6 2 5 4 
1: 0 (0)
2: 1 (2)
3: 2 (6)
4: 1 (4)
5: 4 (20)
SUMA WSZYSTKICH: 32

DLA PERMUTACJI: 3 1 6 4 2 5 
1: 0 (0)
2: 1 (2)
3: 1 (3)
4: 1 (4)
5: 5 (25)
SUMA WSZYSTKICH: 34

DLA PERMUTACJI: 3 1 6 4 5 2 
1: 0 (0)
2: 1 (2)
3: 1 (3)
4: 0 (0)
5: 6 (30)
SUMA WSZYSTKICH: 35

DLA PERMUTACJI: 3 1 6 5 2 4 
1: 0 (0)
2: 1 (2)
3: 1 (3)
4: 2 (8)
5: 4 (20)
SUMA WSZYSTKICH: 33

DLA PERMUTACJI: 3 1 6 5 4 2 
1: 0 (0)
2: 1 (2)
3: 1 (3)
4: 1 (4)
5: 5 (25)
SUMA WSZYSTKICH: 34

DLA PERMUTACJI: 3 2 1 4 5 6 
1: 1 (1)
2: 1 (2)
3: 0 (0)
4: 0 (0)
5: 0 (0)
SUMA WSZYSTKICH: 3

DLA PERMUTACJI: 3 2 1 4 6 5 
1: 1 (1)
2: 1 (2)
3: 0 (0)
4: 1 (4)
5: 5 (25)
SUMA WSZYSTKICH: 32

DLA PERMUTACJI: 3 2 1 5 4 6 
1: 1 (1)
2: 1 (2)
3: 0 (0)
4: 1 (4)
5: 5 (25)
SUMA WSZYSTKICH: 32

DLA PERMUTACJI: 3 2 1 5 6 4 
1: 1 (1)
2: 1 (2)
3: 0 (0)
4: 2 (8)
5: 4 (20)
SUMA WSZYSTKICH: 31

DLA PERMUTACJI: 3 2 1 6 4 5 
1: 1 (1)
2: 1 (2)
3: 1 (3)
4: 0 (0)
5: 5 (25)
SUMA WSZYSTKICH: 31

DLA PERMUTACJI: 3 2 1 6 5 4 
1: 1 (1)
2: 1 (2)
3: 1 (3)
4: 1 (4)
5: 4 (20)
SUMA WSZYSTKICH: 30

DLA PERMUTACJI: 3 2 4 1 5 6 
1: 1 (1)
2: 0 (0)
3: 1 (3)
4: 0 (0)
5: 0 (0)
SUMA WSZYSTKICH: 4

DLA PERMUTACJI: 3 2 4 1 6 5 
1: 1 (1)
2: 0 (0)
3: 1 (3)
4: 1 (4)
5: 5 (25)
SUMA WSZYSTKICH: 33

DLA PERMUTACJI: 3 2 4 5 1 6 
1: 1 (1)
2: 0 (0)
3: 0 (0)
4: 1 (4)
5: 0 (0)
SUMA WSZYSTKICH: 5

DLA PERMUTACJI: 3 2 4 5 6 1 
1: 1 (1)
2: 0 (0)
3: 0 (0)
4: 0 (0)
5: 1 (5)
SUMA WSZYSTKICH: 6

DLA PERMUTACJI: 3 2 4 6 1 5 
1: 1 (1)
2: 0 (0)
3: 0 (0)
4: 2 (8)
5: 5 (25)
SUMA WSZYSTKICH: 34

DLA PERMUTACJI: 3 2 4 6 5 1 
1: 1 (1)
2: 0 (0)
3: 0 (0)
4: 1 (4)
5: 6 (30)
SUMA WSZYSTKICH: 35

DLA PERMUTACJI: 3 2 5 1 4 6 
1: 1 (1)
2: 0 (0)
3: 1 (3)
4: 1 (4)
5: 5 (25)
SUMA WSZYSTKICH: 33

DLA PERMUTACJI: 3 2 5 1 6 4 
1: 1 (1)
2: 0 (0)
3: 1 (3)
4: 2 (8)
5: 4 (20)
SUMA WSZYSTKICH: 32

DLA PERMUTACJI: 3 2 5 4 1 6 
1: 1 (1)
2: 0 (0)
3: 0 (0)
4: 2 (8)
5: 5 (25)
SUMA WSZYSTKICH: 34

DLA PERMUTACJI: 3 2 5 4 6 1 
1: 1 (1)
2: 0 (0)
3: 0 (0)
4: 1 (4)
5: 6 (30)
SUMA WSZYSTKICH: 35

DLA PERMUTACJI: 3 2 5 6 1 4 
1: 1 (1)
2: 0 (0)
3: 0 (0)
4: 3 (12)
5: 4 (20)
SUMA WSZYSTKICH: 33

DLA PERMUTACJI: 3 2 5 6 4 1 
1: 1 (1)
2: 0 (0)
3: 0 (0)
4: 2 (8)
5: 5 (25)
SUMA WSZYSTKICH: 34

DLA PERMUTACJI: 3 2 6 1 4 5 
1: 1 (1)
2: 0 (0)
3: 2 (6)
4: 0 (0)
5: 5 (25)
SUMA WSZYSTKICH: 32

DLA PERMUTACJI: 3 2 6 1 5 4 
1: 1 (1)
2: 0 (0)
3: 2 (6)
4: 1 (4)
5: 4 (20)
SUMA WSZYSTKICH: 31

DLA PERMUTACJI: 3 2 6 4 1 5 
1: 1 (1)
2: 0 (0)
3: 1 (3)
4: 1 (4)
5: 5 (25)
SUMA WSZYSTKICH: 33

DLA PERMUTACJI: 3 2 6 4 5 1 
1: 1 (1)
2: 0 (0)
3: 1 (3)
4: 0 (0)
5: 6 (30)
SUMA WSZYSTKICH: 34

DLA PERMUTACJI: 3 2 6 5 1 4 
1: 1 (1)
2: 0 (0)
3: 1 (3)
4: 2 (8)
5: 4 (20)
SUMA WSZYSTKICH: 32

DLA PERMUTACJI: 3 2 6 5 4 1 
1: 1 (1)
2: 0 (0)
3: 1 (3)
4: 1 (4)
5: 5 (25)
SUMA WSZYSTKICH: 33

DLA PERMUTACJI: 3 4 1 2 5 6 
1: 0 (0)
2: 0 (0)
3: 2 (6)
4: 0 (0)
5: 0 (0)
SUMA WSZYSTKICH: 6

DLA PERMUTACJI: 3 4 1 2 6 5 
1: 0 (0)
2: 0 (0)
3: 2 (6)
4: 1 (4)
5: 5 (25)
SUMA WSZYSTKICH: 35

DLA PERMUTACJI: 3 4 1 5 2 6 
1: 0 (0)
2: 0 (0)
3: 1 (3)
4: 1 (4)
5: 0 (0)
SUMA WSZYSTKICH: 7

DLA PERMUTACJI: 3 4 1 5 6 2 
1: 0 (0)
2: 0 (0)
3: 1 (3)
4: 0 (0)
5: 1 (5)
SUMA WSZYSTKICH: 8

DLA PERMUTACJI: 3 4 1 6 2 5 
1: 0 (0)
2: 0 (0)
3: 1 (3)
4: 2 (8)
5: 5 (25)
SUMA WSZYSTKICH: 36

DLA PERMUTACJI: 3 4 1 6 5 2 
1: 0 (0)
2: 0 (0)
3: 1 (3)
4: 1 (4)
5: 6 (30)
SUMA WSZYSTKICH: 37

DLA PERMUTACJI: 3 4 2 1 5 6 
1: 0 (0)
2: 1 (2)
3: 1 (3)
4: 0 (0)
5: 0 (0)
SUMA WSZYSTKICH: 5

DLA PERMUTACJI: 3 4 2 1 6 5 
1: 0 (0)
2: 1 (2)
3: 1 (3)
4: 1 (4)
5: 5 (25)
SUMA WSZYSTKICH: 34

DLA PERMUTACJI: 3 4 2 5 1 6 
1: 0 (0)
2: 1 (2)
3: 0 (0)
4: 1 (4)
5: 0 (0)
SUMA WSZYSTKICH: 6

DLA PERMUTACJI: 3 4 2 5 6 1 
1: 0 (0)
2: 1 (2)
3: 0 (0)
4: 0 (0)
5: 1 (5)
SUMA WSZYSTKICH: 7

DLA PERMUTACJI: 3 4 2 6 1 5 
1: 0 (0)
2: 1 (2)
3: 0 (0)
4: 2 (8)
5: 5 (25)
SUMA WSZYSTKICH: 35

DLA PERMUTACJI: 3 4 2 6 5 1 
1: 0 (0)
2: 1 (2)
3: 0 (0)
4: 1 (4)
5: 6 (30)
SUMA WSZYSTKICH: 36

DLA PERMUTACJI: 3 4 5 1 2 6 
1: 0 (0)
2: 0 (0)
3: 0 (0)
4: 2 (8)
5: 0 (0)
SUMA WSZYSTKICH: 8

DLA PERMUTACJI: 3 4 5 1 6 2 
1: 0 (0)
2: 0 (0)
3: 0 (0)
4: 1 (4)
5: 1 (5)
SUMA WSZYSTKICH: 9

DLA PERMUTACJI: 3 4 5 2 1 6 
1: 0 (0)
2: 0 (0)
3: 1 (3)
4: 1 (4)
5: 0 (0)
SUMA WSZYSTKICH: 7

DLA PERMUTACJI: 3 4 5 2 6 1 
1: 0 (0)
2: 0 (0)
3: 1 (3)
4: 0 (0)
5: 1 (5)
SUMA WSZYSTKICH: 8

DLA PERMUTACJI: 3 4 5 6 1 2 
1: 0 (0)
2: 0 (0)
3: 0 (0)
4: 0 (0)
5: 2 (10)
SUMA WSZYSTKICH: 10

DLA PERMUTACJI: 3 4 5 6 2 1 
1: 0 (0)
2: 0 (0)
3: 0 (0)
4: 1 (4)
5: 1 (5)
SUMA WSZYSTKICH: 9

DLA PERMUTACJI: 3 4 6 1 2 5 
1: 0 (0)
2: 0 (0)
3: 0 (0)
4: 3 (12)
5: 5 (25)
SUMA WSZYSTKICH: 37

DLA PERMUTACJI: 3 4 6 1 5 2 
1: 0 (0)
2: 0 (0)
3: 0 (0)
4: 2 (8)
5: 6 (30)
SUMA WSZYSTKICH: 38

DLA PERMUTACJI: 3 4 6 2 1 5 
1: 0 (0)
2: 0 (0)
3: 1 (3)
4: 2 (8)
5: 5 (25)
SUMA WSZYSTKICH: 36

DLA PERMUTACJI: 3 4 6 2 5 1 
1: 0 (0)
2: 0 (0)
3: 1 (3)
4: 1 (4)
5: 6 (30)
SUMA WSZYSTKICH: 37

DLA PERMUTACJI: 3 4 6 5 1 2 
1: 0 (0)
2: 0 (0)
3: 0 (0)
4: 1 (4)
5: 7 (35)
SUMA WSZYSTKICH: 39

DLA PERMUTACJI: 3 4 6 5 2 1 
1: 0 (0)
2: 0 (0)
3: 0 (0)
4: 2 (8)
5: 6 (30)
SUMA WSZYSTKICH: 38

DLA PERMUTACJI: 3 5 1 2 4 6 
1: 0 (0)
2: 0 (0)
3: 2 (6)
4: 1 (4)
5: 5 (25)
SUMA WSZYSTKICH: 35

DLA PERMUTACJI: 3 5 1 2 6 4 
1: 0 (0)
2: 0 (0)
3: 2 (6)
4: 2 (8)
5: 4 (20)
SUMA WSZYSTKICH: 34

DLA PERMUTACJI: 3 5 1 4 2 6 
1: 0 (0)
2: 0 (0)
3: 1 (3)
4: 2 (8)
5: 5 (25)
SUMA WSZYSTKICH: 36

DLA PERMUTACJI: 3 5 1 4 6 2 
1: 0 (0)
2: 0 (0)
3: 1 (3)
4: 1 (4)
5: 6 (30)
SUMA WSZYSTKICH: 37

DLA PERMUTACJI: 3 5 1 6 2 4 
1: 0 (0)
2: 0 (0)
3: 1 (3)
4: 3 (12)
5: 4 (20)
SUMA WSZYSTKICH: 35

DLA PERMUTACJI: 3 5 1 6 4 2 
1: 0 (0)
2: 0 (0)
3: 1 (3)
4: 2 (8)
5: 5 (25)
SUMA WSZYSTKICH: 36

DLA PERMUTACJI: 3 5 2 1 4 6 
1: 0 (0)
2: 1 (2)
3: 1 (3)
4: 1 (4)
5: 5 (25)
SUMA WSZYSTKICH: 34

DLA PERMUTACJI: 3 5 2 1 6 4 
1: 0 (0)
2: 1 (2)
3: 1 (3)
4: 2 (8)
5: 4 (20)
SUMA WSZYSTKICH: 33

DLA PERMUTACJI: 3 5 2 4 1 6 
1: 0 (0)
2: 1 (2)
3: 0 (0)
4: 2 (8)
5: 5 (25)
SUMA WSZYSTKICH: 35

DLA PERMUTACJI: 3 5 2 4 6 1 
1: 0 (0)
2: 1 (2)
3: 0 (0)
4: 1 (4)
5: 6 (30)
SUMA WSZYSTKICH: 36

DLA PERMUTACJI: 3 5 2 6 1 4 
1: 0 (0)
2: 1 (2)
3: 0 (0)
4: 3 (12)
5: 4 (20)
SUMA WSZYSTKICH: 34

DLA PERMUTACJI: 3 5 2 6 4 1 
1: 0 (0)
2: 1 (2)
3: 0 (0)
4: 2 (8)
5: 5 (25)
SUMA WSZYSTKICH: 35

DLA PERMUTACJI: 3 5 4 1 2 6 
1: 0 (0)
2: 0 (0)
3: 0 (0)
4: 3 (12)
5: 5 (25)
SUMA WSZYSTKICH: 37

DLA PERMUTACJI: 3 5 4 1 6 2 
1: 0 (0)
2: 0 (0)
3: 0 (0)
4: 2 (8)
5: 6 (30)
SUMA WSZYSTKICH: 38

DLA PERMUTACJI: 3 5 4 2 1 6 
1: 0 (0)
2: 0 (0)
3: 1 (3)
4: 2 (8)
5: 5 (25)
SUMA WSZYSTKICH: 36

DLA PERMUTACJI: 3 5 4 2 6 1 
1: 0 (0)
2: 0 (0)
3: 1 (3)
4: 1 (4)
5: 6 (30)
SUMA WSZYSTKICH: 37

DLA PERMUTACJI: 3 5 4 6 1 2 
1: 0 (0)
2: 0 (0)
3: 0 (0)
4: 1 (4)
5: 7 (35)
SUMA WSZYSTKICH: 39

DLA PERMUTACJI: 3 5 4 6 2 1 
1: 0 (0)
2: 0 (0)
3: 0 (0)
4: 2 (8)
5: 6 (30)
SUMA WSZYSTKICH: 38

DLA PERMUTACJI: 3 5 6 1 2 4 
1: 0 (0)
2: 0 (0)
3: 0 (0)
4: 4 (16)
5: 4 (20)
SUMA WSZYSTKICH: 36

DLA PERMUTACJI: 3 5 6 1 4 2 
1: 0 (0)
2: 0 (0)
3: 0 (0)
4: 3 (12)
5: 5 (25)
SUMA WSZYSTKICH: 37

DLA PERMUTACJI: 3 5 6 2 1 4 
1: 0 (0)
2: 0 (0)
3: 1 (3)
4: 3 (12)
5: 4 (20)
SUMA WSZYSTKICH: 35

DLA PERMUTACJI: 3 5 6 2 4 1 
1: 0 (0)
2: 0 (0)
3: 1 (3)
4: 2 (8)
5: 5 (25)
SUMA WSZYSTKICH: 36

DLA PERMUTACJI: 3 5 6 4 1 2 
1: 0 (0)
2: 0 (0)
3: 0 (0)
4: 2 (8)
5: 6 (30)
SUMA WSZYSTKICH: 38

DLA PERMUTACJI: 3 5 6 4 2 1 
1: 0 (0)
2: 0 (0)
3: 0 (0)
4: 3 (12)
5: 5 (25)
SUMA WSZYSTKICH: 37

DLA PERMUTACJI: 3 6 1 2 4 5 
1: 0 (0)
2: 0 (0)
3: 3 (9)
4: 0 (0)
5: 5 (25)
SUMA WSZYSTKICH: 34

DLA PERMUTACJI: 3 6 1 2 5 4 
1: 0 (0)
2: 0 (0)
3: 3 (9)
4: 1 (4)
5: 4 (20)
SUMA WSZYSTKICH: 33

DLA PERMUTACJI: 3 6 1 4 2 5 
1: 0 (0)
2: 0 (0)
3: 2 (6)
4: 1 (4)
5: 5 (25)
SUMA WSZYSTKICH: 35

DLA PERMUTACJI: 3 6 1 4 5 2 
1: 0 (0)
2: 0 (0)
3: 2 (6)
4: 0 (0)
5: 6 (30)
SUMA WSZYSTKICH: 36

DLA PERMUTACJI: 3 6 1 5 2 4 
1: 0 (0)
2: 0 (0)
3: 2 (6)
4: 2 (8)
5: 4 (20)
SUMA WSZYSTKICH: 34

DLA PERMUTACJI: 3 6 1 5 4 2 
1: 0 (0)
2: 0 (0)
3: 2 (6)
4: 1 (4)
5: 5 (25)
SUMA WSZYSTKICH: 35

DLA PERMUTACJI: 3 6 2 1 4 5 
1: 0 (0)
2: 1 (2)
3: 2 (6)
4: 0 (0)
5: 5 (25)
SUMA WSZYSTKICH: 33

DLA PERMUTACJI: 3 6 2 1 5 4 
1: 0 (0)
2: 1 (2)
3: 2 (6)
4: 1 (4)
5: 4 (20)
SUMA WSZYSTKICH: 32

DLA PERMUTACJI: 3 6 2 4 1 5 
1: 0 (0)
2: 1 (2)
3: 1 (3)
4: 1 (4)
5: 5 (25)
SUMA WSZYSTKICH: 34

DLA PERMUTACJI: 3 6 2 4 5 1 
1: 0 (0)
2: 1 (2)
3: 1 (3)
4: 0 (0)
5: 6 (30)
SUMA WSZYSTKICH: 35

DLA PERMUTACJI: 3 6 2 5 1 4 
1: 0 (0)
2: 1 (2)
3: 1 (3)
4: 2 (8)
5: 4 (20)
SUMA WSZYSTKICH: 33

DLA PERMUTACJI: 3 6 2 5 4 1 
1: 0 (0)
2: 1 (2)
3: 1 (3)
4: 1 (4)
5: 5 (25)
SUMA WSZYSTKICH: 34

DLA PERMUTACJI: 3 6 4 1 2 5 
1: 0 (0)
2: 0 (0)
3: 1 (3)
4: 2 (8)
5: 5 (25)
SUMA WSZYSTKICH: 36

DLA PERMUTACJI: 3 6 4 1 5 2 
1: 0 (0)
2: 0 (0)
3: 1 (3)
4: 1 (4)
5: 6 (30)
SUMA WSZYSTKICH: 37

DLA PERMUTACJI: 3 6 4 2 1 5 
1: 0 (0)
2: 0 (0)
3: 2 (6)
4: 1 (4)
5: 5 (25)
SUMA WSZYSTKICH: 35

DLA PERMUTACJI: 3 6 4 2 5 1 
1: 0 (0)
2: 0 (0)
3: 2 (6)
4: 0 (0)
5: 6 (30)
SUMA WSZYSTKICH: 36

DLA PERMUTACJI: 3 6 4 5 1 2 
1: 0 (0)
2: 0 (0)
3: 1 (3)
4: 0 (0)
5: 7 (35)
SUMA WSZYSTKICH: 38

DLA PERMUTACJI: 3 6 4 5 2 1 
1: 0 (0)
2: 0 (0)
3: 1 (3)
4: 1 (4)
5: 6 (30)
SUMA WSZYSTKICH: 37

DLA PERMUTACJI: 3 6 5 1 2 4 
1: 0 (0)
2: 0 (0)
3: 1 (3)
4: 3 (12)
5: 4 (20)
SUMA WSZYSTKICH: 35

DLA PERMUTACJI: 3 6 5 1 4 2 
1: 0 (0)
2: 0 (0)
3: 1 (3)
4: 2 (8)
5: 5 (25)
SUMA WSZYSTKICH: 36

DLA PERMUTACJI: 3 6 5 2 1 4 
1: 0 (0)
2: 0 (0)
3: 2 (6)
4: 2 (8)
5: 4 (20)
SUMA WSZYSTKICH: 34

DLA PERMUTACJI: 3 6 5 2 4 1 
1: 0 (0)
2: 0 (0)
3: 2 (6)
4: 1 (4)
5: 5 (25)
SUMA WSZYSTKICH: 35

DLA PERMUTACJI: 3 6 5 4 1 2 
1: 0 (0)
2: 0 (0)
3: 1 (3)
4: 1 (4)
5: 6 (30)
SUMA WSZYSTKICH: 37

DLA PERMUTACJI: 3 6 5 4 2 1 
1: 0 (0)
2: 0 (0)
3: 1 (3)
4: 2 (8)
5: 5 (25)
SUMA WSZYSTKICH: 36

DLA PERMUTACJI: 4 1 2 3 5 6 
1: 0 (0)
2: 0 (0)
3: 3 (9)
4: 0 (0)
5: 0 (0)
SUMA WSZYSTKICH: 9

DLA PERMUTACJI: 4 1 2 3 6 5 
1: 0 (0)
2: 0 (0)
3: 3 (9)
4: 1 (4)
5: 5 (25)
SUMA WSZYSTKICH: 38

DLA PERMUTACJI: 4 1 2 5 3 6 
1: 0 (0)
2: 0 (0)
3: 2 (6)
4: 1 (4)
5: 0 (0)
SUMA WSZYSTKICH: 10

DLA PERMUTACJI: 4 1 2 5 6 3 
1: 0 (0)
2: 0 (0)
3: 2 (6)
4: 0 (0)
5: 1 (5)
SUMA WSZYSTKICH: 11

DLA PERMUTACJI: 4 1 2 6 3 5 
1: 0 (0)
2: 0 (0)
3: 2 (6)
4: 2 (8)
5: 5 (25)
SUMA WSZYSTKICH: 39

DLA PERMUTACJI: 4 1 2 6 5 3 
1: 0 (0)
2: 0 (0)
3: 2 (6)
4: 1 (4)
5: 6 (30)
SUMA WSZYSTKICH: 40

DLA PERMUTACJI: 4 1 3 2 5 6 
1: 0 (0)
2: 1 (2)
3: 2 (6)
4: 0 (0)
5: 0 (0)
SUMA WSZYSTKICH: 8

DLA PERMUTACJI: 4 1 3 2 6 5 
1: 0 (0)
2: 1 (2)
3: 2 (6)
4: 1 (4)
5: 5 (25)
SUMA WSZYSTKICH: 37

DLA PERMUTACJI: 4 1 3 5 2 6 
1: 0 (0)
2: 1 (2)
3: 1 (3)
4: 1 (4)
5: 0 (0)
SUMA WSZYSTKICH: 9

DLA PERMUTACJI: 4 1 3 5 6 2 
1: 0 (0)
2: 1 (2)
3: 1 (3)
4: 0 (0)
5: 1 (5)
SUMA WSZYSTKICH: 10

DLA PERMUTACJI: 4 1 3 6 2 5 
1: 0 (0)
2: 1 (2)
3: 1 (3)
4: 2 (8)
5: 5 (25)
SUMA WSZYSTKICH: 38

DLA PERMUTACJI: 4 1 3 6 5 2 
1: 0 (0)
2: 1 (2)
3: 1 (3)
4: 1 (4)
5: 6 (30)
SUMA WSZYSTKICH: 39

DLA PERMUTACJI: 4 1 5 2 3 6 
1: 0 (0)
2: 0 (0)
3: 1 (3)
4: 2 (8)
5: 0 (0)
SUMA WSZYSTKICH: 11

DLA PERMUTACJI: 4 1 5 2 6 3 
1: 0 (0)
2: 0 (0)
3: 1 (3)
4: 1 (4)
5: 1 (5)
SUMA WSZYSTKICH: 12

DLA PERMUTACJI: 4 1 5 3 2 6 
1: 0 (0)
2: 0 (0)
3: 2 (6)
4: 1 (4)
5: 0 (0)
SUMA WSZYSTKICH: 10

DLA PERMUTACJI: 4 1 5 3 6 2 
1: 0 (0)
2: 0 (0)
3: 2 (6)
4: 0 (0)
5: 1 (5)
SUMA WSZYSTKICH: 11

DLA PERMUTACJI: 4 1 5 6 2 3 
1: 0 (0)
2: 0 (0)
3: 1 (3)
4: 0 (0)
5: 2 (10)
SUMA WSZYSTKICH: 13

DLA PERMUTACJI: 4 1 5 6 3 2 
1: 0 (0)
2: 0 (0)
3: 1 (3)
4: 1 (4)
5: 1 (5)
SUMA WSZYSTKICH: 12

DLA PERMUTACJI: 4 1 6 2 3 5 
1: 0 (0)
2: 0 (0)
3: 1 (3)
4: 3 (12)
5: 5 (25)
SUMA WSZYSTKICH: 40

DLA PERMUTACJI: 4 1 6 2 5 3 
1: 0 (0)
2: 0 (0)
3: 1 (3)
4: 2 (8)
5: 6 (30)
SUMA WSZYSTKICH: 41

DLA PERMUTACJI: 4 1 6 3 2 5 
1: 0 (0)
2: 0 (0)
3: 2 (6)
4: 2 (8)
5: 5 (25)
SUMA WSZYSTKICH: 39

DLA PERMUTACJI: 4 1 6 3 5 2 
1: 0 (0)
2: 0 (0)
3: 2 (6)
4: 1 (4)
5: 6 (30)
SUMA WSZYSTKICH: 40

DLA PERMUTACJI: 4 1 6 5 2 3 
1: 0 (0)
2: 0 (0)
3: 1 (3)
4: 1 (4)
5: 7 (35)
SUMA WSZYSTKICH: 42

DLA PERMUTACJI: 4 1 6 5 3 2 
1: 0 (0)
2: 0 (0)
3: 1 (3)
4: 2 (8)
5: 6 (30)
SUMA WSZYSTKICH: 41

DLA PERMUTACJI: 4 2 1 3 5 6 
1: 0 (0)
2: 1 (2)
3: 2 (6)
4: 0 (0)
5: 0 (0)
SUMA WSZYSTKICH: 8

DLA PERMUTACJI: 4 2 1 3 6 5 
1: 0 (0)
2: 1 (2)
3: 2 (6)
4: 1 (4)
5: 5 (25)
SUMA WSZYSTKICH: 37

DLA PERMUTACJI: 4 2 1 5 3 6 
1: 0 (0)
2: 1 (2)
3: 1 (3)
4: 1 (4)
5: 0 (0)
SUMA WSZYSTKICH: 9

DLA PERMUTACJI: 4 2 1 5 6 3 
1: 0 (0)
2: 1 (2)
3: 1 (3)
4: 0 (0)
5: 1 (5)
SUMA WSZYSTKICH: 10

DLA PERMUTACJI: 4 2 1 6 3 5 
1: 0 (0)
2: 1 (2)
3: 1 (3)
4: 2 (8)
5: 5 (25)
SUMA WSZYSTKICH: 38

DLA PERMUTACJI: 4 2 1 6 5 3 
1: 0 (0)
2: 1 (2)
3: 1 (3)
4: 1 (4)
5: 6 (30)
SUMA WSZYSTKICH: 39

DLA PERMUTACJI: 4 2 3 1 5 6 
1: 0 (0)
2: 2 (4)
3: 1 (3)
4: 0 (0)
5: 0 (0)
SUMA WSZYSTKICH: 7

DLA PERMUTACJI: 4 2 3 1 6 5 
1: 0 (0)
2: 2 (4)
3: 1 (3)
4: 1 (4)
5: 5 (25)
SUMA WSZYSTKICH: 36

DLA PERMUTACJI: 4 2 3 5 1 6 
1: 0 (0)
2: 2 (4)
3: 0 (0)
4: 1 (4)
5: 0 (0)
SUMA WSZYSTKICH: 8

DLA PERMUTACJI: 4 2 3 5 6 1 
1: 0 (0)
2: 2 (4)
3: 0 (0)
4: 0 (0)
5: 1 (5)
SUMA WSZYSTKICH: 9

DLA PERMUTACJI: 4 2 3 6 1 5 
1: 0 (0)
2: 2 (4)
3: 0 (0)
4: 2 (8)
5: 5 (25)
SUMA WSZYSTKICH: 37

DLA PERMUTACJI: 4 2 3 6 5 1 
1: 0 (0)
2: 2 (4)
3: 0 (0)
4: 1 (4)
5: 6 (30)
SUMA WSZYSTKICH: 38

DLA PERMUTACJI: 4 2 5 1 3 6 
1: 0 (0)
2: 1 (2)
3: 0 (0)
4: 2 (8)
5: 0 (0)
SUMA WSZYSTKICH: 10

DLA PERMUTACJI: 4 2 5 1 6 3 
1: 0 (0)
2: 1 (2)
3: 0 (0)
4: 1 (4)
5: 1 (5)
SUMA WSZYSTKICH: 11

DLA PERMUTACJI: 4 2 5 3 1 6 
1: 0 (0)
2: 1 (2)
3: 1 (3)
4: 1 (4)
5: 0 (0)
SUMA WSZYSTKICH: 9

DLA PERMUTACJI: 4 2 5 3 6 1 
1: 0 (0)
2: 1 (2)
3: 1 (3)
4: 0 (0)
5: 1 (5)
SUMA WSZYSTKICH: 10

DLA PERMUTACJI: 4 2 5 6 1 3 
1: 0 (0)
2: 1 (2)
3: 0 (0)
4: 0 (0)
5: 2 (10)
SUMA WSZYSTKICH: 12

DLA PERMUTACJI: 4 2 5 6 3 1 
1: 0 (0)
2: 1 (2)
3: 0 (0)
4: 1 (4)
5: 1 (5)
SUMA WSZYSTKICH: 11

DLA PERMUTACJI: 4 2 6 1 3 5 
1: 0 (0)
2: 1 (2)
3: 0 (0)
4: 3 (12)
5: 5 (25)
SUMA WSZYSTKICH: 39

DLA PERMUTACJI: 4 2 6 1 5 3 
1: 0 (0)
2: 1 (2)
3: 0 (0)
4: 2 (8)
5: 6 (30)
SUMA WSZYSTKICH: 40

DLA PERMUTACJI: 4 2 6 3 1 5 
1: 0 (0)
2: 1 (2)
3: 1 (3)
4: 2 (8)
5: 5 (25)
SUMA WSZYSTKICH: 38

DLA PERMUTACJI: 4 2 6 3 5 1 
1: 0 (0)
2: 1 (2)
3: 1 (3)
4: 1 (4)
5: 6 (30)
SUMA WSZYSTKICH: 39

DLA PERMUTACJI: 4 2 6 5 1 3 
1: 0 (0)
2: 1 (2)
3: 0 (0)
4: 1 (4)
5: 7 (35)
SUMA WSZYSTKICH: 41

DLA PERMUTACJI: 4 2 6 5 3 1 
1: 0 (0)
2: 1 (2)
3: 0 (0)
4: 2 (8)
5: 6 (30)
SUMA WSZYSTKICH: 40

DLA PERMUTACJI: 4 3 1 2 5 6 
1: 1 (1)
2: 0 (0)
3: 2 (6)
4: 0 (0)
5: 0 (0)
SUMA WSZYSTKICH: 7

DLA PERMUTACJI: 4 3 1 2 6 5 
1: 1 (1)
2: 0 (0)
3: 2 (6)
4: 1 (4)
5: 5 (25)
SUMA WSZYSTKICH: 36

DLA PERMUTACJI: 4 3 1 5 2 6 
1: 1 (1)
2: 0 (0)
3: 1 (3)
4: 1 (4)
5: 0 (0)
SUMA WSZYSTKICH: 8

DLA PERMUTACJI: 4 3 1 5 6 2 
1: 1 (1)
2: 0 (0)
3: 1 (3)
4: 0 (0)
5: 1 (5)
SUMA WSZYSTKICH: 9

DLA PERMUTACJI: 4 3 1 6 2 5 
1: 1 (1)
2: 0 (0)
3: 1 (3)
4: 2 (8)
5: 5 (25)
SUMA WSZYSTKICH: 37

DLA PERMUTACJI: 4 3 1 6 5 2 
1: 1 (1)
2: 0 (0)
3: 1 (3)
4: 1 (4)
5: 6 (30)
SUMA WSZYSTKICH: 38

DLA PERMUTACJI: 4 3 2 1 5 6 
1: 1 (1)
2: 1 (2)
3: 1 (3)
4: 0 (0)
5: 0 (0)
SUMA WSZYSTKICH: 6

DLA PERMUTACJI: 4 3 2 1 6 5 
1: 1 (1)
2: 1 (2)
3: 1 (3)
4: 1 (4)
5: 5 (25)
SUMA WSZYSTKICH: 35

DLA PERMUTACJI: 4 3 2 5 1 6 
1: 1 (1)
2: 1 (2)
3: 0 (0)
4: 1 (4)
5: 0 (0)
SUMA WSZYSTKICH: 7

DLA PERMUTACJI: 4 3 2 5 6 1 
1: 1 (1)
2: 1 (2)
3: 0 (0)
4: 0 (0)
5: 1 (5)
SUMA WSZYSTKICH: 8

DLA PERMUTACJI: 4 3 2 6 1 5 
1: 1 (1)
2: 1 (2)
3: 0 (0)
4: 2 (8)
5: 5 (25)
SUMA WSZYSTKICH: 36

DLA PERMUTACJI: 4 3 2 6 5 1 
1: 1 (1)
2: 1 (2)
3: 0 (0)
4: 1 (4)
5: 6 (30)
SUMA WSZYSTKICH: 37

DLA PERMUTACJI: 4 3 5 1 2 6 
1: 1 (1)
2: 0 (0)
3: 0 (0)
4: 2 (8)
5: 0 (0)
SUMA WSZYSTKICH: 9

DLA PERMUTACJI: 4 3 5 1 6 2 
1: 1 (1)
2: 0 (0)
3: 0 (0)
4: 1 (4)
5: 1 (5)
SUMA WSZYSTKICH: 10

DLA PERMUTACJI: 4 3 5 2 1 6 
1: 1 (1)
2: 0 (0)
3: 1 (3)
4: 1 (4)
5: 0 (0)
SUMA WSZYSTKICH: 8

DLA PERMUTACJI: 4 3 5 2 6 1 
1: 1 (1)
2: 0 (0)
3: 1 (3)
4: 0 (0)
5: 1 (5)
SUMA WSZYSTKICH: 9

DLA PERMUTACJI: 4 3 5 6 1 2 
1: 1 (1)
2: 0 (0)
3: 0 (0)
4: 0 (0)
5: 2 (10)
SUMA WSZYSTKICH: 11

DLA PERMUTACJI: 4 3 5 6 2 1 
1: 1 (1)
2: 0 (0)
3: 0 (0)
4: 1 (4)
5: 1 (5)
SUMA WSZYSTKICH: 10

DLA PERMUTACJI: 4 3 6 1 2 5 
1: 1 (1)
2: 0 (0)
3: 0 (0)
4: 3 (12)
5: 5 (25)
SUMA WSZYSTKICH: 38

DLA PERMUTACJI: 4 3 6 1 5 2 
1: 1 (1)
2: 0 (0)
3: 0 (0)
4: 2 (8)
5: 6 (30)
SUMA WSZYSTKICH: 39

DLA PERMUTACJI: 4 3 6 2 1 5 
1: 1 (1)
2: 0 (0)
3: 1 (3)
4: 2 (8)
5: 5 (25)
SUMA WSZYSTKICH: 37

DLA PERMUTACJI: 4 3 6 2 5 1 
1: 1 (1)
2: 0 (0)
3: 1 (3)
4: 1 (4)
5: 6 (30)
SUMA WSZYSTKICH: 38

DLA PERMUTACJI: 4 3 6 5 1 2 
1: 1 (1)
2: 0 (0)
3: 0 (0)
4: 1 (4)
5: 7 (35)
SUMA WSZYSTKICH: 40

DLA PERMUTACJI: 4 3 6 5 2 1 
1: 1 (1)
2: 0 (0)
3: 0 (0)
4: 2 (8)
5: 6 (30)
SUMA WSZYSTKICH: 39

DLA PERMUTACJI: 4 5 1 2 3 6 
1: 0 (0)
2: 0 (0)
3: 0 (0)
4: 3 (12)
5: 0 (0)
SUMA WSZYSTKICH: 12

DLA PERMUTACJI: 4 5 1 2 6 3 
1: 0 (0)
2: 0 (0)
3: 0 (0)
4: 2 (8)
5: 1 (5)
SUMA WSZYSTKICH: 13

DLA PERMUTACJI: 4 5 1 3 2 6 
1: 0 (0)
2: 0 (0)
3: 1 (3)
4: 2 (8)
5: 0 (0)
SUMA WSZYSTKICH: 11

DLA PERMUTACJI: 4 5 1 3 6 2 
1: 0 (0)
2: 0 (0)
3: 1 (3)
4: 1 (4)
5: 1 (5)
SUMA WSZYSTKICH: 12

DLA PERMUTACJI: 4 5 1 6 2 3 
1: 0 (0)
2: 0 (0)
3: 0 (0)
4: 1 (4)
5: 2 (10)
SUMA WSZYSTKICH: 14

DLA PERMUTACJI: 4 5 1 6 3 2 
1: 0 (0)
2: 0 (0)
3: 0 (0)
4: 2 (8)
5: 1 (5)
SUMA WSZYSTKICH: 13

DLA PERMUTACJI: 4 5 2 1 3 6 
1: 0 (0)
2: 0 (0)
3: 1 (3)
4: 2 (8)
5: 0 (0)
SUMA WSZYSTKICH: 11

DLA PERMUTACJI: 4 5 2 1 6 3 
1: 0 (0)
2: 0 (0)
3: 1 (3)
4: 1 (4)
5: 1 (5)
SUMA WSZYSTKICH: 12

DLA PERMUTACJI: 4 5 2 3 1 6 
1: 0 (0)
2: 0 (0)
3: 2 (6)
4: 1 (4)
5: 0 (0)
SUMA WSZYSTKICH: 10

DLA PERMUTACJI: 4 5 2 3 6 1 
1: 0 (0)
2: 0 (0)
3: 2 (6)
4: 0 (0)
5: 1 (5)
SUMA WSZYSTKICH: 11

DLA PERMUTACJI: 4 5 2 6 1 3 
1: 0 (0)
2: 0 (0)
3: 1 (3)
4: 0 (0)
5: 2 (10)
SUMA WSZYSTKICH: 13

DLA PERMUTACJI: 4 5 2 6 3 1 
1: 0 (0)
2: 0 (0)
3: 1 (3)
4: 1 (4)
5: 1 (5)
SUMA WSZYSTKICH: 12

DLA PERMUTACJI: 4 5 3 1 2 6 
1: 0 (0)
2: 1 (2)
3: 0 (0)
4: 2 (8)
5: 0 (0)
SUMA WSZYSTKICH: 10

DLA PERMUTACJI: 4 5 3 1 6 2 
1: 0 (0)
2: 1 (2)
3: 0 (0)
4: 1 (4)
5: 1 (5)
SUMA WSZYSTKICH: 11

DLA PERMUTACJI: 4 5 3 2 1 6 
1: 0 (0)
2: 1 (2)
3: 1 (3)
4: 1 (4)
5: 0 (0)
SUMA WSZYSTKICH: 9

DLA PERMUTACJI: 4 5 3 2 6 1 
1: 0 (0)
2: 1 (2)
3: 1 (3)
4: 0 (0)
5: 1 (5)
SUMA WSZYSTKICH: 10

DLA PERMUTACJI: 4 5 3 6 1 2 
1: 0 (0)
2: 1 (2)
3: 0 (0)
4: 0 (0)
5: 2 (10)
SUMA WSZYSTKICH: 12

DLA PERMUTACJI: 4 5 3 6 2 1 
1: 0 (0)
2: 1 (2)
3: 0 (0)
4: 1 (4)
5: 1 (5)
SUMA WSZYSTKICH: 11

DLA PERMUTACJI: 4 5 6 1 2 3 
1: 0 (0)
2: 0 (0)
3: 0 (0)
4: 0 (0)
5: 3 (15)
SUMA WSZYSTKICH: 15

DLA PERMUTACJI: 4 5 6 1 3 2 
1: 0 (0)
2: 0 (0)
3: 0 (0)
4: 1 (4)
5: 2 (10)
SUMA WSZYSTKICH: 14

DLA PERMUTACJI: 4 5 6 2 1 3 
1: 0 (0)
2: 0 (0)
3: 0 (0)
4: 1 (4)
5: 2 (10)
SUMA WSZYSTKICH: 14

DLA PERMUTACJI: 4 5 6 2 3 1 
1: 0 (0)
2: 0 (0)
3: 0 (0)
4: 2 (8)
5: 1 (5)
SUMA WSZYSTKICH: 13

DLA PERMUTACJI: 4 5 6 3 1 2 
1: 0 (0)
2: 0 (0)
3: 1 (3)
4: 0 (0)
5: 2 (10)
SUMA WSZYSTKICH: 13

DLA PERMUTACJI: 4 5 6 3 2 1 
1: 0 (0)
2: 0 (0)
3: 1 (3)
4: 1 (4)
5: 1 (5)
SUMA WSZYSTKICH: 12

DLA PERMUTACJI: 4 6 1 2 3 5 
1: 0 (0)
2: 0 (0)
3: 0 (0)
4: 4 (16)
5: 5 (25)
SUMA WSZYSTKICH: 41

DLA PERMUTACJI: 4 6 1 2 5 3 
1: 0 (0)
2: 0 (0)
3: 0 (0)
4: 3 (12)
5: 6 (30)
SUMA WSZYSTKICH: 42

DLA PERMUTACJI: 4 6 1 3 2 5 
1: 0 (0)
2: 0 (0)
3: 1 (3)
4: 3 (12)
5: 5 (25)
SUMA WSZYSTKICH: 40

DLA PERMUTACJI: 4 6 1 3 5 2 
1: 0 (0)
2: 0 (0)
3: 1 (3)
4: 2 (8)
5: 6 (30)
SUMA WSZYSTKICH: 41

DLA PERMUTACJI: 4 6 1 5 2 3 
1: 0 (0)
2: 0 (0)
3: 0 (0)
4: 2 (8)
5: 7 (35)
SUMA WSZYSTKICH: 43

DLA PERMUTACJI: 4 6 1 5 3 2 
1: 0 (0)
2: 0 (0)
3: 0 (0)
4: 3 (12)
5: 6 (30)
SUMA WSZYSTKICH: 42

DLA PERMUTACJI: 4 6 2 1 3 5 
1: 0 (0)
2: 0 (0)
3: 1 (3)
4: 3 (12)
5: 5 (25)
SUMA WSZYSTKICH: 40

DLA PERMUTACJI: 4 6 2 1 5 3 
1: 0 (0)
2: 0 (0)
3: 1 (3)
4: 2 (8)
5: 6 (30)
SUMA WSZYSTKICH: 41

DLA PERMUTACJI: 4 6 2 3 1 5 
1: 0 (0)
2: 0 (0)
3: 2 (6)
4: 2 (8)
5: 5 (25)
SUMA WSZYSTKICH: 39

DLA PERMUTACJI: 4 6 2 3 5 1 
1: 0 (0)
2: 0 (0)
3: 2 (6)
4: 1 (4)
5: 6 (30)
SUMA WSZYSTKICH: 40

DLA PERMUTACJI: 4 6 2 5 1 3 
1: 0 (0)
2: 0 (0)
3: 1 (3)
4: 1 (4)
5: 7 (35)
SUMA WSZYSTKICH: 42

DLA PERMUTACJI: 4 6 2 5 3 1 
1: 0 (0)
2: 0 (0)
3: 1 (3)
4: 2 (8)
5: 6 (30)
SUMA WSZYSTKICH: 41

DLA PERMUTACJI: 4 6 3 1 2 5 
1: 0 (0)
2: 1 (2)
3: 0 (0)
4: 3 (12)
5: 5 (25)
SUMA WSZYSTKICH: 39

DLA PERMUTACJI: 4 6 3 1 5 2 
1: 0 (0)
2: 1 (2)
3: 0 (0)
4: 2 (8)
5: 6 (30)
SUMA WSZYSTKICH: 40

DLA PERMUTACJI: 4 6 3 2 1 5 
1: 0 (0)
2: 1 (2)
3: 1 (3)
4: 2 (8)
5: 5 (25)
SUMA WSZYSTKICH: 38

DLA PERMUTACJI: 4 6 3 2 5 1 
1: 0 (0)
2: 1 (2)
3: 1 (3)
4: 1 (4)
5: 6 (30)
SUMA WSZYSTKICH: 39

DLA PERMUTACJI: 4 6 3 5 1 2 
1: 0 (0)
2: 1 (2)
3: 0 (0)
4: 1 (4)
5: 7 (35)
SUMA WSZYSTKICH: 41

DLA PERMUTACJI: 4 6 3 5 2 1 
1: 0 (0)
2: 1 (2)
3: 0 (0)
4: 2 (8)
5: 6 (30)
SUMA WSZYSTKICH: 40

DLA PERMUTACJI: 4 6 5 1 2 3 
1: 0 (0)
2: 0 (0)
3: 0 (0)
4: 1 (4)
5: 8 (40)
SUMA WSZYSTKICH: 44

DLA PERMUTACJI: 4 6 5 1 3 2 
1: 0 (0)
2: 0 (0)
3: 0 (0)
4: 2 (8)
5: 7 (35)
SUMA WSZYSTKICH: 43

DLA PERMUTACJI: 4 6 5 2 1 3 
1: 0 (0)
2: 0 (0)
3: 0 (0)
4: 2 (8)
5: 7 (35)
SUMA WSZYSTKICH: 43

DLA PERMUTACJI: 4 6 5 2 3 1 
1: 0 (0)
2: 0 (0)
3: 0 (0)
4: 3 (12)
5: 6 (30)
SUMA WSZYSTKICH: 42

DLA PERMUTACJI: 4 6 5 3 1 2 
1: 0 (0)
2: 0 (0)
3: 1 (3)
4: 1 (4)
5: 7 (35)
SUMA WSZYSTKICH: 42

DLA PERMUTACJI: 4 6 5 3 2 1 
1: 0 (0)
2: 0 (0)
3: 1 (3)
4: 2 (8)
5: 6 (30)
SUMA WSZYSTKICH: 41

DLA PERMUTACJI: 5 1 2 3 4 6 
1: 0 (0)
2: 0 (0)
3: 0 (0)
4: 4 (16)
5: 0 (0)
SUMA WSZYSTKICH: 16

DLA PERMUTACJI: 5 1 2 3 6 4 
1: 0 (0)
2: 0 (0)
3: 0 (0)
4: 3 (12)
5: 1 (5)
SUMA WSZYSTKICH: 17

DLA PERMUTACJI: 5 1 2 4 3 6 
1: 0 (0)
2: 0 (0)
3: 1 (3)
4: 3 (12)
5: 0 (0)
SUMA WSZYSTKICH: 15

DLA PERMUTACJI: 5 1 2 4 6 3 
1: 0 (0)
2: 0 (0)
3: 1 (3)
4: 2 (8)
5: 1 (5)
SUMA WSZYSTKICH: 16

DLA PERMUTACJI: 5 1 2 6 3 4 
1: 0 (0)
2: 0 (0)
3: 0 (0)
4: 2 (8)
5: 2 (10)
SUMA WSZYSTKICH: 18

DLA PERMUTACJI: 5 1 2 6 4 3 
1: 0 (0)
2: 0 (0)
3: 0 (0)
4: 3 (12)
5: 1 (5)
SUMA WSZYSTKICH: 17

DLA PERMUTACJI: 5 1 3 2 4 6 
1: 0 (0)
2: 0 (0)
3: 1 (3)
4: 3 (12)
5: 0 (0)
SUMA WSZYSTKICH: 15

DLA PERMUTACJI: 5 1 3 2 6 4 
1: 0 (0)
2: 0 (0)
3: 1 (3)
4: 2 (8)
5: 1 (5)
SUMA WSZYSTKICH: 16

DLA PERMUTACJI: 5 1 3 4 2 6 
1: 0 (0)
2: 0 (0)
3: 2 (6)
4: 2 (8)
5: 0 (0)
SUMA WSZYSTKICH: 14

DLA PERMUTACJI: 5 1 3 4 6 2 
1: 0 (0)
2: 0 (0)
3: 2 (6)
4: 1 (4)
5: 1 (5)
SUMA WSZYSTKICH: 15

DLA PERMUTACJI: 5 1 3 6 2 4 
1: 0 (0)
2: 0 (0)
3: 1 (3)
4: 1 (4)
5: 2 (10)
SUMA WSZYSTKICH: 17

DLA PERMUTACJI: 5 1 3 6 4 2 
1: 0 (0)
2: 0 (0)
3: 1 (3)
4: 2 (8)
5: 1 (5)
SUMA WSZYSTKICH: 16

DLA PERMUTACJI: 5 1 4 2 3 6 
1: 0 (0)
2: 1 (2)
3: 0 (0)
4: 3 (12)
5: 0 (0)
SUMA WSZYSTKICH: 14

DLA PERMUTACJI: 5 1 4 2 6 3 
1: 0 (0)
2: 1 (2)
3: 0 (0)
4: 2 (8)
5: 1 (5)
SUMA WSZYSTKICH: 15

DLA PERMUTACJI: 5 1 4 3 2 6 
1: 0 (0)
2: 1 (2)
3: 1 (3)
4: 2 (8)
5: 0 (0)
SUMA WSZYSTKICH: 13

DLA PERMUTACJI: 5 1 4 3 6 2 
1: 0 (0)
2: 1 (2)
3: 1 (3)
4: 1 (4)
5: 1 (5)
SUMA WSZYSTKICH: 14

DLA PERMUTACJI: 5 1 4 6 2 3 
1: 0 (0)
2: 1 (2)
3: 0 (0)
4: 1 (4)
5: 2 (10)
SUMA WSZYSTKICH: 16

DLA PERMUTACJI: 5 1 4 6 3 2 
1: 0 (0)
2: 1 (2)
3: 0 (0)
4: 2 (8)
5: 1 (5)
SUMA WSZYSTKICH: 15

DLA PERMUTACJI: 5 1 6 2 3 4 
1: 0 (0)
2: 0 (0)
3: 0 (0)
4: 1 (4)
5: 3 (15)
SUMA WSZYSTKICH: 19

DLA PERMUTACJI: 5 1 6 2 4 3 
1: 0 (0)
2: 0 (0)
3: 0 (0)
4: 2 (8)
5: 2 (10)
SUMA WSZYSTKICH: 18

DLA PERMUTACJI: 5 1 6 3 2 4 
1: 0 (0)
2: 0 (0)
3: 0 (0)
4: 2 (8)
5: 2 (10)
SUMA WSZYSTKICH: 18

DLA PERMUTACJI: 5 1 6 3 4 2 
1: 0 (0)
2: 0 (0)
3: 0 (0)
4: 3 (12)
5: 1 (5)
SUMA WSZYSTKICH: 17

DLA PERMUTACJI: 5 1 6 4 2 3 
1: 0 (0)
2: 0 (0)
3: 1 (3)
4: 1 (4)
5: 2 (10)
SUMA WSZYSTKICH: 17

DLA PERMUTACJI: 5 1 6 4 3 2 
1: 0 (0)
2: 0 (0)
3: 1 (3)
4: 2 (8)
5: 1 (5)
SUMA WSZYSTKICH: 16

DLA PERMUTACJI: 5 2 1 3 4 6 
1: 0 (0)
2: 0 (0)
3: 1 (3)
4: 3 (12)
5: 0 (0)
SUMA WSZYSTKICH: 15

DLA PERMUTACJI: 5 2 1 3 6 4 
1: 0 (0)
2: 0 (0)
3: 1 (3)
4: 2 (8)
5: 1 (5)
SUMA WSZYSTKICH: 16

DLA PERMUTACJI: 5 2 1 4 3 6 
1: 0 (0)
2: 0 (0)
3: 2 (6)
4: 2 (8)
5: 0 (0)
SUMA WSZYSTKICH: 14

DLA PERMUTACJI: 5 2 1 4 6 3 
1: 0 (0)
2: 0 (0)
3: 2 (6)
4: 1 (4)
5: 1 (5)
SUMA WSZYSTKICH: 15

DLA PERMUTACJI: 5 2 1 6 3 4 
1: 0 (0)
2: 0 (0)
3: 1 (3)
4: 1 (4)
5: 2 (10)
SUMA WSZYSTKICH: 17

DLA PERMUTACJI: 5 2 1 6 4 3 
1: 0 (0)
2: 0 (0)
3: 1 (3)
4: 2 (8)
5: 1 (5)
SUMA WSZYSTKICH: 16

DLA PERMUTACJI: 5 2 3 1 4 6 
1: 0 (0)
2: 0 (0)
3: 2 (6)
4: 2 (8)
5: 0 (0)
SUMA WSZYSTKICH: 14

DLA PERMUTACJI: 5 2 3 1 6 4 
1: 0 (0)
2: 0 (0)
3: 2 (6)
4: 1 (4)
5: 1 (5)
SUMA WSZYSTKICH: 15

DLA PERMUTACJI: 5 2 3 4 1 6 
1: 0 (0)
2: 0 (0)
3: 3 (9)
4: 1 (4)
5: 0 (0)
SUMA WSZYSTKICH: 13

DLA PERMUTACJI: 5 2 3 4 6 1 
1: 0 (0)
2: 0 (0)
3: 3 (9)
4: 0 (0)
5: 1 (5)
SUMA WSZYSTKICH: 14

DLA PERMUTACJI: 5 2 3 6 1 4 
1: 0 (0)
2: 0 (0)
3: 2 (6)
4: 0 (0)
5: 2 (10)
SUMA WSZYSTKICH: 16

DLA PERMUTACJI: 5 2 3 6 4 1 
1: 0 (0)
2: 0 (0)
3: 2 (6)
4: 1 (4)
5: 1 (5)
SUMA WSZYSTKICH: 15

DLA PERMUTACJI: 5 2 4 1 3 6 
1: 0 (0)
2: 1 (2)
3: 1 (3)
4: 2 (8)
5: 0 (0)
SUMA WSZYSTKICH: 13

DLA PERMUTACJI: 5 2 4 1 6 3 
1: 0 (0)
2: 1 (2)
3: 1 (3)
4: 1 (4)
5: 1 (5)
SUMA WSZYSTKICH: 14

DLA PERMUTACJI: 5 2 4 3 1 6 
1: 0 (0)
2: 1 (2)
3: 2 (6)
4: 1 (4)
5: 0 (0)
SUMA WSZYSTKICH: 12

DLA PERMUTACJI: 5 2 4 3 6 1 
1: 0 (0)
2: 1 (2)
3: 2 (6)
4: 0 (0)
5: 1 (5)
SUMA WSZYSTKICH: 13

DLA PERMUTACJI: 5 2 4 6 1 3 
1: 0 (0)
2: 1 (2)
3: 1 (3)
4: 0 (0)
5: 2 (10)
SUMA WSZYSTKICH: 15

DLA PERMUTACJI: 5 2 4 6 3 1 
1: 0 (0)
2: 1 (2)
3: 1 (3)
4: 1 (4)
5: 1 (5)
SUMA WSZYSTKICH: 14

DLA PERMUTACJI: 5 2 6 1 3 4 
1: 0 (0)
2: 0 (0)
3: 1 (3)
4: 0 (0)
5: 3 (15)
SUMA WSZYSTKICH: 18

DLA PERMUTACJI: 5 2 6 1 4 3 
1: 0 (0)
2: 0 (0)
3: 1 (3)
4: 1 (4)
5: 2 (10)
SUMA WSZYSTKICH: 17

DLA PERMUTACJI: 5 2 6 3 1 4 
1: 0 (0)
2: 0 (0)
3: 1 (3)
4: 1 (4)
5: 2 (10)
SUMA WSZYSTKICH: 17

DLA PERMUTACJI: 5 2 6 3 4 1 
1: 0 (0)
2: 0 (0)
3: 1 (3)
4: 2 (8)
5: 1 (5)
SUMA WSZYSTKICH: 16

DLA PERMUTACJI: 5 2 6 4 1 3 
1: 0 (0)
2: 0 (0)
3: 2 (6)
4: 0 (0)
5: 2 (10)
SUMA WSZYSTKICH: 16

DLA PERMUTACJI: 5 2 6 4 3 1 
1: 0 (0)
2: 0 (0)
3: 2 (6)
4: 1 (4)
5: 1 (5)
SUMA WSZYSTKICH: 15

DLA PERMUTACJI: 5 3 1 2 4 6 
1: 0 (0)
2: 1 (2)
3: 0 (0)
4: 3 (12)
5: 0 (0)
SUMA WSZYSTKICH: 14

DLA PERMUTACJI: 5 3 1 2 6 4 
1: 0 (0)
2: 1 (2)
3: 0 (0)
4: 2 (8)
5: 1 (5)
SUMA WSZYSTKICH: 15

DLA PERMUTACJI: 5 3 1 4 2 6 
1: 0 (0)
2: 1 (2)
3: 1 (3)
4: 2 (8)
5: 0 (0)
SUMA WSZYSTKICH: 13

DLA PERMUTACJI: 5 3 1 4 6 2 
1: 0 (0)
2: 1 (2)
3: 1 (3)
4: 1 (4)
5: 1 (5)
SUMA WSZYSTKICH: 14

DLA PERMUTACJI: 5 3 1 6 2 4 
1: 0 (0)
2: 1 (2)
3: 0 (0)
4: 1 (4)
5: 2 (10)
SUMA WSZYSTKICH: 16

DLA PERMUTACJI: 5 3 1 6 4 2 
1: 0 (0)
2: 1 (2)
3: 0 (0)
4: 2 (8)
5: 1 (5)
SUMA WSZYSTKICH: 15

DLA PERMUTACJI: 5 3 2 1 4 6 
1: 0 (0)
2: 1 (2)
3: 1 (3)
4: 2 (8)
5: 0 (0)
SUMA WSZYSTKICH: 13

DLA PERMUTACJI: 5 3 2 1 6 4 
1: 0 (0)
2: 1 (2)
3: 1 (3)
4: 1 (4)
5: 1 (5)
SUMA WSZYSTKICH: 14

DLA PERMUTACJI: 5 3 2 4 1 6 
1: 0 (0)
2: 1 (2)
3: 2 (6)
4: 1 (4)
5: 0 (0)
SUMA WSZYSTKICH: 12

DLA PERMUTACJI: 5 3 2 4 6 1 
1: 0 (0)
2: 1 (2)
3: 2 (6)
4: 0 (0)
5: 1 (5)
SUMA WSZYSTKICH: 13

DLA PERMUTACJI: 5 3 2 6 1 4 
1: 0 (0)
2: 1 (2)
3: 1 (3)
4: 0 (0)
5: 2 (10)
SUMA WSZYSTKICH: 15

DLA PERMUTACJI: 5 3 2 6 4 1 
1: 0 (0)
2: 1 (2)
3: 1 (3)
4: 1 (4)
5: 1 (5)
SUMA WSZYSTKICH: 14

DLA PERMUTACJI: 5 3 4 1 2 6 
1: 0 (0)
2: 2 (4)
3: 0 (0)
4: 2 (8)
5: 0 (0)
SUMA WSZYSTKICH: 12

DLA PERMUTACJI: 5 3 4 1 6 2 
1: 0 (0)
2: 2 (4)
3: 0 (0)
4: 1 (4)
5: 1 (5)
SUMA WSZYSTKICH: 13

DLA PERMUTACJI: 5 3 4 2 1 6 
1: 0 (0)
2: 2 (4)
3: 1 (3)
4: 1 (4)
5: 0 (0)
SUMA WSZYSTKICH: 11

DLA PERMUTACJI: 5 3 4 2 6 1 
1: 0 (0)
2: 2 (4)
3: 1 (3)
4: 0 (0)
5: 1 (5)
SUMA WSZYSTKICH: 12

DLA PERMUTACJI: 5 3 4 6 1 2 
1: 0 (0)
2: 2 (4)
3: 0 (0)
4: 0 (0)
5: 2 (10)
SUMA WSZYSTKICH: 14

DLA PERMUTACJI: 5 3 4 6 2 1 
1: 0 (0)
2: 2 (4)
3: 0 (0)
4: 1 (4)
5: 1 (5)
SUMA WSZYSTKICH: 13

DLA PERMUTACJI: 5 3 6 1 2 4 
1: 0 (0)
2: 1 (2)
3: 0 (0)
4: 0 (0)
5: 3 (15)
SUMA WSZYSTKICH: 17

DLA PERMUTACJI: 5 3 6 1 4 2 
1: 0 (0)
2: 1 (2)
3: 0 (0)
4: 1 (4)
5: 2 (10)
SUMA WSZYSTKICH: 16

DLA PERMUTACJI: 5 3 6 2 1 4 
1: 0 (0)
2: 1 (2)
3: 0 (0)
4: 1 (4)
5: 2 (10)
SUMA WSZYSTKICH: 16

DLA PERMUTACJI: 5 3 6 2 4 1 
1: 0 (0)
2: 1 (2)
3: 0 (0)
4: 2 (8)
5: 1 (5)
SUMA WSZYSTKICH: 15

DLA PERMUTACJI: 5 3 6 4 1 2 
1: 0 (0)
2: 1 (2)
3: 1 (3)
4: 0 (0)
5: 2 (10)
SUMA WSZYSTKICH: 15

DLA PERMUTACJI: 5 3 6 4 2 1 
1: 0 (0)
2: 1 (2)
3: 1 (3)
4: 1 (4)
5: 1 (5)
SUMA WSZYSTKICH: 14

DLA PERMUTACJI: 5 4 1 2 3 6 
1: 1 (1)
2: 0 (0)
3: 0 (0)
4: 3 (12)
5: 0 (0)
SUMA WSZYSTKICH: 13

DLA PERMUTACJI: 5 4 1 2 6 3 
1: 1 (1)
2: 0 (0)
3: 0 (0)
4: 2 (8)
5: 1 (5)
SUMA WSZYSTKICH: 14

DLA PERMUTACJI: 5 4 1 3 2 6 
1: 1 (1)
2: 0 (0)
3: 1 (3)
4: 2 (8)
5: 0 (0)
SUMA WSZYSTKICH: 12

DLA PERMUTACJI: 5 4 1 3 6 2 
1: 1 (1)
2: 0 (0)
3: 1 (3)
4: 1 (4)
5: 1 (5)
SUMA WSZYSTKICH: 13

DLA PERMUTACJI: 5 4 1 6 2 3 
1: 1 (1)
2: 0 (0)
3: 0 (0)
4: 1 (4)
5: 2 (10)
SUMA WSZYSTKICH: 15

DLA PERMUTACJI: 5 4 1 6 3 2 
1: 1 (1)
2: 0 (0)
3: 0 (0)
4: 2 (8)
5: 1 (5)
SUMA WSZYSTKICH: 14

DLA PERMUTACJI: 5 4 2 1 3 6 
1: 1 (1)
2: 0 (0)
3: 1 (3)
4: 2 (8)
5: 0 (0)
SUMA WSZYSTKICH: 12

DLA PERMUTACJI: 5 4 2 1 6 3 
1: 1 (1)
2: 0 (0)
3: 1 (3)
4: 1 (4)
5: 1 (5)
SUMA WSZYSTKICH: 13

DLA PERMUTACJI: 5 4 2 3 1 6 
1: 1 (1)
2: 0 (0)
3: 2 (6)
4: 1 (4)
5: 0 (0)
SUMA WSZYSTKICH: 11

DLA PERMUTACJI: 5 4 2 3 6 1 
1: 1 (1)
2: 0 (0)
3: 2 (6)
4: 0 (0)
5: 1 (5)
SUMA WSZYSTKICH: 12

DLA PERMUTACJI: 5 4 2 6 1 3 
1: 1 (1)
2: 0 (0)
3: 1 (3)
4: 0 (0)
5: 2 (10)
SUMA WSZYSTKICH: 14

DLA PERMUTACJI: 5 4 2 6 3 1 
1: 1 (1)
2: 0 (0)
3: 1 (3)
4: 1 (4)
5: 1 (5)
SUMA WSZYSTKICH: 13

DLA PERMUTACJI: 5 4 3 1 2 6 
1: 1 (1)
2: 1 (2)
3: 0 (0)
4: 2 (8)
5: 0 (0)
SUMA WSZYSTKICH: 11

DLA PERMUTACJI: 5 4 3 1 6 2 
1: 1 (1)
2: 1 (2)
3: 0 (0)
4: 1 (4)
5: 1 (5)
SUMA WSZYSTKICH: 12

DLA PERMUTACJI: 5 4 3 2 1 6 
1: 1 (1)
2: 1 (2)
3: 1 (3)
4: 1 (4)
5: 0 (0)
SUMA WSZYSTKICH: 10

DLA PERMUTACJI: 5 4 3 2 6 1 
1: 1 (1)
2: 1 (2)
3: 1 (3)
4: 0 (0)
5: 1 (5)
SUMA WSZYSTKICH: 11

DLA PERMUTACJI: 5 4 3 6 1 2 
1: 1 (1)
2: 1 (2)
3: 0 (0)
4: 0 (0)
5: 2 (10)
SUMA WSZYSTKICH: 13

DLA PERMUTACJI: 5 4 3 6 2 1 
1: 1 (1)
2: 1 (2)
3: 0 (0)
4: 1 (4)
5: 1 (5)
SUMA WSZYSTKICH: 12

DLA PERMUTACJI: 5 4 6 1 2 3 
1: 1 (1)
2: 0 (0)
3: 0 (0)
4: 0 (0)
5: 3 (15)
SUMA WSZYSTKICH: 16

DLA PERMUTACJI: 5 4 6 1 3 2 
1: 1 (1)
2: 0 (0)
3: 0 (0)
4: 1 (4)
5: 2 (10)
SUMA WSZYSTKICH: 15

DLA PERMUTACJI: 5 4 6 2 1 3 
1: 1 (1)
2: 0 (0)
3: 0 (0)
4: 1 (4)
5: 2 (10)
SUMA WSZYSTKICH: 15

DLA PERMUTACJI: 5 4 6 2 3 1 
1: 1 (1)
2: 0 (0)
3: 0 (0)
4: 2 (8)
5: 1 (5)
SUMA WSZYSTKICH: 14

DLA PERMUTACJI: 5 4 6 3 1 2 
1: 1 (1)
2: 0 (0)
3: 1 (3)
4: 0 (0)
5: 2 (10)
SUMA WSZYSTKICH: 14

DLA PERMUTACJI: 5 4 6 3 2 1 
1: 1 (1)
2: 0 (0)
3: 1 (3)
4: 1 (4)
5: 1 (5)
SUMA WSZYSTKICH: 13

DLA PERMUTACJI: 5 6 1 2 3 4 
1: 0 (0)
2: 0 (0)
3: 0 (0)
4: 0 (0)
5: 4 (20)
SUMA WSZYSTKICH: 20

DLA PERMUTACJI: 5 6 1 2 4 3 
1: 0 (0)
2: 0 (0)
3: 0 (0)
4: 1 (4)
5: 3 (15)
SUMA WSZYSTKICH: 19

DLA PERMUTACJI: 5 6 1 3 2 4 
1: 0 (0)
2: 0 (0)
3: 0 (0)
4: 1 (4)
5: 3 (15)
SUMA WSZYSTKICH: 19

DLA PERMUTACJI: 5 6 1 3 4 2 
1: 0 (0)
2: 0 (0)
3: 0 (0)
4: 2 (8)
5: 2 (10)
SUMA WSZYSTKICH: 18

DLA PERMUTACJI: 5 6 1 4 2 3 
1: 0 (0)
2: 0 (0)
3: 1 (3)
4: 0 (0)
5: 3 (15)
SUMA WSZYSTKICH: 18

DLA PERMUTACJI: 5 6 1 4 3 2 
1: 0 (0)
2: 0 (0)
3: 1 (3)
4: 1 (4)
5: 2 (10)
SUMA WSZYSTKICH: 17

DLA PERMUTACJI: 5 6 2 1 3 4 
1: 0 (0)
2: 0 (0)
3: 0 (0)
4: 1 (4)
5: 3 (15)
SUMA WSZYSTKICH: 19

DLA PERMUTACJI: 5 6 2 1 4 3 
1: 0 (0)
2: 0 (0)
3: 0 (0)
4: 2 (8)
5: 2 (10)
SUMA WSZYSTKICH: 18

DLA PERMUTACJI: 5 6 2 3 1 4 
1: 0 (0)
2: 0 (0)
3: 0 (0)
4: 2 (8)
5: 2 (10)
SUMA WSZYSTKICH: 18

DLA PERMUTACJI: 5 6 2 3 4 1 
1: 0 (0)
2: 0 (0)
3: 0 (0)
4: 3 (12)
5: 1 (5)
SUMA WSZYSTKICH: 17

DLA PERMUTACJI: 5 6 2 4 1 3 
1: 0 (0)
2: 0 (0)
3: 1 (3)
4: 1 (4)
5: 2 (10)
SUMA WSZYSTKICH: 17

DLA PERMUTACJI: 5 6 2 4 3 1 
1: 0 (0)
2: 0 (0)
3: 1 (3)
4: 2 (8)
5: 1 (5)
SUMA WSZYSTKICH: 16

DLA PERMUTACJI: 5 6 3 1 2 4 
1: 0 (0)
2: 0 (0)
3: 1 (3)
4: 0 (0)
5: 3 (15)
SUMA WSZYSTKICH: 18

DLA PERMUTACJI: 5 6 3 1 4 2 
1: 0 (0)
2: 0 (0)
3: 1 (3)
4: 1 (4)
5: 2 (10)
SUMA WSZYSTKICH: 17

DLA PERMUTACJI: 5 6 3 2 1 4 
1: 0 (0)
2: 0 (0)
3: 1 (3)
4: 1 (4)
5: 2 (10)
SUMA WSZYSTKICH: 17

DLA PERMUTACJI: 5 6 3 2 4 1 
1: 0 (0)
2: 0 (0)
3: 1 (3)
4: 2 (8)
5: 1 (5)
SUMA WSZYSTKICH: 16

DLA PERMUTACJI: 5 6 3 4 1 2 
1: 0 (0)
2: 0 (0)
3: 2 (6)
4: 0 (0)
5: 2 (10)
SUMA WSZYSTKICH: 16

DLA PERMUTACJI: 5 6 3 4 2 1 
1: 0 (0)
2: 0 (0)
3: 2 (6)
4: 1 (4)
5: 1 (5)
SUMA WSZYSTKICH: 15

DLA PERMUTACJI: 5 6 4 1 2 3 
1: 0 (0)
2: 1 (2)
3: 0 (0)
4: 0 (0)
5: 3 (15)
SUMA WSZYSTKICH: 17

DLA PERMUTACJI: 5 6 4 1 3 2 
1: 0 (0)
2: 1 (2)
3: 0 (0)
4: 1 (4)
5: 2 (10)
SUMA WSZYSTKICH: 16

DLA PERMUTACJI: 5 6 4 2 1 3 
1: 0 (0)
2: 1 (2)
3: 0 (0)
4: 1 (4)
5: 2 (10)
SUMA WSZYSTKICH: 16

DLA PERMUTACJI: 5 6 4 2 3 1 
1: 0 (0)
2: 1 (2)
3: 0 (0)
4: 2 (8)
5: 1 (5)
SUMA WSZYSTKICH: 15

DLA PERMUTACJI: 5 6 4 3 1 2 
1: 0 (0)
2: 1 (2)
3: 1 (3)
4: 0 (0)
5: 2 (10)
SUMA WSZYSTKICH: 15

DLA PERMUTACJI: 5 6 4 3 2 1 
1: 0 (0)
2: 1 (2)
3: 1 (3)
4: 1 (4)
5: 1 (5)
SUMA WSZYSTKICH: 14

DLA PERMUTACJI: 6 1 2 3 4 5 
1: 0 (0)
2: 0 (0)
3: 0 (0)
4: 0 (0)
5: 5 (25)
SUMA WSZYSTKICH: 25

DLA PERMUTACJI: 6 1 2 3 5 4 
1: 0 (0)
2: 0 (0)
3: 0 (0)
4: 1 (4)
5: 4 (20)
SUMA WSZYSTKICH: 24

DLA PERMUTACJI: 6 1 2 4 3 5 
1: 0 (0)
2: 0 (0)
3: 0 (0)
4: 1 (4)
5: 4 (20)
SUMA WSZYSTKICH: 24

DLA PERMUTACJI: 6 1 2 4 5 3 
1: 0 (0)
2: 0 (0)
3: 0 (0)
4: 2 (8)
5: 3 (15)
SUMA WSZYSTKICH: 23

DLA PERMUTACJI: 6 1 2 5 3 4 
1: 0 (0)
2: 0 (0)
3: 1 (3)
4: 0 (0)
5: 4 (20)
SUMA WSZYSTKICH: 23

DLA PERMUTACJI: 6 1 2 5 4 3 
1: 0 (0)
2: 0 (0)
3: 1 (3)
4: 1 (4)
5: 3 (15)
SUMA WSZYSTKICH: 22

DLA PERMUTACJI: 6 1 3 2 4 5 
1: 0 (0)
2: 0 (0)
3: 0 (0)
4: 1 (4)
5: 4 (20)
SUMA WSZYSTKICH: 24

DLA PERMUTACJI: 6 1 3 2 5 4 
1: 0 (0)
2: 0 (0)
3: 0 (0)
4: 2 (8)
5: 3 (15)
SUMA WSZYSTKICH: 23

DLA PERMUTACJI: 6 1 3 4 2 5 
1: 0 (0)
2: 0 (0)
3: 0 (0)
4: 2 (8)
5: 3 (15)
SUMA WSZYSTKICH: 23

DLA PERMUTACJI: 6 1 3 4 5 2 
1: 0 (0)
2: 0 (0)
3: 0 (0)
4: 3 (12)
5: 2 (10)
SUMA WSZYSTKICH: 22

DLA PERMUTACJI: 6 1 3 5 2 4 
1: 0 (0)
2: 0 (0)
3: 1 (3)
4: 1 (4)
5: 3 (15)
SUMA WSZYSTKICH: 22

DLA PERMUTACJI: 6 1 3 5 4 2 
1: 0 (0)
2: 0 (0)
3: 1 (3)
4: 2 (8)
5: 2 (10)
SUMA WSZYSTKICH: 21

DLA PERMUTACJI: 6 1 4 2 3 5 
1: 0 (0)
2: 0 (0)
3: 1 (3)
4: 0 (0)
5: 4 (20)
SUMA WSZYSTKICH: 23

DLA PERMUTACJI: 6 1 4 2 5 3 
1: 0 (0)
2: 0 (0)
3: 1 (3)
4: 1 (4)
5: 3 (15)
SUMA WSZYSTKICH: 22

DLA PERMUTACJI: 6 1 4 3 2 5 
1: 0 (0)
2: 0 (0)
3: 1 (3)
4: 1 (4)
5: 3 (15)
SUMA WSZYSTKICH: 22

DLA PERMUTACJI: 6 1 4 3 5 2 
1: 0 (0)
2: 0 (0)
3: 1 (3)
4: 2 (8)
5: 2 (10)
SUMA WSZYSTKICH: 21

DLA PERMUTACJI: 6 1 4 5 2 3 
1: 0 (0)
2: 0 (0)
3: 2 (6)
4: 0 (0)
5: 3 (15)
SUMA WSZYSTKICH: 21

DLA PERMUTACJI: 6 1 4 5 3 2 
1: 0 (0)
2: 0 (0)
3: 2 (6)
4: 1 (4)
5: 2 (10)
SUMA WSZYSTKICH: 20

DLA PERMUTACJI: 6 1 5 2 3 4 
1: 0 (0)
2: 1 (2)
3: 0 (0)
4: 0 (0)
5: 4 (20)
SUMA WSZYSTKICH: 22

DLA PERMUTACJI: 6 1 5 2 4 3 
1: 0 (0)
2: 1 (2)
3: 0 (0)
4: 1 (4)
5: 3 (15)
SUMA WSZYSTKICH: 21

DLA PERMUTACJI: 6 1 5 3 2 4 
1: 0 (0)
2: 1 (2)
3: 0 (0)
4: 1 (4)
5: 3 (15)
SUMA WSZYSTKICH: 21

DLA PERMUTACJI: 6 1 5 3 4 2 
1: 0 (0)
2: 1 (2)
3: 0 (0)
4: 2 (8)
5: 2 (10)
SUMA WSZYSTKICH: 20

DLA PERMUTACJI: 6 1 5 4 2 3 
1: 0 (0)
2: 1 (2)
3: 1 (3)
4: 0 (0)
5: 3 (15)
SUMA WSZYSTKICH: 20

DLA PERMUTACJI: 6 1 5 4 3 2 
1: 0 (0)
2: 1 (2)
3: 1 (3)
4: 1 (4)
5: 2 (10)
SUMA WSZYSTKICH: 19

DLA PERMUTACJI: 6 2 1 3 4 5 
1: 0 (0)
2: 0 (0)
3: 0 (0)
4: 1 (4)
5: 4 (20)
SUMA WSZYSTKICH: 24

DLA PERMUTACJI: 6 2 1 3 5 4 
1: 0 (0)
2: 0 (0)
3: 0 (0)
4: 2 (8)
5: 3 (15)
SUMA WSZYSTKICH: 23

DLA PERMUTACJI: 6 2 1 4 3 5 
1: 0 (0)
2: 0 (0)
3: 0 (0)
4: 2 (8)
5: 3 (15)
SUMA WSZYSTKICH: 23

DLA PERMUTACJI: 6 2 1 4 5 3 
1: 0 (0)
2: 0 (0)
3: 0 (0)
4: 3 (12)
5: 2 (10)
SUMA WSZYSTKICH: 22

DLA PERMUTACJI: 6 2 1 5 3 4 
1: 0 (0)
2: 0 (0)
3: 1 (3)
4: 1 (4)
5: 3 (15)
SUMA WSZYSTKICH: 22

DLA PERMUTACJI: 6 2 1 5 4 3 
1: 0 (0)
2: 0 (0)
3: 1 (3)
4: 2 (8)
5: 2 (10)
SUMA WSZYSTKICH: 21

DLA PERMUTACJI: 6 2 3 1 4 5 
1: 0 (0)
2: 0 (0)
3: 0 (0)
4: 2 (8)
5: 3 (15)
SUMA WSZYSTKICH: 23

DLA PERMUTACJI: 6 2 3 1 5 4 
1: 0 (0)
2: 0 (0)
3: 0 (0)
4: 3 (12)
5: 2 (10)
SUMA WSZYSTKICH: 22

DLA PERMUTACJI: 6 2 3 4 1 5 
1: 0 (0)
2: 0 (0)
3: 0 (0)
4: 3 (12)
5: 2 (10)
SUMA WSZYSTKICH: 22

DLA PERMUTACJI: 6 2 3 4 5 1 
1: 0 (0)
2: 0 (0)
3: 0 (0)
4: 4 (16)
5: 1 (5)
SUMA WSZYSTKICH: 21

DLA PERMUTACJI: 6 2 3 5 1 4 
1: 0 (0)
2: 0 (0)
3: 1 (3)
4: 2 (8)
5: 2 (10)
SUMA WSZYSTKICH: 21

DLA PERMUTACJI: 6 2 3 5 4 1 
1: 0 (0)
2: 0 (0)
3: 1 (3)
4: 3 (12)
5: 1 (5)
SUMA WSZYSTKICH: 20

DLA PERMUTACJI: 6 2 4 1 3 5 
1: 0 (0)
2: 0 (0)
3: 1 (3)
4: 1 (4)
5: 3 (15)
SUMA WSZYSTKICH: 22

DLA PERMUTACJI: 6 2 4 1 5 3 
1: 0 (0)
2: 0 (0)
3: 1 (3)
4: 2 (8)
5: 2 (10)
SUMA WSZYSTKICH: 21

DLA PERMUTACJI: 6 2 4 3 1 5 
1: 0 (0)
2: 0 (0)
3: 1 (3)
4: 2 (8)
5: 2 (10)
SUMA WSZYSTKICH: 21

DLA PERMUTACJI: 6 2 4 3 5 1 
1: 0 (0)
2: 0 (0)
3: 1 (3)
4: 3 (12)
5: 1 (5)
SUMA WSZYSTKICH: 20

DLA PERMUTACJI: 6 2 4 5 1 3 
1: 0 (0)
2: 0 (0)
3: 2 (6)
4: 1 (4)
5: 2 (10)
SUMA WSZYSTKICH: 20

DLA PERMUTACJI: 6 2 4 5 3 1 
1: 0 (0)
2: 0 (0)
3: 2 (6)
4: 2 (8)
5: 1 (5)
SUMA WSZYSTKICH: 19

DLA PERMUTACJI: 6 2 5 1 3 4 
1: 0 (0)
2: 1 (2)
3: 0 (0)
4: 1 (4)
5: 3 (15)
SUMA WSZYSTKICH: 21

DLA PERMUTACJI: 6 2 5 1 4 3 
1: 0 (0)
2: 1 (2)
3: 0 (0)
4: 2 (8)
5: 2 (10)
SUMA WSZYSTKICH: 20

DLA PERMUTACJI: 6 2 5 3 1 4 
1: 0 (0)
2: 1 (2)
3: 0 (0)
4: 2 (8)
5: 2 (10)
SUMA WSZYSTKICH: 20

DLA PERMUTACJI: 6 2 5 3 4 1 
1: 0 (0)
2: 1 (2)
3: 0 (0)
4: 3 (12)
5: 1 (5)
SUMA WSZYSTKICH: 19

DLA PERMUTACJI: 6 2 5 4 1 3 
1: 0 (0)
2: 1 (2)
3: 1 (3)
4: 1 (4)
5: 2 (10)
SUMA WSZYSTKICH: 19

DLA PERMUTACJI: 6 2 5 4 3 1 
1: 0 (0)
2: 1 (2)
3: 1 (3)
4: 2 (8)
5: 1 (5)
SUMA WSZYSTKICH: 18

DLA PERMUTACJI: 6 3 1 2 4 5 
1: 0 (0)
2: 0 (0)
3: 1 (3)
4: 0 (0)
5: 4 (20)
SUMA WSZYSTKICH: 23

DLA PERMUTACJI: 6 3 1 2 5 4 
1: 0 (0)
2: 0 (0)
3: 1 (3)
4: 1 (4)
5: 3 (15)
SUMA WSZYSTKICH: 22

DLA PERMUTACJI: 6 3 1 4 2 5 
1: 0 (0)
2: 0 (0)
3: 1 (3)
4: 1 (4)
5: 3 (15)
SUMA WSZYSTKICH: 22

DLA PERMUTACJI: 6 3 1 4 5 2 
1: 0 (0)
2: 0 (0)
3: 1 (3)
4: 2 (8)
5: 2 (10)
SUMA WSZYSTKICH: 21

DLA PERMUTACJI: 6 3 1 5 2 4 
1: 0 (0)
2: 0 (0)
3: 2 (6)
4: 0 (0)
5: 3 (15)
SUMA WSZYSTKICH: 21

DLA PERMUTACJI: 6 3 1 5 4 2 
1: 0 (0)
2: 0 (0)
3: 2 (6)
4: 1 (4)
5: 2 (10)
SUMA WSZYSTKICH: 20

DLA PERMUTACJI: 6 3 2 1 4 5 
1: 0 (0)
2: 0 (0)
3: 1 (3)
4: 1 (4)
5: 3 (15)
SUMA WSZYSTKICH: 22

DLA PERMUTACJI: 6 3 2 1 5 4 
1: 0 (0)
2: 0 (0)
3: 1 (3)
4: 2 (8)
5: 2 (10)
SUMA WSZYSTKICH: 21

DLA PERMUTACJI: 6 3 2 4 1 5 
1: 0 (0)
2: 0 (0)
3: 1 (3)
4: 2 (8)
5: 2 (10)
SUMA WSZYSTKICH: 21

DLA PERMUTACJI: 6 3 2 4 5 1 
1: 0 (0)
2: 0 (0)
3: 1 (3)
4: 3 (12)
5: 1 (5)
SUMA WSZYSTKICH: 20

DLA PERMUTACJI: 6 3 2 5 1 4 
1: 0 (0)
2: 0 (0)
3: 2 (6)
4: 1 (4)
5: 2 (10)
SUMA WSZYSTKICH: 20

DLA PERMUTACJI: 6 3 2 5 4 1 
1: 0 (0)
2: 0 (0)
3: 2 (6)
4: 2 (8)
5: 1 (5)
SUMA WSZYSTKICH: 19

DLA PERMUTACJI: 6 3 4 1 2 5 
1: 0 (0)
2: 0 (0)
3: 2 (6)
4: 0 (0)
5: 3 (15)
SUMA WSZYSTKICH: 21

DLA PERMUTACJI: 6 3 4 1 5 2 
1: 0 (0)
2: 0 (0)
3: 2 (6)
4: 1 (4)
5: 2 (10)
SUMA WSZYSTKICH: 20

DLA PERMUTACJI: 6 3 4 2 1 5 
1: 0 (0)
2: 0 (0)
3: 2 (6)
4: 1 (4)
5: 2 (10)
SUMA WSZYSTKICH: 20

DLA PERMUTACJI: 6 3 4 2 5 1 
1: 0 (0)
2: 0 (0)
3: 2 (6)
4: 2 (8)
5: 1 (5)
SUMA WSZYSTKICH: 19

DLA PERMUTACJI: 6 3 4 5 1 2 
1: 0 (0)
2: 0 (0)
3: 3 (9)
4: 0 (0)
5: 2 (10)
SUMA WSZYSTKICH: 19

DLA PERMUTACJI: 6 3 4 5 2 1 
1: 0 (0)
2: 0 (0)
3: 3 (9)
4: 1 (4)
5: 1 (5)
SUMA WSZYSTKICH: 18

DLA PERMUTACJI: 6 3 5 1 2 4 
1: 0 (0)
2: 1 (2)
3: 1 (3)
4: 0 (0)
5: 3 (15)
SUMA WSZYSTKICH: 20

DLA PERMUTACJI: 6 3 5 1 4 2 
1: 0 (0)
2: 1 (2)
3: 1 (3)
4: 1 (4)
5: 2 (10)
SUMA WSZYSTKICH: 19

DLA PERMUTACJI: 6 3 5 2 1 4 
1: 0 (0)
2: 1 (2)
3: 1 (3)
4: 1 (4)
5: 2 (10)
SUMA WSZYSTKICH: 19

DLA PERMUTACJI: 6 3 5 2 4 1 
1: 0 (0)
2: 1 (2)
3: 1 (3)
4: 2 (8)
5: 1 (5)
SUMA WSZYSTKICH: 18

DLA PERMUTACJI: 6 3 5 4 1 2 
1: 0 (0)
2: 1 (2)
3: 2 (6)
4: 0 (0)
5: 2 (10)
SUMA WSZYSTKICH: 18

DLA PERMUTACJI: 6 3 5 4 2 1 
1: 0 (0)
2: 1 (2)
3: 2 (6)
4: 1 (4)
5: 1 (5)
SUMA WSZYSTKICH: 17

DLA PERMUTACJI: 6 4 1 2 3 5 
1: 0 (0)
2: 1 (2)
3: 0 (0)
4: 0 (0)
5: 4 (20)
SUMA WSZYSTKICH: 22

DLA PERMUTACJI: 6 4 1 2 5 3 
1: 0 (0)
2: 1 (2)
3: 0 (0)
4: 1 (4)
5: 3 (15)
SUMA WSZYSTKICH: 21

DLA PERMUTACJI: 6 4 1 3 2 5 
1: 0 (0)
2: 1 (2)
3: 0 (0)
4: 1 (4)
5: 3 (15)
SUMA WSZYSTKICH: 21

DLA PERMUTACJI: 6 4 1 3 5 2 
1: 0 (0)
2: 1 (2)
3: 0 (0)
4: 2 (8)
5: 2 (10)
SUMA WSZYSTKICH: 20

DLA PERMUTACJI: 6 4 1 5 2 3 
1: 0 (0)
2: 1 (2)
3: 1 (3)
4: 0 (0)
5: 3 (15)
SUMA WSZYSTKICH: 20

DLA PERMUTACJI: 6 4 1 5 3 2 
1: 0 (0)
2: 1 (2)
3: 1 (3)
4: 1 (4)
5: 2 (10)
SUMA WSZYSTKICH: 19

DLA PERMUTACJI: 6 4 2 1 3 5 
1: 0 (0)
2: 1 (2)
3: 0 (0)
4: 1 (4)
5: 3 (15)
SUMA WSZYSTKICH: 21

DLA PERMUTACJI: 6 4 2 1 5 3 
1: 0 (0)
2: 1 (2)
3: 0 (0)
4: 2 (8)
5: 2 (10)
SUMA WSZYSTKICH: 20

DLA PERMUTACJI: 6 4 2 3 1 5 
1: 0 (0)
2: 1 (2)
3: 0 (0)
4: 2 (8)
5: 2 (10)
SUMA WSZYSTKICH: 20

DLA PERMUTACJI: 6 4 2 3 5 1 
1: 0 (0)
2: 1 (2)
3: 0 (0)
4: 3 (12)
5: 1 (5)
SUMA WSZYSTKICH: 19

DLA PERMUTACJI: 6 4 2 5 1 3 
1: 0 (0)
2: 1 (2)
3: 1 (3)
4: 1 (4)
5: 2 (10)
SUMA WSZYSTKICH: 19

DLA PERMUTACJI: 6 4 2 5 3 1 
1: 0 (0)
2: 1 (2)
3: 1 (3)
4: 2 (8)
5: 1 (5)
SUMA WSZYSTKICH: 18

DLA PERMUTACJI: 6 4 3 1 2 5 
1: 0 (0)
2: 1 (2)
3: 1 (3)
4: 0 (0)
5: 3 (15)
SUMA WSZYSTKICH: 20

DLA PERMUTACJI: 6 4 3 1 5 2 
1: 0 (0)
2: 1 (2)
3: 1 (3)
4: 1 (4)
5: 2 (10)
SUMA WSZYSTKICH: 19

DLA PERMUTACJI: 6 4 3 2 1 5 
1: 0 (0)
2: 1 (2)
3: 1 (3)
4: 1 (4)
5: 2 (10)
SUMA WSZYSTKICH: 19

DLA PERMUTACJI: 6 4 3 2 5 1 
1: 0 (0)
2: 1 (2)
3: 1 (3)
4: 2 (8)
5: 1 (5)
SUMA WSZYSTKICH: 18

DLA PERMUTACJI: 6 4 3 5 1 2 
1: 0 (0)
2: 1 (2)
3: 2 (6)
4: 0 (0)
5: 2 (10)
SUMA WSZYSTKICH: 18

DLA PERMUTACJI: 6 4 3 5 2 1 
1: 0 (0)
2: 1 (2)
3: 2 (6)
4: 1 (4)
5: 1 (5)
SUMA WSZYSTKICH: 17

DLA PERMUTACJI: 6 4 5 1 2 3 
1: 0 (0)
2: 2 (4)
3: 0 (0)
4: 0 (0)
5: 3 (15)
SUMA WSZYSTKICH: 19

DLA PERMUTACJI: 6 4 5 1 3 2 
1: 0 (0)
2: 2 (4)
3: 0 (0)
4: 1 (4)
5: 2 (10)
SUMA WSZYSTKICH: 18

DLA PERMUTACJI: 6 4 5 2 1 3 
1: 0 (0)
2: 2 (4)
3: 0 (0)
4: 1 (4)
5: 2 (10)
SUMA WSZYSTKICH: 18

DLA PERMUTACJI: 6 4 5 2 3 1 
1: 0 (0)
2: 2 (4)
3: 0 (0)
4: 2 (8)
5: 1 (5)
SUMA WSZYSTKICH: 17

DLA PERMUTACJI: 6 4 5 3 1 2 
1: 0 (0)
2: 2 (4)
3: 1 (3)
4: 0 (0)
5: 2 (10)
SUMA WSZYSTKICH: 17

DLA PERMUTACJI: 6 4 5 3 2 1 
1: 0 (0)
2: 2 (4)
3: 1 (3)
4: 1 (4)
5: 1 (5)
SUMA WSZYSTKICH: 16

DLA PERMUTACJI: 6 5 1 2 3 4 
1: 1 (1)
2: 0 (0)
3: 0 (0)
4: 0 (0)
5: 4 (20)
SUMA WSZYSTKICH: 21

DLA PERMUTACJI: 6 5 1 2 4 3 
1: 1 (1)
2: 0 (0)
3: 0 (0)
4: 1 (4)
5: 3 (15)
SUMA WSZYSTKICH: 20

DLA PERMUTACJI: 6 5 1 3 2 4 
1: 1 (1)
2: 0 (0)
3: 0 (0)
4: 1 (4)
5: 3 (15)
SUMA WSZYSTKICH: 20

DLA PERMUTACJI: 6 5 1 3 4 2 
1: 1 (1)
2: 0 (0)
3: 0 (0)
4: 2 (8)
5: 2 (10)
SUMA WSZYSTKICH: 19

DLA PERMUTACJI: 6 5 1 4 2 3 
1: 1 (1)
2: 0 (0)
3: 1 (3)
4: 0 (0)
5: 3 (15)
SUMA WSZYSTKICH: 19

DLA PERMUTACJI: 6 5 1 4 3 2 
1: 1 (1)
2: 0 (0)
3: 1 (3)
4: 1 (4)
5: 2 (10)
SUMA WSZYSTKICH: 18

DLA PERMUTACJI: 6 5 2 1 3 4 
1: 1 (1)
2: 0 (0)
3: 0 (0)
4: 1 (4)
5: 3 (15)
SUMA WSZYSTKICH: 20

DLA PERMUTACJI: 6 5 2 1 4 3 
1: 1 (1)
2: 0 (0)
3: 0 (0)
4: 2 (8)
5: 2 (10)
SUMA WSZYSTKICH: 19

DLA PERMUTACJI: 6 5 2 3 1 4 
1: 1 (1)
2: 0 (0)
3: 0 (0)
4: 2 (8)
5: 2 (10)
SUMA WSZYSTKICH: 19

DLA PERMUTACJI: 6 5 2 3 4 1 
1: 1 (1)
2: 0 (0)
3: 0 (0)
4: 3 (12)
5: 1 (5)
SUMA WSZYSTKICH: 18

DLA PERMUTACJI: 6 5 2 4 1 3 
1: 1 (1)
2: 0 (0)
3: 1 (3)
4: 1 (4)
5: 2 (10)
SUMA WSZYSTKICH: 18

DLA PERMUTACJI: 6 5 2 4 3 1 
1: 1 (1)
2: 0 (0)
3: 1 (3)
4: 2 (8)
5: 1 (5)
SUMA WSZYSTKICH: 17

DLA PERMUTACJI: 6 5 3 1 2 4 
1: 1 (1)
2: 0 (0)
3: 1 (3)
4: 0 (0)
5: 3 (15)
SUMA WSZYSTKICH: 19

DLA PERMUTACJI: 6 5 3 1 4 2 
1: 1 (1)
2: 0 (0)
3: 1 (3)
4: 1 (4)
5: 2 (10)
SUMA WSZYSTKICH: 18

DLA PERMUTACJI: 6 5 3 2 1 4 
1: 1 (1)
2: 0 (0)
3: 1 (3)
4: 1 (4)
5: 2 (10)
SUMA WSZYSTKICH: 18

DLA PERMUTACJI: 6 5 3 2 4 1 
1: 1 (1)
2: 0 (0)
3: 1 (3)
4: 2 (8)
5: 1 (5)
SUMA WSZYSTKICH: 17

DLA PERMUTACJI: 6 5 3 4 1 2 
1: 1 (1)
2: 0 (0)
3: 2 (6)
4: 0 (0)
5: 2 (10)
SUMA WSZYSTKICH: 17

DLA PERMUTACJI: 6 5 3 4 2 1 
1: 1 (1)
2: 0 (0)
3: 2 (6)
4: 1 (4)
5: 1 (5)
SUMA WSZYSTKICH: 16

DLA PERMUTACJI: 6 5 4 1 2 3 
1: 1 (1)
2: 1 (2)
3: 0 (0)
4: 0 (0)
5: 3 (15)
SUMA WSZYSTKICH: 18

DLA PERMUTACJI: 6 5 4 1 3 2 
1: 1 (1)
2: 1 (2)
3: 0 (0)
4: 1 (4)
5: 2 (10)
SUMA WSZYSTKICH: 17

DLA PERMUTACJI: 6 5 4 2 1 3 
1: 1 (1)
2: 1 (2)
3: 0 (0)
4: 1 (4)
5: 2 (10)
SUMA WSZYSTKICH: 17

DLA PERMUTACJI: 6 5 4 2 3 1 
1: 1 (1)
2: 1 (2)
3: 0 (0)
4: 2 (8)
5: 1 (5)
SUMA WSZYSTKICH: 16

DLA PERMUTACJI: 6 5 4 3 1 2 
1: 1 (1)
2: 1 (2)
3: 1 (3)
4: 0 (0)
5: 2 (10)
SUMA WSZYSTKICH: 16

DLA PERMUTACJI: 6 5 4 3 2 1 
1: 1 (1)
2: 1 (2)
3: 1 (3)
4: 1 (4)
5: 1 (5)
SUMA WSZYSTKICH: 15

17220
--- LICZBA OGOLEM KOSZTW PRZENIESIENIA ---
1: 144 (144)
2: 324 (648)
3: 564 (1692)
4: 924 (3696)
5: 2208 (11040)
